[1.877s] Invoking command in '/home/vietdh/ros2_final/examples/rclpy/services/minimal_client': PYTHONPATH=/home/vietdh/ros2_final/install/examples_rclpy_minimal_client/lib/python3.8/site-packages:${PYTHONPATH} /usr/bin/python3 setup.py egg_info --egg-base ../../../../build/examples_rclpy_minimal_client build --build-base /home/vietdh/ros2_final/build/examples_rclpy_minimal_client/build install --prefix /home/vietdh/ros2_final/install/examples_rclpy_minimal_client --record /home/vietdh/ros2_final/build/examples_rclpy_minimal_client/install.log --single-version-externally-managed
[2.114s] running egg_info
[2.115s] writing ../../../../build/examples_rclpy_minimal_client/examples_rclpy_minimal_client.egg-info/PKG-INFO
[2.115s] writing dependency_links to ../../../../build/examples_rclpy_minimal_client/examples_rclpy_minimal_client.egg-info/dependency_links.txt
[2.115s] writing entry points to ../../../../build/examples_rclpy_minimal_client/examples_rclpy_minimal_client.egg-info/entry_points.txt
[2.115s] writing requirements to ../../../../build/examples_rclpy_minimal_client/examples_rclpy_minimal_client.egg-info/requires.txt
[2.115s] writing top-level names to ../../../../build/examples_rclpy_minimal_client/examples_rclpy_minimal_client.egg-info/top_level.txt
[2.141s] reading manifest file '../../../../build/examples_rclpy_minimal_client/examples_rclpy_minimal_client.egg-info/SOURCES.txt'
[2.142s] writing manifest file '../../../../build/examples_rclpy_minimal_client/examples_rclpy_minimal_client.egg-info/SOURCES.txt'
[2.142s] running build
[2.142s] running build_py
[2.142s] running install
[2.143s] running install_lib
[2.144s] running install_data
[2.144s] running install_egg_info
[2.145s] removing '/home/vietdh/ros2_final/install/examples_rclpy_minimal_client/lib/python3.8/site-packages/examples_rclpy_minimal_client-0.9.4-py3.8.egg-info' (and everything under it)
[2.146s] Copying ../../../../build/examples_rclpy_minimal_client/examples_rclpy_minimal_client.egg-info to /home/vietdh/ros2_final/install/examples_rclpy_minimal_client/lib/python3.8/site-packages/examples_rclpy_minimal_client-0.9.4-py3.8.egg-info
[2.146s] running install_scripts
[2.159s] Installing client script to /home/vietdh/ros2_final/install/examples_rclpy_minimal_client/lib/examples_rclpy_minimal_client
[2.159s] Installing client_async script to /home/vietdh/ros2_final/install/examples_rclpy_minimal_client/lib/examples_rclpy_minimal_client
[2.159s] Installing client_async_callback script to /home/vietdh/ros2_final/install/examples_rclpy_minimal_client/lib/examples_rclpy_minimal_client
[2.159s] Installing client_async_member_function script to /home/vietdh/ros2_final/install/examples_rclpy_minimal_client/lib/examples_rclpy_minimal_client
[2.160s] writing list of installed files to '/home/vietdh/ros2_final/build/examples_rclpy_minimal_client/install.log'
[2.186s] Invoked command in '/home/vietdh/ros2_final/examples/rclpy/services/minimal_client' returned '0': PYTHONPATH=/home/vietdh/ros2_final/install/examples_rclpy_minimal_client/lib/python3.8/site-packages:${PYTHONPATH} /usr/bin/python3 setup.py egg_info --egg-base ../../../../build/examples_rclpy_minimal_client build --build-base /home/vietdh/ros2_final/build/examples_rclpy_minimal_client/build install --prefix /home/vietdh/ros2_final/install/examples_rclpy_minimal_client --record /home/vietdh/ros2_final/build/examples_rclpy_minimal_client/install.log --single-version-externally-managed
