[2.622s] Invoking command in '/home/vietdh/ros2_final/examples/rclpy/topics/minimal_publisher': PYTHONPATH=/home/vietdh/ros2_final/install/examples_rclpy_minimal_publisher/lib/python3.8/site-packages:${PYTHONPATH} /usr/bin/python3 setup.py egg_info --egg-base ../../../../build/examples_rclpy_minimal_publisher build --build-base /home/vietdh/ros2_final/build/examples_rclpy_minimal_publisher/build install --prefix /home/vietdh/ros2_final/install/examples_rclpy_minimal_publisher --record /home/vietdh/ros2_final/build/examples_rclpy_minimal_publisher/install.log --single-version-externally-managed
[3.053s] running egg_info
[3.054s] writing ../../../../build/examples_rclpy_minimal_publisher/examples_rclpy_minimal_publisher.egg-info/PKG-INFO
[3.055s] writing dependency_links to ../../../../build/examples_rclpy_minimal_publisher/examples_rclpy_minimal_publisher.egg-info/dependency_links.txt
[3.055s] writing entry points to ../../../../build/examples_rclpy_minimal_publisher/examples_rclpy_minimal_publisher.egg-info/entry_points.txt
[3.055s] writing requirements to ../../../../build/examples_rclpy_minimal_publisher/examples_rclpy_minimal_publisher.egg-info/requires.txt
[3.055s] writing top-level names to ../../../../build/examples_rclpy_minimal_publisher/examples_rclpy_minimal_publisher.egg-info/top_level.txt
[3.103s] reading manifest file '../../../../build/examples_rclpy_minimal_publisher/examples_rclpy_minimal_publisher.egg-info/SOURCES.txt'
[3.104s] writing manifest file '../../../../build/examples_rclpy_minimal_publisher/examples_rclpy_minimal_publisher.egg-info/SOURCES.txt'
[3.104s] running build
[3.104s] running build_py
[3.104s] running install
[3.105s] running install_lib
[3.107s] running install_data
[3.107s] running install_egg_info
[3.109s] removing '/home/vietdh/ros2_final/install/examples_rclpy_minimal_publisher/lib/python3.8/site-packages/examples_rclpy_minimal_publisher-0.9.4-py3.8.egg-info' (and everything under it)
[3.109s] Copying ../../../../build/examples_rclpy_minimal_publisher/examples_rclpy_minimal_publisher.egg-info to /home/vietdh/ros2_final/install/examples_rclpy_minimal_publisher/lib/python3.8/site-packages/examples_rclpy_minimal_publisher-0.9.4-py3.8.egg-info
[3.110s] running install_scripts
[3.129s] Installing publisher_local_function script to /home/vietdh/ros2_final/install/examples_rclpy_minimal_publisher/lib/examples_rclpy_minimal_publisher
[3.129s] Installing publisher_member_function script to /home/vietdh/ros2_final/install/examples_rclpy_minimal_publisher/lib/examples_rclpy_minimal_publisher
[3.129s] Installing publisher_old_school script to /home/vietdh/ros2_final/install/examples_rclpy_minimal_publisher/lib/examples_rclpy_minimal_publisher
[3.129s] writing list of installed files to '/home/vietdh/ros2_final/build/examples_rclpy_minimal_publisher/install.log'
[3.150s] Invoked command in '/home/vietdh/ros2_final/examples/rclpy/topics/minimal_publisher' returned '0': PYTHONPATH=/home/vietdh/ros2_final/install/examples_rclpy_minimal_publisher/lib/python3.8/site-packages:${PYTHONPATH} /usr/bin/python3 setup.py egg_info --egg-base ../../../../build/examples_rclpy_minimal_publisher build --build-base /home/vietdh/ros2_final/build/examples_rclpy_minimal_publisher/build install --prefix /home/vietdh/ros2_final/install/examples_rclpy_minimal_publisher --record /home/vietdh/ros2_final/build/examples_rclpy_minimal_publisher/install.log --single-version-externally-managed
