[2.298s] Invoking command in '/home/vietdh/ros2_final/examples/rclpy/actions/minimal_action_client': PYTHONPATH=/home/vietdh/ros2_final/install/examples_rclpy_minimal_action_client/lib/python3.8/site-packages:${PYTHONPATH} /usr/bin/python3 setup.py egg_info --egg-base ../../../../build/examples_rclpy_minimal_action_client build --build-base /home/vietdh/ros2_final/build/examples_rclpy_minimal_action_client/build install --prefix /home/vietdh/ros2_final/install/examples_rclpy_minimal_action_client --record /home/vietdh/ros2_final/build/examples_rclpy_minimal_action_client/install.log --single-version-externally-managed
[2.706s] running egg_info
[2.706s] writing ../../../../build/examples_rclpy_minimal_action_client/examples_rclpy_minimal_action_client.egg-info/PKG-INFO
[2.706s] writing dependency_links to ../../../../build/examples_rclpy_minimal_action_client/examples_rclpy_minimal_action_client.egg-info/dependency_links.txt
[2.707s] writing entry points to ../../../../build/examples_rclpy_minimal_action_client/examples_rclpy_minimal_action_client.egg-info/entry_points.txt
[2.707s] writing requirements to ../../../../build/examples_rclpy_minimal_action_client/examples_rclpy_minimal_action_client.egg-info/requires.txt
[2.707s] writing top-level names to ../../../../build/examples_rclpy_minimal_action_client/examples_rclpy_minimal_action_client.egg-info/top_level.txt
[2.760s] reading manifest file '../../../../build/examples_rclpy_minimal_action_client/examples_rclpy_minimal_action_client.egg-info/SOURCES.txt'
[2.762s] writing manifest file '../../../../build/examples_rclpy_minimal_action_client/examples_rclpy_minimal_action_client.egg-info/SOURCES.txt'
[2.762s] running build
[2.762s] running build_py
[2.763s] running install
[2.764s] running install_lib
[2.766s] running install_data
[2.767s] running install_egg_info
[2.770s] removing '/home/vietdh/ros2_final/install/examples_rclpy_minimal_action_client/lib/python3.8/site-packages/examples_rclpy_minimal_action_client-0.9.4-py3.8.egg-info' (and everything under it)
[2.770s] Copying ../../../../build/examples_rclpy_minimal_action_client/examples_rclpy_minimal_action_client.egg-info to /home/vietdh/ros2_final/install/examples_rclpy_minimal_action_client/lib/python3.8/site-packages/examples_rclpy_minimal_action_client-0.9.4-py3.8.egg-info
[2.772s] running install_scripts
[2.802s] Installing client script to /home/vietdh/ros2_final/install/examples_rclpy_minimal_action_client/lib/examples_rclpy_minimal_action_client
[2.802s] Installing client_cancel script to /home/vietdh/ros2_final/install/examples_rclpy_minimal_action_client/lib/examples_rclpy_minimal_action_client
[2.802s] Installing client_not_composable script to /home/vietdh/ros2_final/install/examples_rclpy_minimal_action_client/lib/examples_rclpy_minimal_action_client
[2.803s] writing list of installed files to '/home/vietdh/ros2_final/build/examples_rclpy_minimal_action_client/install.log'
[2.840s] Invoked command in '/home/vietdh/ros2_final/examples/rclpy/actions/minimal_action_client' returned '0': PYTHONPATH=/home/vietdh/ros2_final/install/examples_rclpy_minimal_action_client/lib/python3.8/site-packages:${PYTHONPATH} /usr/bin/python3 setup.py egg_info --egg-base ../../../../build/examples_rclpy_minimal_action_client build --build-base /home/vietdh/ros2_final/build/examples_rclpy_minimal_action_client/build install --prefix /home/vietdh/ros2_final/install/examples_rclpy_minimal_action_client --record /home/vietdh/ros2_final/build/examples_rclpy_minimal_action_client/install.log --single-version-externally-managed
