[0.072s] Invoking command in '/home/vietdh/ros2_final/build/examples_rclcpp_minimal_composition': CMAKE_PREFIX_PATH=${CMAKE_PREFIX_PATH}:/home/vietdh/ros2_final/install/examples_rclpy_minimal_subscriber:/home/vietdh/ros2_final/install/examples_rclpy_minimal_service:/home/vietdh/ros2_final/install/examples_rclpy_minimal_publisher:/home/vietdh/ros2_final/install/examples_rclpy_minimal_client:/home/vietdh/ros2_final/install/examples_rclpy_minimal_action_server:/home/vietdh/ros2_final/install/examples_rclpy_minimal_action_client:/home/vietdh/ros2_final/install/examples_rclpy_executors:/opt/ros/foxy /usr/bin/cmake --build /home/vietdh/ros2_final/build/examples_rclcpp_minimal_composition -- -j12 -l12
[0.406s] [ 33%] Built target composition_nodes
[0.406s] [ 55%] Built target composition_composed
[0.406s] [ 77%] Built target composition_publisher
[0.407s] [100%] Built target composition_subscriber
[0.414s] Invoked command in '/home/vietdh/ros2_final/build/examples_rclcpp_minimal_composition' returned '0': CMAKE_PREFIX_PATH=${CMAKE_PREFIX_PATH}:/home/vietdh/ros2_final/install/examples_rclpy_minimal_subscriber:/home/vietdh/ros2_final/install/examples_rclpy_minimal_service:/home/vietdh/ros2_final/install/examples_rclpy_minimal_publisher:/home/vietdh/ros2_final/install/examples_rclpy_minimal_client:/home/vietdh/ros2_final/install/examples_rclpy_minimal_action_server:/home/vietdh/ros2_final/install/examples_rclpy_minimal_action_client:/home/vietdh/ros2_final/install/examples_rclpy_executors:/opt/ros/foxy /usr/bin/cmake --build /home/vietdh/ros2_final/build/examples_rclcpp_minimal_composition -- -j12 -l12
[0.512s] Invoking command in '/home/vietdh/ros2_final/build/examples_rclcpp_minimal_composition': CMAKE_PREFIX_PATH=${CMAKE_PREFIX_PATH}:/home/vietdh/ros2_final/install/examples_rclpy_minimal_subscriber:/home/vietdh/ros2_final/install/examples_rclpy_minimal_service:/home/vietdh/ros2_final/install/examples_rclpy_minimal_publisher:/home/vietdh/ros2_final/install/examples_rclpy_minimal_client:/home/vietdh/ros2_final/install/examples_rclpy_minimal_action_server:/home/vietdh/ros2_final/install/examples_rclpy_minimal_action_client:/home/vietdh/ros2_final/install/examples_rclpy_executors:/opt/ros/foxy /usr/bin/cmake --install /home/vietdh/ros2_final/build/examples_rclcpp_minimal_composition
[0.554s] -- Install configuration: ""
[0.554s] -- Up-to-date: /home/vietdh/ros2_final/install/examples_rclcpp_minimal_composition/share/examples_rclcpp_minimal_composition/environment/library_path.sh
[0.554s] -- Up-to-date: /home/vietdh/ros2_final/install/examples_rclcpp_minimal_composition/share/examples_rclcpp_minimal_composition/environment/library_path.dsv
[0.554s] -- Up-to-date: /home/vietdh/ros2_final/install/examples_rclcpp_minimal_composition/lib/libcomposition_nodes.so
[0.554s] -- Up-to-date: /home/vietdh/ros2_final/install/examples_rclcpp_minimal_composition/lib/examples_rclcpp_minimal_composition/composition_publisher
[0.555s] -- Up-to-date: /home/vietdh/ros2_final/install/examples_rclcpp_minimal_composition/lib/examples_rclcpp_minimal_composition/composition_subscriber
[0.555s] -- Up-to-date: /home/vietdh/ros2_final/install/examples_rclcpp_minimal_composition/lib/examples_rclcpp_minimal_composition/composition_composed
[0.555s] -- Up-to-date: /home/vietdh/ros2_final/install/examples_rclcpp_minimal_composition/share/ament_index/resource_index/package_run_dependencies/examples_rclcpp_minimal_composition
[0.555s] -- Up-to-date: /home/vietdh/ros2_final/install/examples_rclcpp_minimal_composition/share/ament_index/resource_index/parent_prefix_path/examples_rclcpp_minimal_composition
[0.555s] -- Up-to-date: /home/vietdh/ros2_final/install/examples_rclcpp_minimal_composition/share/examples_rclcpp_minimal_composition/environment/ament_prefix_path.sh
[0.555s] -- Up-to-date: /home/vietdh/ros2_final/install/examples_rclcpp_minimal_composition/share/examples_rclcpp_minimal_composition/environment/ament_prefix_path.dsv
[0.555s] -- Up-to-date: /home/vietdh/ros2_final/install/examples_rclcpp_minimal_composition/share/examples_rclcpp_minimal_composition/environment/path.sh
[0.555s] -- Up-to-date: /home/vietdh/ros2_final/install/examples_rclcpp_minimal_composition/share/examples_rclcpp_minimal_composition/environment/path.dsv
[0.555s] -- Up-to-date: /home/vietdh/ros2_final/install/examples_rclcpp_minimal_composition/share/examples_rclcpp_minimal_composition/local_setup.bash
[0.555s] -- Up-to-date: /home/vietdh/ros2_final/install/examples_rclcpp_minimal_composition/share/examples_rclcpp_minimal_composition/local_setup.sh
[0.556s] -- Up-to-date: /home/vietdh/ros2_final/install/examples_rclcpp_minimal_composition/share/examples_rclcpp_minimal_composition/local_setup.zsh
[0.556s] -- Up-to-date: /home/vietdh/ros2_final/install/examples_rclcpp_minimal_composition/share/examples_rclcpp_minimal_composition/local_setup.dsv
[0.556s] -- Installing: /home/vietdh/ros2_final/install/examples_rclcpp_minimal_composition/share/examples_rclcpp_minimal_composition/package.dsv
[0.556s] -- Up-to-date: /home/vietdh/ros2_final/install/examples_rclcpp_minimal_composition/share/ament_index/resource_index/packages/examples_rclcpp_minimal_composition
[0.556s] -- Up-to-date: /home/vietdh/ros2_final/install/examples_rclcpp_minimal_composition/share/examples_rclcpp_minimal_composition/cmake/examples_rclcpp_minimal_compositionConfig.cmake
[0.556s] -- Up-to-date: /home/vietdh/ros2_final/install/examples_rclcpp_minimal_composition/share/examples_rclcpp_minimal_composition/cmake/examples_rclcpp_minimal_compositionConfig-version.cmake
[0.556s] -- Up-to-date: /home/vietdh/ros2_final/install/examples_rclcpp_minimal_composition/share/examples_rclcpp_minimal_composition/package.xml
[0.644s] Invoked command in '/home/vietdh/ros2_final/build/examples_rclcpp_minimal_composition' returned '0': CMAKE_PREFIX_PATH=${CMAKE_PREFIX_PATH}:/home/vietdh/ros2_final/install/examples_rclpy_minimal_subscriber:/home/vietdh/ros2_final/install/examples_rclpy_minimal_service:/home/vietdh/ros2_final/install/examples_rclpy_minimal_publisher:/home/vietdh/ros2_final/install/examples_rclpy_minimal_client:/home/vietdh/ros2_final/install/examples_rclpy_minimal_action_server:/home/vietdh/ros2_final/install/examples_rclpy_minimal_action_client:/home/vietdh/ros2_final/install/examples_rclpy_executors:/opt/ros/foxy /usr/bin/cmake --install /home/vietdh/ros2_final/build/examples_rclcpp_minimal_composition
