[1.538s] Invoking command in '/home/vietdh/servo_node/examples/rclpy/services/minimal_service': PYTHONPATH=/home/vietdh/servo_node/install/examples_rclpy_minimal_service/lib/python3.8/site-packages:${PYTHONPATH} /usr/bin/python3 setup.py egg_info --egg-base ../../../../build/examples_rclpy_minimal_service build --build-base /home/vietdh/servo_node/build/examples_rclpy_minimal_service/build install --prefix /home/vietdh/servo_node/install/examples_rclpy_minimal_service --record /home/vietdh/servo_node/build/examples_rclpy_minimal_service/install.log --single-version-externally-managed
[1.723s] running egg_info
[1.723s] writing ../../../../build/examples_rclpy_minimal_service/examples_rclpy_minimal_service.egg-info/PKG-INFO
[1.723s] writing dependency_links to ../../../../build/examples_rclpy_minimal_service/examples_rclpy_minimal_service.egg-info/dependency_links.txt
[1.723s] writing entry points to ../../../../build/examples_rclpy_minimal_service/examples_rclpy_minimal_service.egg-info/entry_points.txt
[1.723s] writing requirements to ../../../../build/examples_rclpy_minimal_service/examples_rclpy_minimal_service.egg-info/requires.txt
[1.724s] writing top-level names to ../../../../build/examples_rclpy_minimal_service/examples_rclpy_minimal_service.egg-info/top_level.txt
[1.752s] reading manifest file '../../../../build/examples_rclpy_minimal_service/examples_rclpy_minimal_service.egg-info/SOURCES.txt'
[1.753s] writing manifest file '../../../../build/examples_rclpy_minimal_service/examples_rclpy_minimal_service.egg-info/SOURCES.txt'
[1.753s] running build
[1.753s] running build_py
[1.753s] running install
[1.754s] running install_lib
[1.755s] running install_data
[1.755s] running install_egg_info
[1.756s] removing '/home/vietdh/servo_node/install/examples_rclpy_minimal_service/lib/python3.8/site-packages/examples_rclpy_minimal_service-0.9.4-py3.8.egg-info' (and everything under it)
[1.757s] Copying ../../../../build/examples_rclpy_minimal_service/examples_rclpy_minimal_service.egg-info to /home/vietdh/servo_node/install/examples_rclpy_minimal_service/lib/python3.8/site-packages/examples_rclpy_minimal_service-0.9.4-py3.8.egg-info
[1.757s] running install_scripts
[1.772s] Installing service script to /home/vietdh/servo_node/install/examples_rclpy_minimal_service/lib/examples_rclpy_minimal_service
[1.772s] Installing service_member_function script to /home/vietdh/servo_node/install/examples_rclpy_minimal_service/lib/examples_rclpy_minimal_service
[1.772s] writing list of installed files to '/home/vietdh/servo_node/build/examples_rclpy_minimal_service/install.log'
[1.792s] Invoked command in '/home/vietdh/servo_node/examples/rclpy/services/minimal_service' returned '0': PYTHONPATH=/home/vietdh/servo_node/install/examples_rclpy_minimal_service/lib/python3.8/site-packages:${PYTHONPATH} /usr/bin/python3 setup.py egg_info --egg-base ../../../../build/examples_rclpy_minimal_service build --build-base /home/vietdh/servo_node/build/examples_rclpy_minimal_service/build install --prefix /home/vietdh/servo_node/install/examples_rclpy_minimal_service --record /home/vietdh/servo_node/build/examples_rclpy_minimal_service/install.log --single-version-externally-managed
