[0.098s] Invoking command in '/home/vietdh/ros2_final/build/examples_rclcpp_minimal_service': CMAKE_PREFIX_PATH=${CMAKE_PREFIX_PATH}:/home/vietdh/ros2_final/install/examples_rclpy_minimal_subscriber:/home/vietdh/ros2_final/install/examples_rclpy_minimal_service:/home/vietdh/ros2_final/install/examples_rclpy_minimal_publisher:/home/vietdh/ros2_final/install/examples_rclpy_minimal_client:/home/vietdh/ros2_final/install/examples_rclpy_minimal_action_server:/home/vietdh/ros2_final/install/examples_rclpy_minimal_action_client:/home/vietdh/ros2_final/install/examples_rclpy_executors:/opt/ros/foxy /usr/bin/cmake --build /home/vietdh/ros2_final/build/examples_rclcpp_minimal_service -- -j12 -l12
[0.533s] [100%] Built target service_main
[0.568s] Invoked command in '/home/vietdh/ros2_final/build/examples_rclcpp_minimal_service' returned '0': CMAKE_PREFIX_PATH=${CMAKE_PREFIX_PATH}:/home/vietdh/ros2_final/install/examples_rclpy_minimal_subscriber:/home/vietdh/ros2_final/install/examples_rclpy_minimal_service:/home/vietdh/ros2_final/install/examples_rclpy_minimal_publisher:/home/vietdh/ros2_final/install/examples_rclpy_minimal_client:/home/vietdh/ros2_final/install/examples_rclpy_minimal_action_server:/home/vietdh/ros2_final/install/examples_rclpy_minimal_action_client:/home/vietdh/ros2_final/install/examples_rclpy_executors:/opt/ros/foxy /usr/bin/cmake --build /home/vietdh/ros2_final/build/examples_rclcpp_minimal_service -- -j12 -l12
[0.714s] Invoking command in '/home/vietdh/ros2_final/build/examples_rclcpp_minimal_service': CMAKE_PREFIX_PATH=${CMAKE_PREFIX_PATH}:/home/vietdh/ros2_final/install/examples_rclpy_minimal_subscriber:/home/vietdh/ros2_final/install/examples_rclpy_minimal_service:/home/vietdh/ros2_final/install/examples_rclpy_minimal_publisher:/home/vietdh/ros2_final/install/examples_rclpy_minimal_client:/home/vietdh/ros2_final/install/examples_rclpy_minimal_action_server:/home/vietdh/ros2_final/install/examples_rclpy_minimal_action_client:/home/vietdh/ros2_final/install/examples_rclpy_executors:/opt/ros/foxy /usr/bin/cmake --install /home/vietdh/ros2_final/build/examples_rclcpp_minimal_service
[0.733s] -- Install configuration: ""
[0.734s] -- Up-to-date: /home/vietdh/ros2_final/install/examples_rclcpp_minimal_service/lib/examples_rclcpp_minimal_service/service_main
[0.734s] -- Up-to-date: /home/vietdh/ros2_final/install/examples_rclcpp_minimal_service/share/ament_index/resource_index/package_run_dependencies/examples_rclcpp_minimal_service
[0.736s] -- Up-to-date: /home/vietdh/ros2_final/install/examples_rclcpp_minimal_service/share/ament_index/resource_index/parent_prefix_path/examples_rclcpp_minimal_service
[0.737s] -- Up-to-date: /home/vietdh/ros2_final/install/examples_rclcpp_minimal_service/share/examples_rclcpp_minimal_service/environment/ament_prefix_path.sh
[0.741s] -- Up-to-date: /home/vietdh/ros2_final/install/examples_rclcpp_minimal_service/share/examples_rclcpp_minimal_service/environment/ament_prefix_path.dsv
[0.741s] -- Up-to-date: /home/vietdh/ros2_final/install/examples_rclcpp_minimal_service/share/examples_rclcpp_minimal_service/environment/path.sh
[0.741s] -- Up-to-date: /home/vietdh/ros2_final/install/examples_rclcpp_minimal_service/share/examples_rclcpp_minimal_service/environment/path.dsv
[0.741s] -- Up-to-date: /home/vietdh/ros2_final/install/examples_rclcpp_minimal_service/share/examples_rclcpp_minimal_service/local_setup.bash
[0.742s] -- Up-to-date: /home/vietdh/ros2_final/install/examples_rclcpp_minimal_service/share/examples_rclcpp_minimal_service/local_setup.sh
[0.742s] -- Up-to-date: /home/vietdh/ros2_final/install/examples_rclcpp_minimal_service/share/examples_rclcpp_minimal_service/local_setup.zsh
[0.744s] -- Up-to-date: /home/vietdh/ros2_final/install/examples_rclcpp_minimal_service/share/examples_rclcpp_minimal_service/local_setup.dsv
[0.744s] -- Installing: /home/vietdh/ros2_final/install/examples_rclcpp_minimal_service/share/examples_rclcpp_minimal_service/package.dsv
[0.745s] -- Up-to-date: /home/vietdh/ros2_final/install/examples_rclcpp_minimal_service/share/ament_index/resource_index/packages/examples_rclcpp_minimal_service
[0.745s] -- Up-to-date: /home/vietdh/ros2_final/install/examples_rclcpp_minimal_service/share/examples_rclcpp_minimal_service/cmake/examples_rclcpp_minimal_serviceConfig.cmake
[0.746s] -- Up-to-date: /home/vietdh/ros2_final/install/examples_rclcpp_minimal_service/share/examples_rclcpp_minimal_service/cmake/examples_rclcpp_minimal_serviceConfig-version.cmake
[0.746s] -- Up-to-date: /home/vietdh/ros2_final/install/examples_rclcpp_minimal_service/share/examples_rclcpp_minimal_service/package.xml
[0.871s] Invoked command in '/home/vietdh/ros2_final/build/examples_rclcpp_minimal_service' returned '0': CMAKE_PREFIX_PATH=${CMAKE_PREFIX_PATH}:/home/vietdh/ros2_final/install/examples_rclpy_minimal_subscriber:/home/vietdh/ros2_final/install/examples_rclpy_minimal_service:/home/vietdh/ros2_final/install/examples_rclpy_minimal_publisher:/home/vietdh/ros2_final/install/examples_rclpy_minimal_client:/home/vietdh/ros2_final/install/examples_rclpy_minimal_action_server:/home/vietdh/ros2_final/install/examples_rclpy_minimal_action_client:/home/vietdh/ros2_final/install/examples_rclpy_executors:/opt/ros/foxy /usr/bin/cmake --install /home/vietdh/ros2_final/build/examples_rclcpp_minimal_service
