[0.059s] Invoking command in '/home/vietdh/ros2_final/build/examples_rclcpp_minimal_publisher': CMAKE_PREFIX_PATH=/opt/ros/foxy /usr/bin/cmake --build /home/vietdh/ros2_final/build/examples_rclcpp_minimal_publisher -- -j12 -l12
[0.375s] [ 33%] Built target publisher_not_composable
[0.375s] [ 66%] Built target publisher_member_function
[0.376s] [100%] Built target publisher_lambda
[0.392s] Invoked command in '/home/vietdh/ros2_final/build/examples_rclcpp_minimal_publisher' returned '0': CMAKE_PREFIX_PATH=/opt/ros/foxy /usr/bin/cmake --build /home/vietdh/ros2_final/build/examples_rclcpp_minimal_publisher -- -j12 -l12
[0.468s] Invoking command in '/home/vietdh/ros2_final/build/examples_rclcpp_minimal_publisher': CMAKE_PREFIX_PATH=/opt/ros/foxy /usr/bin/cmake --install /home/vietdh/ros2_final/build/examples_rclcpp_minimal_publisher
[0.526s] -- Install configuration: ""
[0.526s] -- Up-to-date: /home/vietdh/ros2_final/install/examples_rclcpp_minimal_publisher/lib/examples_rclcpp_minimal_publisher/publisher_lambda
[0.526s] -- Up-to-date: /home/vietdh/ros2_final/install/examples_rclcpp_minimal_publisher/lib/examples_rclcpp_minimal_publisher/publisher_member_function
[0.526s] -- Up-to-date: /home/vietdh/ros2_final/install/examples_rclcpp_minimal_publisher/lib/examples_rclcpp_minimal_publisher/publisher_not_composable
[0.527s] -- Up-to-date: /home/vietdh/ros2_final/install/examples_rclcpp_minimal_publisher/share/ament_index/resource_index/package_run_dependencies/examples_rclcpp_minimal_publisher
[0.527s] -- Up-to-date: /home/vietdh/ros2_final/install/examples_rclcpp_minimal_publisher/share/ament_index/resource_index/parent_prefix_path/examples_rclcpp_minimal_publisher
[0.527s] -- Up-to-date: /home/vietdh/ros2_final/install/examples_rclcpp_minimal_publisher/share/examples_rclcpp_minimal_publisher/environment/ament_prefix_path.sh
[0.527s] -- Up-to-date: /home/vietdh/ros2_final/install/examples_rclcpp_minimal_publisher/share/examples_rclcpp_minimal_publisher/environment/ament_prefix_path.dsv
[0.528s] -- Up-to-date: /home/vietdh/ros2_final/install/examples_rclcpp_minimal_publisher/share/examples_rclcpp_minimal_publisher/environment/path.sh
[0.528s] -- Up-to-date: /home/vietdh/ros2_final/install/examples_rclcpp_minimal_publisher/share/examples_rclcpp_minimal_publisher/environment/path.dsv
[0.528s] -- Up-to-date: /home/vietdh/ros2_final/install/examples_rclcpp_minimal_publisher/share/examples_rclcpp_minimal_publisher/local_setup.bash
[0.528s] -- Up-to-date: /home/vietdh/ros2_final/install/examples_rclcpp_minimal_publisher/share/examples_rclcpp_minimal_publisher/local_setup.sh
[0.528s] -- Up-to-date: /home/vietdh/ros2_final/install/examples_rclcpp_minimal_publisher/share/examples_rclcpp_minimal_publisher/local_setup.zsh
[0.528s] -- Up-to-date: /home/vietdh/ros2_final/install/examples_rclcpp_minimal_publisher/share/examples_rclcpp_minimal_publisher/local_setup.dsv
[0.528s] -- Installing: /home/vietdh/ros2_final/install/examples_rclcpp_minimal_publisher/share/examples_rclcpp_minimal_publisher/package.dsv
[0.528s] -- Up-to-date: /home/vietdh/ros2_final/install/examples_rclcpp_minimal_publisher/share/ament_index/resource_index/packages/examples_rclcpp_minimal_publisher
[0.528s] -- Up-to-date: /home/vietdh/ros2_final/install/examples_rclcpp_minimal_publisher/share/examples_rclcpp_minimal_publisher/cmake/examples_rclcpp_minimal_publisherConfig.cmake
[0.528s] -- Up-to-date: /home/vietdh/ros2_final/install/examples_rclcpp_minimal_publisher/share/examples_rclcpp_minimal_publisher/cmake/examples_rclcpp_minimal_publisherConfig-version.cmake
[0.528s] -- Up-to-date: /home/vietdh/ros2_final/install/examples_rclcpp_minimal_publisher/share/examples_rclcpp_minimal_publisher/package.xml
[0.575s] Invoked command in '/home/vietdh/ros2_final/build/examples_rclcpp_minimal_publisher' returned '0': CMAKE_PREFIX_PATH=/opt/ros/foxy /usr/bin/cmake --install /home/vietdh/ros2_final/build/examples_rclcpp_minimal_publisher
