[1.694s] Invoking command in '/home/vietdh/servo_node/examples/rclpy/actions/minimal_action_client': PYTHONPATH=/home/vietdh/servo_node/install/examples_rclpy_minimal_action_client/lib/python3.8/site-packages:${PYTHONPATH} /usr/bin/python3 setup.py egg_info --egg-base ../../../../build/examples_rclpy_minimal_action_client build --build-base /home/vietdh/servo_node/build/examples_rclpy_minimal_action_client/build install --prefix /home/vietdh/servo_node/install/examples_rclpy_minimal_action_client --record /home/vietdh/servo_node/build/examples_rclpy_minimal_action_client/install.log --single-version-externally-managed
[1.882s] running egg_info
[1.882s] writing ../../../../build/examples_rclpy_minimal_action_client/examples_rclpy_minimal_action_client.egg-info/PKG-INFO
[1.883s] writing dependency_links to ../../../../build/examples_rclpy_minimal_action_client/examples_rclpy_minimal_action_client.egg-info/dependency_links.txt
[1.883s] writing entry points to ../../../../build/examples_rclpy_minimal_action_client/examples_rclpy_minimal_action_client.egg-info/entry_points.txt
[1.883s] writing requirements to ../../../../build/examples_rclpy_minimal_action_client/examples_rclpy_minimal_action_client.egg-info/requires.txt
[1.883s] writing top-level names to ../../../../build/examples_rclpy_minimal_action_client/examples_rclpy_minimal_action_client.egg-info/top_level.txt
[1.909s] reading manifest file '../../../../build/examples_rclpy_minimal_action_client/examples_rclpy_minimal_action_client.egg-info/SOURCES.txt'
[1.909s] writing manifest file '../../../../build/examples_rclpy_minimal_action_client/examples_rclpy_minimal_action_client.egg-info/SOURCES.txt'
[1.909s] running build
[1.910s] running build_py
[1.910s] running install
[1.911s] running install_lib
[1.912s] running install_data
[1.912s] running install_egg_info
[1.913s] removing '/home/vietdh/servo_node/install/examples_rclpy_minimal_action_client/lib/python3.8/site-packages/examples_rclpy_minimal_action_client-0.9.4-py3.8.egg-info' (and everything under it)
[1.914s] Copying ../../../../build/examples_rclpy_minimal_action_client/examples_rclpy_minimal_action_client.egg-info to /home/vietdh/servo_node/install/examples_rclpy_minimal_action_client/lib/python3.8/site-packages/examples_rclpy_minimal_action_client-0.9.4-py3.8.egg-info
[1.914s] running install_scripts
[1.927s] Installing client script to /home/vietdh/servo_node/install/examples_rclpy_minimal_action_client/lib/examples_rclpy_minimal_action_client
[1.927s] Installing client_cancel script to /home/vietdh/servo_node/install/examples_rclpy_minimal_action_client/lib/examples_rclpy_minimal_action_client
[1.927s] Installing client_not_composable script to /home/vietdh/servo_node/install/examples_rclpy_minimal_action_client/lib/examples_rclpy_minimal_action_client
[1.928s] writing list of installed files to '/home/vietdh/servo_node/build/examples_rclpy_minimal_action_client/install.log'
[1.944s] Invoked command in '/home/vietdh/servo_node/examples/rclpy/actions/minimal_action_client' returned '0': PYTHONPATH=/home/vietdh/servo_node/install/examples_rclpy_minimal_action_client/lib/python3.8/site-packages:${PYTHONPATH} /usr/bin/python3 setup.py egg_info --egg-base ../../../../build/examples_rclpy_minimal_action_client build --build-base /home/vietdh/servo_node/build/examples_rclpy_minimal_action_client/build install --prefix /home/vietdh/servo_node/install/examples_rclpy_minimal_action_client --record /home/vietdh/servo_node/build/examples_rclpy_minimal_action_client/install.log --single-version-externally-managed
