-- The C compiler identification is GNU 9.4.0
-- The CXX compiler identification is GNU 9.4.0
-- Check for working C compiler: /usr/bin/cc
-- Check for working C compiler: /usr/bin/cc -- works
-- Detecting C compiler ABI info
-- Detecting C compiler ABI info - done
-- Detecting C compile features
-- Detecting C compile features - done
-- Check for working CXX compiler: /usr/bin/c++
-- Check for working CXX compiler: /usr/bin/c++ -- works
-- Detecting CXX compiler ABI info
-- Detecting CXX compiler ABI info - done
-- Detecting CXX compile features
-- Detecting CXX compile features - done
-- Found ament_cmake: 0.9.11 (/opt/ros/foxy/share/ament_cmake/cmake)
-- Found PythonInterp: /usr/bin/python3 (found suitable version "3.8.10", minimum required is "3") 
-- Using PYTHON_EXECUTABLE: /usr/bin/python3
-- Found rclcpp: 2.4.2 (/opt/ros/foxy/share/rclcpp/cmake)
-- Using all available rosidl_typesupport_c: rosidl_typesupport_fastrtps_c;rosidl_typesupport_introspection_c
-- Found rosidl_adapter: 1.3.0 (/opt/ros/foxy/share/rosidl_adapter/cmake)
-- Found OpenSSL: /usr/lib/x86_64-linux-gnu/libcrypto.so (found version "1.1.1f")  
-- Found FastRTPS: /opt/ros/foxy/include  
-- Using all available rosidl_typesupport_cpp: rosidl_typesupport_fastrtps_cpp;rosidl_typesupport_introspection_cpp
-- Found rmw_implementation_cmake: 1.0.3 (/opt/ros/foxy/share/rmw_implementation_cmake/cmake)
-- Using RMW implementation 'rmw_fastrtps_cpp' as default
-- Looking for pthread.h
-- Looking for pthread.h - found
-- Performing Test CMAKE_HAVE_LIBC_PTHREAD
-- Performing Test CMAKE_HAVE_LIBC_PTHREAD - Failed
-- Looking for pthread_create in pthreads
-- Looking for pthread_create in pthreads - not found
-- Looking for pthread_create in pthread
-- Looking for pthread_create in pthread - found
-- Found Threads: TRUE  
CMake Error at CMakeLists.txt:22 (find_package):
  By not providing "Finddynamixel_sdk.cmake" in CMAKE_MODULE_PATH this
  project has asked CMake to find a package configuration file provided by
  "dynamixel_sdk", but CMake did not find one.

  Could not find a package configuration file provided by "dynamixel_sdk"
  with any of the following names:

    dynamixel_sdkConfig.cmake
    dynamixel_sdk-config.cmake

  Add the installation prefix of "dynamixel_sdk" to CMAKE_PREFIX_PATH or set
  "dynamixel_sdk_DIR" to a directory containing one of the above files.  If
  "dynamixel_sdk" provides a separate development package or SDK, be sure it
  has been installed.


-- Configuring incomplete, errors occurred!
See also "/home/vietdh/ros2_final/build/cpp_pubsub/CMakeFiles/CMakeOutput.log".
See also "/home/vietdh/ros2_final/build/cpp_pubsub/CMakeFiles/CMakeError.log".
