[0.011s] Invoking command in '/home/vietdh/ros2_final/build/cpp_pubsub': CMAKE_PREFIX_PATH=/opt/ros/foxy /usr/bin/cmake /home/vietdh/ros2_final/src/cpp_pubsub -DCMAKE_INSTALL_PREFIX=/home/vietdh/ros2_final/install/cpp_pubsub
[0.046s] -- The C compiler identification is GNU 9.4.0
[0.080s] -- The CXX compiler identification is GNU 9.4.0
[0.083s] -- Check for working C compiler: /usr/bin/cc
[0.126s] -- Check for working C compiler: /usr/bin/cc -- works
[0.126s] -- Detecting C compiler ABI info
[0.170s] -- Detecting C compiler ABI info - done
[0.179s] -- Detecting C compile features
[0.179s] -- Detecting C compile features - done
[0.181s] -- Check for working CXX compiler: /usr/bin/c++
[0.234s] -- Check for working CXX compiler: /usr/bin/c++ -- works
[0.235s] -- Detecting CXX compiler ABI info
[0.289s] -- Detecting CXX compiler ABI info - done
[0.298s] -- Detecting CXX compile features
[0.299s] -- Detecting CXX compile features - done
[0.300s] -- Found ament_cmake: 0.9.11 (/opt/ros/foxy/share/ament_cmake/cmake)
[0.315s] -- Found PythonInterp: /usr/bin/python3 (found suitable version "3.8.10", minimum required is "3") 
[0.315s] -- Using PYTHON_EXECUTABLE: /usr/bin/python3
[0.455s] -- Found rclcpp: 2.4.2 (/opt/ros/foxy/share/rclcpp/cmake)
[0.482s] -- Using all available rosidl_typesupport_c: rosidl_typesupport_fastrtps_c;rosidl_typesupport_introspection_c
[0.486s] -- Found rosidl_adapter: 1.3.0 (/opt/ros/foxy/share/rosidl_adapter/cmake)
[0.527s] -- Found OpenSSL: /usr/lib/x86_64-linux-gnu/libcrypto.so (found version "1.1.1f")  
[0.545s] -- Found FastRTPS: /opt/ros/foxy/include  
[0.595s] -- Using all available rosidl_typesupport_cpp: rosidl_typesupport_fastrtps_cpp;rosidl_typesupport_introspection_cpp
[0.634s] -- Found rmw_implementation_cmake: 1.0.3 (/opt/ros/foxy/share/rmw_implementation_cmake/cmake)
[0.635s] -- Using RMW implementation 'rmw_fastrtps_cpp' as default
[0.636s] -- Looking for pthread.h
[0.680s] -- Looking for pthread.h - found
[0.680s] -- Performing Test CMAKE_HAVE_LIBC_PTHREAD
[0.726s] -- Performing Test CMAKE_HAVE_LIBC_PTHREAD - Failed
[0.727s] -- Looking for pthread_create in pthreads
[0.764s] -- Looking for pthread_create in pthreads - not found
[0.764s] -- Looking for pthread_create in pthread
[0.809s] -- Looking for pthread_create in pthread - found
[0.810s] -- Found Threads: TRUE  
[0.924s] CMake Error at CMakeLists.txt:22 (find_package):
[0.925s]   By not providing "Finddynamixel_sdk.cmake" in CMAKE_MODULE_PATH this
[0.925s]   project has asked CMake to find a package configuration file provided by
[0.925s]   "dynamixel_sdk", but CMake did not find one.
[0.925s] 
[0.925s]   Could not find a package configuration file provided by "dynamixel_sdk"
[0.925s]   with any of the following names:
[0.925s] 
[0.925s]     dynamixel_sdkConfig.cmake
[0.925s]     dynamixel_sdk-config.cmake
[0.925s] 
[0.925s]   Add the installation prefix of "dynamixel_sdk" to CMAKE_PREFIX_PATH or set
[0.925s]   "dynamixel_sdk_DIR" to a directory containing one of the above files.  If
[0.925s]   "dynamixel_sdk" provides a separate development package or SDK, be sure it
[0.925s]   has been installed.
[0.925s] 
[0.925s] 
[0.925s] -- Configuring incomplete, errors occurred!
[0.925s] See also "/home/vietdh/ros2_final/build/cpp_pubsub/CMakeFiles/CMakeOutput.log".
[0.925s] See also "/home/vietdh/ros2_final/build/cpp_pubsub/CMakeFiles/CMakeError.log".
[0.930s] Invoked command in '/home/vietdh/ros2_final/build/cpp_pubsub' returned '1': CMAKE_PREFIX_PATH=/opt/ros/foxy /usr/bin/cmake /home/vietdh/ros2_final/src/cpp_pubsub -DCMAKE_INSTALL_PREFIX=/home/vietdh/ros2_final/install/cpp_pubsub
