[0.060s] Invoking command in '/home/vietdh/servo_node/build/examples_rclcpp_minimal_timer': CMAKE_PREFIX_PATH=${CMAKE_PREFIX_PATH}:/home/vietdh/servo_node/install/examples_rclpy_minimal_subscriber:/home/vietdh/servo_node/install/examples_rclpy_minimal_service:/home/vietdh/servo_node/install/examples_rclpy_minimal_publisher:/home/vietdh/servo_node/install/examples_rclpy_minimal_client:/home/vietdh/servo_node/install/examples_rclpy_minimal_action_server:/home/vietdh/servo_node/install/examples_rclpy_minimal_action_client:/home/vietdh/servo_node/install/examples_rclpy_executors:/opt/ros/foxy /usr/bin/cmake --build /home/vietdh/servo_node/build/examples_rclcpp_minimal_timer -- -j12 -l12
[0.319s] CMake Error: The current CMakeCache.txt directory /home/vietdh/servo_node/build/examples_rclcpp_minimal_timer/CMakeCache.txt is different than the directory /home/vietdh/ros2_final/build/examples_rclcpp_minimal_timer where CMakeCache.txt was created. This may result in binaries being created in the wrong place. If you are not sure, reedit the CMakeCache.txt
[0.321s] [ 50%] Built target timer_member_function
[0.321s] [100%] Built target timer_lambda
[0.327s] Invoked command in '/home/vietdh/servo_node/build/examples_rclcpp_minimal_timer' returned '0': CMAKE_PREFIX_PATH=${CMAKE_PREFIX_PATH}:/home/vietdh/servo_node/install/examples_rclpy_minimal_subscriber:/home/vietdh/servo_node/install/examples_rclpy_minimal_service:/home/vietdh/servo_node/install/examples_rclpy_minimal_publisher:/home/vietdh/servo_node/install/examples_rclpy_minimal_client:/home/vietdh/servo_node/install/examples_rclpy_minimal_action_server:/home/vietdh/servo_node/install/examples_rclpy_minimal_action_client:/home/vietdh/servo_node/install/examples_rclpy_executors:/opt/ros/foxy /usr/bin/cmake --build /home/vietdh/servo_node/build/examples_rclcpp_minimal_timer -- -j12 -l12
[0.370s] Invoking command in '/home/vietdh/servo_node/build/examples_rclcpp_minimal_timer': CMAKE_PREFIX_PATH=${CMAKE_PREFIX_PATH}:/home/vietdh/servo_node/install/examples_rclpy_minimal_subscriber:/home/vietdh/servo_node/install/examples_rclpy_minimal_service:/home/vietdh/servo_node/install/examples_rclpy_minimal_publisher:/home/vietdh/servo_node/install/examples_rclpy_minimal_client:/home/vietdh/servo_node/install/examples_rclpy_minimal_action_server:/home/vietdh/servo_node/install/examples_rclpy_minimal_action_client:/home/vietdh/servo_node/install/examples_rclpy_executors:/opt/ros/foxy /usr/bin/cmake --install /home/vietdh/servo_node/build/examples_rclcpp_minimal_timer
[0.387s] -- Install configuration: ""
[0.388s] -- Up-to-date: /home/vietdh/ros2_final/install/examples_rclcpp_minimal_timer/lib/examples_rclcpp_minimal_timer/timer_lambda
[0.388s] -- Up-to-date: /home/vietdh/ros2_final/install/examples_rclcpp_minimal_timer/lib/examples_rclcpp_minimal_timer/timer_member_function
[0.388s] -- Up-to-date: /home/vietdh/ros2_final/install/examples_rclcpp_minimal_timer/share/ament_index/resource_index/package_run_dependencies/examples_rclcpp_minimal_timer
[0.388s] -- Up-to-date: /home/vietdh/ros2_final/install/examples_rclcpp_minimal_timer/share/ament_index/resource_index/parent_prefix_path/examples_rclcpp_minimal_timer
[0.388s] -- Up-to-date: /home/vietdh/ros2_final/install/examples_rclcpp_minimal_timer/share/examples_rclcpp_minimal_timer/environment/ament_prefix_path.sh
[0.388s] -- Up-to-date: /home/vietdh/ros2_final/install/examples_rclcpp_minimal_timer/share/examples_rclcpp_minimal_timer/environment/ament_prefix_path.dsv
[0.388s] -- Up-to-date: /home/vietdh/ros2_final/install/examples_rclcpp_minimal_timer/share/examples_rclcpp_minimal_timer/environment/path.sh
[0.388s] -- Up-to-date: /home/vietdh/ros2_final/install/examples_rclcpp_minimal_timer/share/examples_rclcpp_minimal_timer/environment/path.dsv
[0.388s] -- Up-to-date: /home/vietdh/ros2_final/install/examples_rclcpp_minimal_timer/share/examples_rclcpp_minimal_timer/local_setup.bash
[0.388s] -- Up-to-date: /home/vietdh/ros2_final/install/examples_rclcpp_minimal_timer/share/examples_rclcpp_minimal_timer/local_setup.sh
[0.388s] -- Up-to-date: /home/vietdh/ros2_final/install/examples_rclcpp_minimal_timer/share/examples_rclcpp_minimal_timer/local_setup.zsh
[0.389s] -- Up-to-date: /home/vietdh/ros2_final/install/examples_rclcpp_minimal_timer/share/examples_rclcpp_minimal_timer/local_setup.dsv
[0.389s] -- Installing: /home/vietdh/ros2_final/install/examples_rclcpp_minimal_timer/share/examples_rclcpp_minimal_timer/package.dsv
[0.389s] -- Up-to-date: /home/vietdh/ros2_final/install/examples_rclcpp_minimal_timer/share/ament_index/resource_index/packages/examples_rclcpp_minimal_timer
[0.389s] -- Up-to-date: /home/vietdh/ros2_final/install/examples_rclcpp_minimal_timer/share/examples_rclcpp_minimal_timer/cmake/examples_rclcpp_minimal_timerConfig.cmake
[0.389s] -- Up-to-date: /home/vietdh/ros2_final/install/examples_rclcpp_minimal_timer/share/examples_rclcpp_minimal_timer/cmake/examples_rclcpp_minimal_timerConfig-version.cmake
[0.389s] -- Up-to-date: /home/vietdh/ros2_final/install/examples_rclcpp_minimal_timer/share/examples_rclcpp_minimal_timer/package.xml
[0.476s] Invoked command in '/home/vietdh/servo_node/build/examples_rclcpp_minimal_timer' returned '0': CMAKE_PREFIX_PATH=${CMAKE_PREFIX_PATH}:/home/vietdh/servo_node/install/examples_rclpy_minimal_subscriber:/home/vietdh/servo_node/install/examples_rclpy_minimal_service:/home/vietdh/servo_node/install/examples_rclpy_minimal_publisher:/home/vietdh/servo_node/install/examples_rclpy_minimal_client:/home/vietdh/servo_node/install/examples_rclpy_minimal_action_server:/home/vietdh/servo_node/install/examples_rclpy_minimal_action_client:/home/vietdh/servo_node/install/examples_rclpy_executors:/opt/ros/foxy /usr/bin/cmake --install /home/vietdh/servo_node/build/examples_rclcpp_minimal_timer
