[0.056s] Invoking command in '/home/vietdh/ros2_final/build/examples_rclcpp_minimal_client': CMAKE_PREFIX_PATH=/opt/ros/foxy /usr/bin/cmake --build /home/vietdh/ros2_final/build/examples_rclcpp_minimal_client -- -j12 -l12
[0.384s] [100%] Built target client_main
[0.396s] Invoked command in '/home/vietdh/ros2_final/build/examples_rclcpp_minimal_client' returned '0': CMAKE_PREFIX_PATH=/opt/ros/foxy /usr/bin/cmake --build /home/vietdh/ros2_final/build/examples_rclcpp_minimal_client -- -j12 -l12
[0.438s] Invoking command in '/home/vietdh/ros2_final/build/examples_rclcpp_minimal_client': CMAKE_PREFIX_PATH=/opt/ros/foxy /usr/bin/cmake --install /home/vietdh/ros2_final/build/examples_rclcpp_minimal_client
[0.460s] -- Install configuration: ""
[0.460s] -- Up-to-date: /home/vietdh/ros2_final/install/examples_rclcpp_minimal_client/lib/examples_rclcpp_minimal_client/client_main
[0.460s] -- Up-to-date: /home/vietdh/ros2_final/install/examples_rclcpp_minimal_client/share/ament_index/resource_index/package_run_dependencies/examples_rclcpp_minimal_client
[0.460s] -- Up-to-date: /home/vietdh/ros2_final/install/examples_rclcpp_minimal_client/share/ament_index/resource_index/parent_prefix_path/examples_rclcpp_minimal_client
[0.460s] -- Up-to-date: /home/vietdh/ros2_final/install/examples_rclcpp_minimal_client/share/examples_rclcpp_minimal_client/environment/ament_prefix_path.sh
[0.460s] -- Up-to-date: /home/vietdh/ros2_final/install/examples_rclcpp_minimal_client/share/examples_rclcpp_minimal_client/environment/ament_prefix_path.dsv
[0.461s] -- Up-to-date: /home/vietdh/ros2_final/install/examples_rclcpp_minimal_client/share/examples_rclcpp_minimal_client/environment/path.sh
[0.461s] -- Up-to-date: /home/vietdh/ros2_final/install/examples_rclcpp_minimal_client/share/examples_rclcpp_minimal_client/environment/path.dsv
[0.461s] -- Up-to-date: /home/vietdh/ros2_final/install/examples_rclcpp_minimal_client/share/examples_rclcpp_minimal_client/local_setup.bash
[0.461s] -- Up-to-date: /home/vietdh/ros2_final/install/examples_rclcpp_minimal_client/share/examples_rclcpp_minimal_client/local_setup.sh
[0.461s] -- Up-to-date: /home/vietdh/ros2_final/install/examples_rclcpp_minimal_client/share/examples_rclcpp_minimal_client/local_setup.zsh
[0.461s] -- Up-to-date: /home/vietdh/ros2_final/install/examples_rclcpp_minimal_client/share/examples_rclcpp_minimal_client/local_setup.dsv
[0.461s] -- Installing: /home/vietdh/ros2_final/install/examples_rclcpp_minimal_client/share/examples_rclcpp_minimal_client/package.dsv
[0.461s] -- Up-to-date: /home/vietdh/ros2_final/install/examples_rclcpp_minimal_client/share/ament_index/resource_index/packages/examples_rclcpp_minimal_client
[0.461s] -- Up-to-date: /home/vietdh/ros2_final/install/examples_rclcpp_minimal_client/share/examples_rclcpp_minimal_client/cmake/examples_rclcpp_minimal_clientConfig.cmake
[0.461s] -- Up-to-date: /home/vietdh/ros2_final/install/examples_rclcpp_minimal_client/share/examples_rclcpp_minimal_client/cmake/examples_rclcpp_minimal_clientConfig-version.cmake
[0.461s] -- Up-to-date: /home/vietdh/ros2_final/install/examples_rclcpp_minimal_client/share/examples_rclcpp_minimal_client/package.xml
[0.512s] Invoked command in '/home/vietdh/ros2_final/build/examples_rclcpp_minimal_client' returned '0': CMAKE_PREFIX_PATH=/opt/ros/foxy /usr/bin/cmake --install /home/vietdh/ros2_final/build/examples_rclcpp_minimal_client
