[1.531s] Invoking command in '/home/vietdh/servo_node/examples/rclpy/services/minimal_client': PYTHONPATH=/home/vietdh/servo_node/install/examples_rclpy_minimal_client/lib/python3.8/site-packages:${PYTHONPATH} /usr/bin/python3 setup.py egg_info --egg-base ../../../../build/examples_rclpy_minimal_client build --build-base /home/vietdh/servo_node/build/examples_rclpy_minimal_client/build install --prefix /home/vietdh/servo_node/install/examples_rclpy_minimal_client --record /home/vietdh/servo_node/build/examples_rclpy_minimal_client/install.log --single-version-externally-managed
[1.713s] running egg_info
[1.713s] writing ../../../../build/examples_rclpy_minimal_client/examples_rclpy_minimal_client.egg-info/PKG-INFO
[1.713s] writing dependency_links to ../../../../build/examples_rclpy_minimal_client/examples_rclpy_minimal_client.egg-info/dependency_links.txt
[1.713s] writing entry points to ../../../../build/examples_rclpy_minimal_client/examples_rclpy_minimal_client.egg-info/entry_points.txt
[1.714s] writing requirements to ../../../../build/examples_rclpy_minimal_client/examples_rclpy_minimal_client.egg-info/requires.txt
[1.714s] writing top-level names to ../../../../build/examples_rclpy_minimal_client/examples_rclpy_minimal_client.egg-info/top_level.txt
[1.741s] reading manifest file '../../../../build/examples_rclpy_minimal_client/examples_rclpy_minimal_client.egg-info/SOURCES.txt'
[1.742s] writing manifest file '../../../../build/examples_rclpy_minimal_client/examples_rclpy_minimal_client.egg-info/SOURCES.txt'
[1.742s] running build
[1.742s] running build_py
[1.742s] running install
[1.743s] running install_lib
[1.744s] running install_data
[1.745s] running install_egg_info
[1.746s] removing '/home/vietdh/servo_node/install/examples_rclpy_minimal_client/lib/python3.8/site-packages/examples_rclpy_minimal_client-0.9.4-py3.8.egg-info' (and everything under it)
[1.746s] Copying ../../../../build/examples_rclpy_minimal_client/examples_rclpy_minimal_client.egg-info to /home/vietdh/servo_node/install/examples_rclpy_minimal_client/lib/python3.8/site-packages/examples_rclpy_minimal_client-0.9.4-py3.8.egg-info
[1.747s] running install_scripts
[1.760s] Installing client script to /home/vietdh/servo_node/install/examples_rclpy_minimal_client/lib/examples_rclpy_minimal_client
[1.761s] Installing client_async script to /home/vietdh/servo_node/install/examples_rclpy_minimal_client/lib/examples_rclpy_minimal_client
[1.761s] Installing client_async_callback script to /home/vietdh/servo_node/install/examples_rclpy_minimal_client/lib/examples_rclpy_minimal_client
[1.761s] Installing client_async_member_function script to /home/vietdh/servo_node/install/examples_rclpy_minimal_client/lib/examples_rclpy_minimal_client
[1.761s] writing list of installed files to '/home/vietdh/servo_node/build/examples_rclpy_minimal_client/install.log'
[1.783s] Invoked command in '/home/vietdh/servo_node/examples/rclpy/services/minimal_client' returned '0': PYTHONPATH=/home/vietdh/servo_node/install/examples_rclpy_minimal_client/lib/python3.8/site-packages:${PYTHONPATH} /usr/bin/python3 setup.py egg_info --egg-base ../../../../build/examples_rclpy_minimal_client build --build-base /home/vietdh/servo_node/build/examples_rclpy_minimal_client/build install --prefix /home/vietdh/servo_node/install/examples_rclpy_minimal_client --record /home/vietdh/servo_node/build/examples_rclpy_minimal_client/install.log --single-version-externally-managed
