[0.054s] Invoking command in '/home/vietdh/ros2_final/build/examples_rclcpp_multithreaded_executor': CMAKE_PREFIX_PATH=/opt/ros/foxy /usr/bin/cmake /home/vietdh/ros2_final/examples/rclcpp/executors/multithreaded_executor -DCMAKE_INSTALL_PREFIX=/home/vietdh/ros2_final/install/examples_rclcpp_multithreaded_executor
[2.780s] -- The C compiler identification is GNU 9.4.0
[2.781s] -- The CXX compiler identification is GNU 9.4.0
[2.781s] -- Check for working C compiler: /usr/bin/cc
[2.781s] -- Check for working C compiler: /usr/bin/cc -- works
[2.781s] -- Detecting C compiler ABI info
[2.781s] -- Detecting C compiler ABI info - done
[2.782s] -- Detecting C compile features
[2.782s] -- Detecting C compile features - done
[2.782s] -- Check for working CXX compiler: /usr/bin/c++
[2.782s] -- Check for working CXX compiler: /usr/bin/c++ -- works
[2.783s] -- Detecting CXX compiler ABI info
[2.783s] -- Detecting CXX compiler ABI info - done
[2.783s] -- Detecting CXX compile features
[2.783s] -- Detecting CXX compile features - done
[2.783s] -- Found ament_cmake: 0.9.11 (/opt/ros/foxy/share/ament_cmake/cmake)
[2.784s] -- Found PythonInterp: /usr/bin/python3 (found suitable version "3.8.10", minimum required is "3") 
[2.784s] -- Using PYTHON_EXECUTABLE: /usr/bin/python3
[2.784s] -- Found rclcpp: 2.4.2 (/opt/ros/foxy/share/rclcpp/cmake)
[2.784s] -- Using all available rosidl_typesupport_c: rosidl_typesupport_fastrtps_c;rosidl_typesupport_introspection_c
[2.784s] -- Found rosidl_adapter: 1.3.0 (/opt/ros/foxy/share/rosidl_adapter/cmake)
[2.785s] -- Found OpenSSL: /usr/lib/x86_64-linux-gnu/libcrypto.so (found version "1.1.1f")  
[2.785s] -- Found FastRTPS: /opt/ros/foxy/include  
[2.785s] -- Using all available rosidl_typesupport_cpp: rosidl_typesupport_fastrtps_cpp;rosidl_typesupport_introspection_cpp
[2.785s] -- Found rmw_implementation_cmake: 1.0.3 (/opt/ros/foxy/share/rmw_implementation_cmake/cmake)
[2.786s] -- Using RMW implementation 'rmw_fastrtps_cpp' as default
[2.786s] -- Looking for pthread.h
[2.786s] -- Looking for pthread.h - found
[2.786s] -- Performing Test CMAKE_HAVE_LIBC_PTHREAD
[2.786s] -- Performing Test CMAKE_HAVE_LIBC_PTHREAD - Failed
[2.787s] -- Looking for pthread_create in pthreads
[2.787s] -- Looking for pthread_create in pthreads - not found
[2.787s] -- Looking for pthread_create in pthread
[2.787s] -- Looking for pthread_create in pthread - found
[2.787s] -- Found Threads: TRUE  
[2.788s] -- Found ament_lint_auto: 0.9.7 (/opt/ros/foxy/share/ament_lint_auto/cmake)
[2.788s] -- Added test 'copyright' to check source files copyright and LICENSE
[2.788s] -- Added test 'cppcheck' to perform static code analysis on C / C++ code
[2.788s] -- Configured cppcheck include dirs: 
[2.788s] -- Configured cppcheck exclude dirs and/or files: 
[2.789s] -- Added test 'cpplint' to check C / C++ code against the Google style
[2.789s] -- Configured cpplint exclude dirs and/or files: 
[2.791s] -- Added test 'lint_cmake' to check CMake code style
[2.792s] -- Added test 'uncrustify' to check C / C++ code style
[2.792s] -- Configured uncrustify additional arguments: 
[2.792s] -- Added test 'xmllint' to check XML markup files
[2.792s] -- Configuring done
[2.796s] -- Generating done
[2.797s] -- Build files have been written to: /home/vietdh/ros2_final/build/examples_rclcpp_multithreaded_executor
[2.829s] Invoked command in '/home/vietdh/ros2_final/build/examples_rclcpp_multithreaded_executor' returned '0': CMAKE_PREFIX_PATH=/opt/ros/foxy /usr/bin/cmake /home/vietdh/ros2_final/examples/rclcpp/executors/multithreaded_executor -DCMAKE_INSTALL_PREFIX=/home/vietdh/ros2_final/install/examples_rclcpp_multithreaded_executor
[2.831s] Invoking command in '/home/vietdh/ros2_final/build/examples_rclcpp_multithreaded_executor': CMAKE_PREFIX_PATH=/opt/ros/foxy /usr/bin/cmake --build /home/vietdh/ros2_final/build/examples_rclcpp_multithreaded_executor -- -j12 -l12
[2.883s] [35m[1mScanning dependencies of target multithreaded_executor[0m
[3.006s] [ 50%] [32mBuilding CXX object CMakeFiles/multithreaded_executor.dir/multithreaded_executor.cpp.o[0m
[22.423s] [100%] [32m[1mLinking CXX executable multithreaded_executor[0m
[22.808s] [100%] Built target multithreaded_executor
[22.828s] Invoked command in '/home/vietdh/ros2_final/build/examples_rclcpp_multithreaded_executor' returned '0': CMAKE_PREFIX_PATH=/opt/ros/foxy /usr/bin/cmake --build /home/vietdh/ros2_final/build/examples_rclcpp_multithreaded_executor -- -j12 -l12
[22.861s] Invoking command in '/home/vietdh/ros2_final/build/examples_rclcpp_multithreaded_executor': CMAKE_PREFIX_PATH=/opt/ros/foxy /usr/bin/cmake --install /home/vietdh/ros2_final/build/examples_rclcpp_multithreaded_executor
[22.899s] -- Install configuration: ""
[22.900s] -- Installing: /home/vietdh/ros2_final/install/examples_rclcpp_multithreaded_executor/lib/examples_rclcpp_multithreaded_executor/multithreaded_executor
[22.900s] -- Set runtime path of "/home/vietdh/ros2_final/install/examples_rclcpp_multithreaded_executor/lib/examples_rclcpp_multithreaded_executor/multithreaded_executor" to ""
[22.900s] -- Installing: /home/vietdh/ros2_final/install/examples_rclcpp_multithreaded_executor/share/ament_index/resource_index/package_run_dependencies/examples_rclcpp_multithreaded_executor
[22.900s] -- Installing: /home/vietdh/ros2_final/install/examples_rclcpp_multithreaded_executor/share/ament_index/resource_index/parent_prefix_path/examples_rclcpp_multithreaded_executor
[22.901s] -- Installing: /home/vietdh/ros2_final/install/examples_rclcpp_multithreaded_executor/share/examples_rclcpp_multithreaded_executor/environment/ament_prefix_path.sh
[22.901s] -- Installing: /home/vietdh/ros2_final/install/examples_rclcpp_multithreaded_executor/share/examples_rclcpp_multithreaded_executor/environment/ament_prefix_path.dsv
[22.901s] -- Installing: /home/vietdh/ros2_final/install/examples_rclcpp_multithreaded_executor/share/examples_rclcpp_multithreaded_executor/environment/path.sh
[22.901s] -- Installing: /home/vietdh/ros2_final/install/examples_rclcpp_multithreaded_executor/share/examples_rclcpp_multithreaded_executor/environment/path.dsv
[22.901s] -- Installing: /home/vietdh/ros2_final/install/examples_rclcpp_multithreaded_executor/share/examples_rclcpp_multithreaded_executor/local_setup.bash
[22.902s] -- Installing: /home/vietdh/ros2_final/install/examples_rclcpp_multithreaded_executor/share/examples_rclcpp_multithreaded_executor/local_setup.sh
[22.902s] -- Installing: /home/vietdh/ros2_final/install/examples_rclcpp_multithreaded_executor/share/examples_rclcpp_multithreaded_executor/local_setup.zsh
[22.903s] -- Installing: /home/vietdh/ros2_final/install/examples_rclcpp_multithreaded_executor/share/examples_rclcpp_multithreaded_executor/local_setup.dsv
[22.903s] -- Installing: /home/vietdh/ros2_final/install/examples_rclcpp_multithreaded_executor/share/examples_rclcpp_multithreaded_executor/package.dsv
[22.903s] -- Installing: /home/vietdh/ros2_final/install/examples_rclcpp_multithreaded_executor/share/ament_index/resource_index/packages/examples_rclcpp_multithreaded_executor
[22.904s] -- Installing: /home/vietdh/ros2_final/install/examples_rclcpp_multithreaded_executor/share/examples_rclcpp_multithreaded_executor/cmake/examples_rclcpp_multithreaded_executorConfig.cmake
[22.904s] -- Installing: /home/vietdh/ros2_final/install/examples_rclcpp_multithreaded_executor/share/examples_rclcpp_multithreaded_executor/cmake/examples_rclcpp_multithreaded_executorConfig-version.cmake
[22.904s] -- Installing: /home/vietdh/ros2_final/install/examples_rclcpp_multithreaded_executor/share/examples_rclcpp_multithreaded_executor/package.xml
[22.904s] Invoked command in '/home/vietdh/ros2_final/build/examples_rclcpp_multithreaded_executor' returned '0': CMAKE_PREFIX_PATH=/opt/ros/foxy /usr/bin/cmake --install /home/vietdh/ros2_final/build/examples_rclcpp_multithreaded_executor
