[0.083s] Invoking command in '/home/vietdh/ros2_final/build/dynamixel_sdk_custom_interfaces': CMAKE_PREFIX_PATH=${CMAKE_PREFIX_PATH}:/home/vietdh/ros2_final/install/examples_rclpy_minimal_subscriber:/home/vietdh/ros2_final/install/examples_rclpy_minimal_service:/home/vietdh/ros2_final/install/examples_rclpy_minimal_publisher:/home/vietdh/ros2_final/install/examples_rclpy_minimal_client:/home/vietdh/ros2_final/install/examples_rclpy_minimal_action_server:/home/vietdh/ros2_final/install/examples_rclpy_minimal_action_client:/home/vietdh/ros2_final/install/examples_rclpy_executors:/opt/ros/foxy /usr/bin/cmake --build /home/vietdh/ros2_final/build/dynamixel_sdk_custom_interfaces -- -j12 -l12
[0.423s] [  2%] Built target dynamixel_sdk_custom_interfaces__cpp
[0.424s] [ 12%] Built target dynamixel_sdk_custom_interfaces__rosidl_generator_c
[0.424s] [ 23%] Built target dynamixel_sdk_custom_interfaces__rosidl_typesupport_fastrtps_cpp
[0.424s] [ 33%] Built target dynamixel_sdk_custom_interfaces__rosidl_typesupport_cpp
[0.424s] [ 43%] Built target dynamixel_sdk_custom_interfaces__rosidl_typesupport_c
[0.424s] [ 53%] Built target dynamixel_sdk_custom_interfaces__rosidl_typesupport_introspection_c
[0.424s] [ 64%] Built target dynamixel_sdk_custom_interfaces__rosidl_typesupport_introspection_cpp
[0.424s] [ 74%] Built target dynamixel_sdk_custom_interfaces__rosidl_typesupport_fastrtps_c
[0.424s] [ 74%] Built target dynamixel_sdk_custom_interfaces
[0.424s] [ 76%] Built target dynamixel_sdk_custom_interfaces__py
[0.424s] [ 84%] Built target dynamixel_sdk_custom_interfaces__python
[0.424s] [100%] Built target dynamixel_sdk_custom_interfaces__rosidl_typesupport_introspection_c__pyext
[0.425s] [100%] Built target dynamixel_sdk_custom_interfaces__rosidl_typesupport_fastrtps_c__pyext
[0.425s] [100%] Built target dynamixel_sdk_custom_interfaces__rosidl_typesupport_c__pyext
[0.434s] Invoked command in '/home/vietdh/ros2_final/build/dynamixel_sdk_custom_interfaces' returned '0': CMAKE_PREFIX_PATH=${CMAKE_PREFIX_PATH}:/home/vietdh/ros2_final/install/examples_rclpy_minimal_subscriber:/home/vietdh/ros2_final/install/examples_rclpy_minimal_service:/home/vietdh/ros2_final/install/examples_rclpy_minimal_publisher:/home/vietdh/ros2_final/install/examples_rclpy_minimal_client:/home/vietdh/ros2_final/install/examples_rclpy_minimal_action_server:/home/vietdh/ros2_final/install/examples_rclpy_minimal_action_client:/home/vietdh/ros2_final/install/examples_rclpy_executors:/opt/ros/foxy /usr/bin/cmake --build /home/vietdh/ros2_final/build/dynamixel_sdk_custom_interfaces -- -j12 -l12
[0.547s] Invoking command in '/home/vietdh/ros2_final/build/dynamixel_sdk_custom_interfaces': CMAKE_PREFIX_PATH=${CMAKE_PREFIX_PATH}:/home/vietdh/ros2_final/install/examples_rclpy_minimal_subscriber:/home/vietdh/ros2_final/install/examples_rclpy_minimal_service:/home/vietdh/ros2_final/install/examples_rclpy_minimal_publisher:/home/vietdh/ros2_final/install/examples_rclpy_minimal_client:/home/vietdh/ros2_final/install/examples_rclpy_minimal_action_server:/home/vietdh/ros2_final/install/examples_rclpy_minimal_action_client:/home/vietdh/ros2_final/install/examples_rclpy_executors:/opt/ros/foxy /usr/bin/cmake --install /home/vietdh/ros2_final/build/dynamixel_sdk_custom_interfaces
[0.595s] -- Install configuration: ""
[0.595s] -- Up-to-date: /home/vietdh/ros2_final/install/dynamixel_sdk_custom_interfaces/share/ament_index/resource_index/rosidl_interfaces/dynamixel_sdk_custom_interfaces
[0.595s] -- Up-to-date: /home/vietdh/ros2_final/install/dynamixel_sdk_custom_interfaces/include/dynamixel_sdk_custom_interfaces
[0.595s] -- Up-to-date: /home/vietdh/ros2_final/install/dynamixel_sdk_custom_interfaces/include/dynamixel_sdk_custom_interfaces/msg
[0.595s] -- Up-to-date: /home/vietdh/ros2_final/install/dynamixel_sdk_custom_interfaces/include/dynamixel_sdk_custom_interfaces/msg/set_position.h
[0.595s] -- Up-to-date: /home/vietdh/ros2_final/install/dynamixel_sdk_custom_interfaces/include/dynamixel_sdk_custom_interfaces/msg/rosidl_generator_c__visibility_control.h
[0.595s] -- Up-to-date: /home/vietdh/ros2_final/install/dynamixel_sdk_custom_interfaces/include/dynamixel_sdk_custom_interfaces/msg/detail
[0.595s] -- Up-to-date: /home/vietdh/ros2_final/install/dynamixel_sdk_custom_interfaces/include/dynamixel_sdk_custom_interfaces/msg/detail/set_position__functions.h
[0.595s] -- Up-to-date: /home/vietdh/ros2_final/install/dynamixel_sdk_custom_interfaces/include/dynamixel_sdk_custom_interfaces/msg/detail/set_position__struct.h
[0.595s] -- Up-to-date: /home/vietdh/ros2_final/install/dynamixel_sdk_custom_interfaces/include/dynamixel_sdk_custom_interfaces/msg/detail/set_position__type_support.h
[0.595s] -- Up-to-date: /home/vietdh/ros2_final/install/dynamixel_sdk_custom_interfaces/include/dynamixel_sdk_custom_interfaces/msg/detail/set_position__functions.c
[0.596s] -- Up-to-date: /home/vietdh/ros2_final/install/dynamixel_sdk_custom_interfaces/include/dynamixel_sdk_custom_interfaces/srv
[0.596s] -- Up-to-date: /home/vietdh/ros2_final/install/dynamixel_sdk_custom_interfaces/include/dynamixel_sdk_custom_interfaces/srv/get_position.h
[0.596s] -- Up-to-date: /home/vietdh/ros2_final/install/dynamixel_sdk_custom_interfaces/include/dynamixel_sdk_custom_interfaces/srv/detail
[0.596s] -- Up-to-date: /home/vietdh/ros2_final/install/dynamixel_sdk_custom_interfaces/include/dynamixel_sdk_custom_interfaces/srv/detail/get_position__struct.h
[0.596s] -- Up-to-date: /home/vietdh/ros2_final/install/dynamixel_sdk_custom_interfaces/include/dynamixel_sdk_custom_interfaces/srv/detail/get_position__functions.h
[0.596s] -- Up-to-date: /home/vietdh/ros2_final/install/dynamixel_sdk_custom_interfaces/include/dynamixel_sdk_custom_interfaces/srv/detail/get_position__type_support.h
[0.596s] -- Up-to-date: /home/vietdh/ros2_final/install/dynamixel_sdk_custom_interfaces/include/dynamixel_sdk_custom_interfaces/srv/detail/get_position__functions.c
[0.596s] -- Up-to-date: /home/vietdh/ros2_final/install/dynamixel_sdk_custom_interfaces/share/dynamixel_sdk_custom_interfaces/environment/library_path.sh
[0.596s] -- Up-to-date: /home/vietdh/ros2_final/install/dynamixel_sdk_custom_interfaces/share/dynamixel_sdk_custom_interfaces/environment/library_path.dsv
[0.596s] -- Up-to-date: /home/vietdh/ros2_final/install/dynamixel_sdk_custom_interfaces/lib/libdynamixel_sdk_custom_interfaces__rosidl_generator_c.so
[0.596s] -- Up-to-date: /home/vietdh/ros2_final/install/dynamixel_sdk_custom_interfaces/include/dynamixel_sdk_custom_interfaces
[0.596s] -- Up-to-date: /home/vietdh/ros2_final/install/dynamixel_sdk_custom_interfaces/include/dynamixel_sdk_custom_interfaces/msg
[0.596s] -- Up-to-date: /home/vietdh/ros2_final/install/dynamixel_sdk_custom_interfaces/include/dynamixel_sdk_custom_interfaces/msg/rosidl_typesupport_fastrtps_c__visibility_control.h
[0.596s] -- Up-to-date: /home/vietdh/ros2_final/install/dynamixel_sdk_custom_interfaces/include/dynamixel_sdk_custom_interfaces/msg/detail
[0.596s] -- Up-to-date: /home/vietdh/ros2_final/install/dynamixel_sdk_custom_interfaces/include/dynamixel_sdk_custom_interfaces/msg/detail/set_position__rosidl_typesupport_fastrtps_c.h
[0.596s] -- Up-to-date: /home/vietdh/ros2_final/install/dynamixel_sdk_custom_interfaces/include/dynamixel_sdk_custom_interfaces/srv
[0.597s] -- Up-to-date: /home/vietdh/ros2_final/install/dynamixel_sdk_custom_interfaces/include/dynamixel_sdk_custom_interfaces/srv/detail
[0.597s] -- Up-to-date: /home/vietdh/ros2_final/install/dynamixel_sdk_custom_interfaces/include/dynamixel_sdk_custom_interfaces/srv/detail/get_position__rosidl_typesupport_fastrtps_c.h
[0.597s] -- Up-to-date: /home/vietdh/ros2_final/install/dynamixel_sdk_custom_interfaces/lib/libdynamixel_sdk_custom_interfaces__rosidl_typesupport_fastrtps_c.so
[0.597s] -- Up-to-date: /home/vietdh/ros2_final/install/dynamixel_sdk_custom_interfaces/include/dynamixel_sdk_custom_interfaces
[0.597s] -- Up-to-date: /home/vietdh/ros2_final/install/dynamixel_sdk_custom_interfaces/include/dynamixel_sdk_custom_interfaces/msg
[0.597s] -- Up-to-date: /home/vietdh/ros2_final/install/dynamixel_sdk_custom_interfaces/include/dynamixel_sdk_custom_interfaces/msg/rosidl_typesupport_fastrtps_cpp__visibility_control.h
[0.597s] -- Up-to-date: /home/vietdh/ros2_final/install/dynamixel_sdk_custom_interfaces/include/dynamixel_sdk_custom_interfaces/msg/detail
[0.597s] -- Up-to-date: /home/vietdh/ros2_final/install/dynamixel_sdk_custom_interfaces/include/dynamixel_sdk_custom_interfaces/msg/detail/set_position__rosidl_typesupport_fastrtps_cpp.hpp
[0.597s] -- Up-to-date: /home/vietdh/ros2_final/install/dynamixel_sdk_custom_interfaces/include/dynamixel_sdk_custom_interfaces/msg/detail/dds_fastrtps
[0.598s] -- Up-to-date: /home/vietdh/ros2_final/install/dynamixel_sdk_custom_interfaces/include/dynamixel_sdk_custom_interfaces/srv
[0.598s] -- Up-to-date: /home/vietdh/ros2_final/install/dynamixel_sdk_custom_interfaces/include/dynamixel_sdk_custom_interfaces/srv/detail
[0.598s] -- Up-to-date: /home/vietdh/ros2_final/install/dynamixel_sdk_custom_interfaces/include/dynamixel_sdk_custom_interfaces/srv/detail/dds_fastrtps
[0.598s] -- Up-to-date: /home/vietdh/ros2_final/install/dynamixel_sdk_custom_interfaces/include/dynamixel_sdk_custom_interfaces/srv/detail/get_position__rosidl_typesupport_fastrtps_cpp.hpp
[0.598s] -- Up-to-date: /home/vietdh/ros2_final/install/dynamixel_sdk_custom_interfaces/lib/libdynamixel_sdk_custom_interfaces__rosidl_typesupport_fastrtps_cpp.so
[0.598s] -- Up-to-date: /home/vietdh/ros2_final/install/dynamixel_sdk_custom_interfaces/include/dynamixel_sdk_custom_interfaces
[0.598s] -- Up-to-date: /home/vietdh/ros2_final/install/dynamixel_sdk_custom_interfaces/include/dynamixel_sdk_custom_interfaces/msg
[0.598s] -- Up-to-date: /home/vietdh/ros2_final/install/dynamixel_sdk_custom_interfaces/include/dynamixel_sdk_custom_interfaces/msg/rosidl_typesupport_introspection_c__visibility_control.h
[0.598s] -- Up-to-date: /home/vietdh/ros2_final/install/dynamixel_sdk_custom_interfaces/include/dynamixel_sdk_custom_interfaces/msg/detail
[0.598s] -- Up-to-date: /home/vietdh/ros2_final/install/dynamixel_sdk_custom_interfaces/include/dynamixel_sdk_custom_interfaces/msg/detail/set_position__type_support.c
[0.599s] -- Up-to-date: /home/vietdh/ros2_final/install/dynamixel_sdk_custom_interfaces/include/dynamixel_sdk_custom_interfaces/msg/detail/set_position__rosidl_typesupport_introspection_c.h
[0.599s] -- Up-to-date: /home/vietdh/ros2_final/install/dynamixel_sdk_custom_interfaces/include/dynamixel_sdk_custom_interfaces/srv
[0.599s] -- Up-to-date: /home/vietdh/ros2_final/install/dynamixel_sdk_custom_interfaces/include/dynamixel_sdk_custom_interfaces/srv/detail
[0.599s] -- Up-to-date: /home/vietdh/ros2_final/install/dynamixel_sdk_custom_interfaces/include/dynamixel_sdk_custom_interfaces/srv/detail/get_position__type_support.c
[0.600s] -- Up-to-date: /home/vietdh/ros2_final/install/dynamixel_sdk_custom_interfaces/include/dynamixel_sdk_custom_interfaces/srv/detail/get_position__rosidl_typesupport_introspection_c.h
[0.600s] -- Up-to-date: /home/vietdh/ros2_final/install/dynamixel_sdk_custom_interfaces/lib/libdynamixel_sdk_custom_interfaces__rosidl_typesupport_introspection_c.so
[0.600s] -- Up-to-date: /home/vietdh/ros2_final/install/dynamixel_sdk_custom_interfaces/lib/libdynamixel_sdk_custom_interfaces__rosidl_typesupport_c.so
[0.600s] -- Up-to-date: /home/vietdh/ros2_final/install/dynamixel_sdk_custom_interfaces/include/dynamixel_sdk_custom_interfaces
[0.600s] -- Up-to-date: /home/vietdh/ros2_final/install/dynamixel_sdk_custom_interfaces/include/dynamixel_sdk_custom_interfaces/msg
[0.600s] -- Up-to-date: /home/vietdh/ros2_final/install/dynamixel_sdk_custom_interfaces/include/dynamixel_sdk_custom_interfaces/msg/detail
[0.600s] -- Up-to-date: /home/vietdh/ros2_final/install/dynamixel_sdk_custom_interfaces/include/dynamixel_sdk_custom_interfaces/msg/detail/set_position__builder.hpp
[0.600s] -- Up-to-date: /home/vietdh/ros2_final/install/dynamixel_sdk_custom_interfaces/include/dynamixel_sdk_custom_interfaces/msg/detail/set_position__traits.hpp
[0.600s] -- Up-to-date: /home/vietdh/ros2_final/install/dynamixel_sdk_custom_interfaces/include/dynamixel_sdk_custom_interfaces/msg/detail/set_position__struct.hpp
[0.602s] -- Up-to-date: /home/vietdh/ros2_final/install/dynamixel_sdk_custom_interfaces/include/dynamixel_sdk_custom_interfaces/msg/set_position.hpp
[0.603s] -- Up-to-date: /home/vietdh/ros2_final/install/dynamixel_sdk_custom_interfaces/include/dynamixel_sdk_custom_interfaces/srv
[0.603s] -- Up-to-date: /home/vietdh/ros2_final/install/dynamixel_sdk_custom_interfaces/include/dynamixel_sdk_custom_interfaces/srv/get_position.hpp
[0.603s] -- Up-to-date: /home/vietdh/ros2_final/install/dynamixel_sdk_custom_interfaces/include/dynamixel_sdk_custom_interfaces/srv/detail
[0.603s] -- Up-to-date: /home/vietdh/ros2_final/install/dynamixel_sdk_custom_interfaces/include/dynamixel_sdk_custom_interfaces/srv/detail/get_position__builder.hpp
[0.603s] -- Up-to-date: /home/vietdh/ros2_final/install/dynamixel_sdk_custom_interfaces/include/dynamixel_sdk_custom_interfaces/srv/detail/get_position__struct.hpp
[0.603s] -- Up-to-date: /home/vietdh/ros2_final/install/dynamixel_sdk_custom_interfaces/include/dynamixel_sdk_custom_interfaces/srv/detail/get_position__traits.hpp
[0.603s] -- Up-to-date: /home/vietdh/ros2_final/install/dynamixel_sdk_custom_interfaces/include/dynamixel_sdk_custom_interfaces
[0.603s] -- Up-to-date: /home/vietdh/ros2_final/install/dynamixel_sdk_custom_interfaces/include/dynamixel_sdk_custom_interfaces/msg
[0.603s] -- Up-to-date: /home/vietdh/ros2_final/install/dynamixel_sdk_custom_interfaces/include/dynamixel_sdk_custom_interfaces/msg/detail
[0.603s] -- Up-to-date: /home/vietdh/ros2_final/install/dynamixel_sdk_custom_interfaces/include/dynamixel_sdk_custom_interfaces/msg/detail/set_position__rosidl_typesupport_introspection_cpp.hpp
[0.603s] -- Up-to-date: /home/vietdh/ros2_final/install/dynamixel_sdk_custom_interfaces/include/dynamixel_sdk_custom_interfaces/msg/detail/set_position__type_support.cpp
[0.603s] -- Up-to-date: /home/vietdh/ros2_final/install/dynamixel_sdk_custom_interfaces/include/dynamixel_sdk_custom_interfaces/srv
[0.603s] -- Up-to-date: /home/vietdh/ros2_final/install/dynamixel_sdk_custom_interfaces/include/dynamixel_sdk_custom_interfaces/srv/detail
[0.603s] -- Up-to-date: /home/vietdh/ros2_final/install/dynamixel_sdk_custom_interfaces/include/dynamixel_sdk_custom_interfaces/srv/detail/get_position__type_support.cpp
[0.603s] -- Up-to-date: /home/vietdh/ros2_final/install/dynamixel_sdk_custom_interfaces/include/dynamixel_sdk_custom_interfaces/srv/detail/get_position__rosidl_typesupport_introspection_cpp.hpp
[0.604s] -- Up-to-date: /home/vietdh/ros2_final/install/dynamixel_sdk_custom_interfaces/lib/libdynamixel_sdk_custom_interfaces__rosidl_typesupport_introspection_cpp.so
[0.604s] -- Up-to-date: /home/vietdh/ros2_final/install/dynamixel_sdk_custom_interfaces/lib/libdynamixel_sdk_custom_interfaces__rosidl_typesupport_cpp.so
[0.604s] -- Up-to-date: /home/vietdh/ros2_final/install/dynamixel_sdk_custom_interfaces/share/dynamixel_sdk_custom_interfaces/environment/pythonpath.sh
[0.604s] -- Up-to-date: /home/vietdh/ros2_final/install/dynamixel_sdk_custom_interfaces/share/dynamixel_sdk_custom_interfaces/environment/pythonpath.dsv
[0.604s] -- Up-to-date: /home/vietdh/ros2_final/install/dynamixel_sdk_custom_interfaces/lib/python3.8/site-packages/dynamixel_sdk_custom_interfaces/__init__.py
[0.604s] -- Up-to-date: /home/vietdh/ros2_final/install/dynamixel_sdk_custom_interfaces/lib/python3.8/site-packages/dynamixel_sdk_custom_interfaces/msg
[0.604s] -- Up-to-date: /home/vietdh/ros2_final/install/dynamixel_sdk_custom_interfaces/lib/python3.8/site-packages/dynamixel_sdk_custom_interfaces/msg/_set_position_s.c
[0.604s] -- Up-to-date: /home/vietdh/ros2_final/install/dynamixel_sdk_custom_interfaces/lib/python3.8/site-packages/dynamixel_sdk_custom_interfaces/msg/__init__.py
[0.604s] -- Up-to-date: /home/vietdh/ros2_final/install/dynamixel_sdk_custom_interfaces/lib/python3.8/site-packages/dynamixel_sdk_custom_interfaces/msg/_set_position.py
[0.604s] -- Up-to-date: /home/vietdh/ros2_final/install/dynamixel_sdk_custom_interfaces/lib/python3.8/site-packages/dynamixel_sdk_custom_interfaces/srv
[0.604s] -- Up-to-date: /home/vietdh/ros2_final/install/dynamixel_sdk_custom_interfaces/lib/python3.8/site-packages/dynamixel_sdk_custom_interfaces/srv/_get_position_s.c
[0.604s] -- Up-to-date: /home/vietdh/ros2_final/install/dynamixel_sdk_custom_interfaces/lib/python3.8/site-packages/dynamixel_sdk_custom_interfaces/srv/__init__.py
[0.604s] -- Up-to-date: /home/vietdh/ros2_final/install/dynamixel_sdk_custom_interfaces/lib/python3.8/site-packages/dynamixel_sdk_custom_interfaces/srv/_get_position.py
[0.604s] -- Up-to-date: /home/vietdh/ros2_final/install/dynamixel_sdk_custom_interfaces/lib/python3.8/site-packages/dynamixel_sdk_custom_interfaces/dynamixel_sdk_custom_interfaces_s__rosidl_typesupport_fastrtps_c.cpython-38-x86_64-linux-gnu.so
[0.604s] -- Up-to-date: /home/vietdh/ros2_final/install/dynamixel_sdk_custom_interfaces/lib/python3.8/site-packages/dynamixel_sdk_custom_interfaces/dynamixel_sdk_custom_interfaces_s__rosidl_typesupport_introspection_c.cpython-38-x86_64-linux-gnu.so
[0.604s] -- Up-to-date: /home/vietdh/ros2_final/install/dynamixel_sdk_custom_interfaces/lib/python3.8/site-packages/dynamixel_sdk_custom_interfaces/dynamixel_sdk_custom_interfaces_s__rosidl_typesupport_c.cpython-38-x86_64-linux-gnu.so
[0.605s] -- Up-to-date: /home/vietdh/ros2_final/install/dynamixel_sdk_custom_interfaces/lib/libdynamixel_sdk_custom_interfaces__python.so
[0.605s] -- Up-to-date: /home/vietdh/ros2_final/install/dynamixel_sdk_custom_interfaces/share/dynamixel_sdk_custom_interfaces/msg/SetPosition.idl
[0.605s] -- Up-to-date: /home/vietdh/ros2_final/install/dynamixel_sdk_custom_interfaces/share/dynamixel_sdk_custom_interfaces/srv/GetPosition.idl
[0.605s] -- Up-to-date: /home/vietdh/ros2_final/install/dynamixel_sdk_custom_interfaces/share/dynamixel_sdk_custom_interfaces/msg/SetPosition.msg
[0.605s] -- Up-to-date: /home/vietdh/ros2_final/install/dynamixel_sdk_custom_interfaces/share/dynamixel_sdk_custom_interfaces/srv/GetPosition.srv
[0.605s] -- Up-to-date: /home/vietdh/ros2_final/install/dynamixel_sdk_custom_interfaces/share/dynamixel_sdk_custom_interfaces/srv/GetPosition_Request.msg
[0.605s] -- Up-to-date: /home/vietdh/ros2_final/install/dynamixel_sdk_custom_interfaces/share/dynamixel_sdk_custom_interfaces/srv/GetPosition_Response.msg
[0.605s] -- Up-to-date: /home/vietdh/ros2_final/install/dynamixel_sdk_custom_interfaces/share/ament_index/resource_index/package_run_dependencies/dynamixel_sdk_custom_interfaces
[0.605s] -- Up-to-date: /home/vietdh/ros2_final/install/dynamixel_sdk_custom_interfaces/share/ament_index/resource_index/parent_prefix_path/dynamixel_sdk_custom_interfaces
[0.605s] -- Up-to-date: /home/vietdh/ros2_final/install/dynamixel_sdk_custom_interfaces/share/dynamixel_sdk_custom_interfaces/environment/ament_prefix_path.sh
[0.605s] -- Up-to-date: /home/vietdh/ros2_final/install/dynamixel_sdk_custom_interfaces/share/dynamixel_sdk_custom_interfaces/environment/ament_prefix_path.dsv
[0.605s] -- Up-to-date: /home/vietdh/ros2_final/install/dynamixel_sdk_custom_interfaces/share/dynamixel_sdk_custom_interfaces/environment/path.sh
[0.605s] -- Up-to-date: /home/vietdh/ros2_final/install/dynamixel_sdk_custom_interfaces/share/dynamixel_sdk_custom_interfaces/environment/path.dsv
[0.605s] -- Up-to-date: /home/vietdh/ros2_final/install/dynamixel_sdk_custom_interfaces/share/dynamixel_sdk_custom_interfaces/local_setup.bash
[0.605s] -- Up-to-date: /home/vietdh/ros2_final/install/dynamixel_sdk_custom_interfaces/share/dynamixel_sdk_custom_interfaces/local_setup.sh
[0.605s] -- Up-to-date: /home/vietdh/ros2_final/install/dynamixel_sdk_custom_interfaces/share/dynamixel_sdk_custom_interfaces/local_setup.zsh
[0.605s] -- Up-to-date: /home/vietdh/ros2_final/install/dynamixel_sdk_custom_interfaces/share/dynamixel_sdk_custom_interfaces/local_setup.dsv
[0.606s] -- Installing: /home/vietdh/ros2_final/install/dynamixel_sdk_custom_interfaces/share/dynamixel_sdk_custom_interfaces/package.dsv
[0.606s] -- Up-to-date: /home/vietdh/ros2_final/install/dynamixel_sdk_custom_interfaces/share/ament_index/resource_index/packages/dynamixel_sdk_custom_interfaces
[0.606s] -- Up-to-date: /home/vietdh/ros2_final/install/dynamixel_sdk_custom_interfaces/share/dynamixel_sdk_custom_interfaces/cmake/dynamixel_sdk_custom_interfaces__rosidl_generator_cExport.cmake
[0.606s] -- Up-to-date: /home/vietdh/ros2_final/install/dynamixel_sdk_custom_interfaces/share/dynamixel_sdk_custom_interfaces/cmake/dynamixel_sdk_custom_interfaces__rosidl_generator_cExport-noconfig.cmake
[0.606s] -- Up-to-date: /home/vietdh/ros2_final/install/dynamixel_sdk_custom_interfaces/share/dynamixel_sdk_custom_interfaces/cmake/dynamixel_sdk_custom_interfaces__rosidl_typesupport_introspection_cExport.cmake
[0.606s] -- Up-to-date: /home/vietdh/ros2_final/install/dynamixel_sdk_custom_interfaces/share/dynamixel_sdk_custom_interfaces/cmake/dynamixel_sdk_custom_interfaces__rosidl_typesupport_introspection_cExport-noconfig.cmake
[0.606s] -- Up-to-date: /home/vietdh/ros2_final/install/dynamixel_sdk_custom_interfaces/share/dynamixel_sdk_custom_interfaces/cmake/dynamixel_sdk_custom_interfaces__rosidl_typesupport_cExport.cmake
[0.606s] -- Up-to-date: /home/vietdh/ros2_final/install/dynamixel_sdk_custom_interfaces/share/dynamixel_sdk_custom_interfaces/cmake/dynamixel_sdk_custom_interfaces__rosidl_typesupport_cExport-noconfig.cmake
[0.606s] -- Up-to-date: /home/vietdh/ros2_final/install/dynamixel_sdk_custom_interfaces/share/dynamixel_sdk_custom_interfaces/cmake/dynamixel_sdk_custom_interfaces__rosidl_generator_cppExport.cmake
[0.606s] -- Up-to-date: /home/vietdh/ros2_final/install/dynamixel_sdk_custom_interfaces/share/dynamixel_sdk_custom_interfaces/cmake/dynamixel_sdk_custom_interfaces__rosidl_typesupport_introspection_cppExport.cmake
[0.606s] -- Up-to-date: /home/vietdh/ros2_final/install/dynamixel_sdk_custom_interfaces/share/dynamixel_sdk_custom_interfaces/cmake/dynamixel_sdk_custom_interfaces__rosidl_typesupport_introspection_cppExport-noconfig.cmake
[0.606s] -- Up-to-date: /home/vietdh/ros2_final/install/dynamixel_sdk_custom_interfaces/share/dynamixel_sdk_custom_interfaces/cmake/dynamixel_sdk_custom_interfaces__rosidl_typesupport_cppExport.cmake
[0.606s] -- Up-to-date: /home/vietdh/ros2_final/install/dynamixel_sdk_custom_interfaces/share/dynamixel_sdk_custom_interfaces/cmake/dynamixel_sdk_custom_interfaces__rosidl_typesupport_cppExport-noconfig.cmake
[0.606s] -- Up-to-date: /home/vietdh/ros2_final/install/dynamixel_sdk_custom_interfaces/share/dynamixel_sdk_custom_interfaces/cmake/rosidl_cmake-extras.cmake
[0.606s] -- Up-to-date: /home/vietdh/ros2_final/install/dynamixel_sdk_custom_interfaces/share/dynamixel_sdk_custom_interfaces/cmake/ament_cmake_export_dependencies-extras.cmake
[0.607s] -- Up-to-date: /home/vietdh/ros2_final/install/dynamixel_sdk_custom_interfaces/share/dynamixel_sdk_custom_interfaces/cmake/ament_cmake_export_libraries-extras.cmake
[0.607s] -- Up-to-date: /home/vietdh/ros2_final/install/dynamixel_sdk_custom_interfaces/share/dynamixel_sdk_custom_interfaces/cmake/ament_cmake_export_targets-extras.cmake
[0.607s] -- Up-to-date: /home/vietdh/ros2_final/install/dynamixel_sdk_custom_interfaces/share/dynamixel_sdk_custom_interfaces/cmake/ament_cmake_export_include_directories-extras.cmake
[0.607s] -- Up-to-date: /home/vietdh/ros2_final/install/dynamixel_sdk_custom_interfaces/share/dynamixel_sdk_custom_interfaces/cmake/rosidl_cmake_export_typesupport_libraries-extras.cmake
[0.607s] -- Up-to-date: /home/vietdh/ros2_final/install/dynamixel_sdk_custom_interfaces/share/dynamixel_sdk_custom_interfaces/cmake/rosidl_cmake_export_typesupport_targets-extras.cmake
[0.607s] -- Up-to-date: /home/vietdh/ros2_final/install/dynamixel_sdk_custom_interfaces/share/dynamixel_sdk_custom_interfaces/cmake/dynamixel_sdk_custom_interfacesConfig.cmake
[0.607s] -- Up-to-date: /home/vietdh/ros2_final/install/dynamixel_sdk_custom_interfaces/share/dynamixel_sdk_custom_interfaces/cmake/dynamixel_sdk_custom_interfacesConfig-version.cmake
[0.607s] -- Up-to-date: /home/vietdh/ros2_final/install/dynamixel_sdk_custom_interfaces/share/dynamixel_sdk_custom_interfaces/package.xml
[0.687s] Invoked command in '/home/vietdh/ros2_final/build/dynamixel_sdk_custom_interfaces' returned '0': CMAKE_PREFIX_PATH=${CMAKE_PREFIX_PATH}:/home/vietdh/ros2_final/install/examples_rclpy_minimal_subscriber:/home/vietdh/ros2_final/install/examples_rclpy_minimal_service:/home/vietdh/ros2_final/install/examples_rclpy_minimal_publisher:/home/vietdh/ros2_final/install/examples_rclpy_minimal_client:/home/vietdh/ros2_final/install/examples_rclpy_minimal_action_server:/home/vietdh/ros2_final/install/examples_rclpy_minimal_action_client:/home/vietdh/ros2_final/install/examples_rclpy_executors:/opt/ros/foxy /usr/bin/cmake --install /home/vietdh/ros2_final/build/dynamixel_sdk_custom_interfaces
