[0.078s] Invoking command in '/home/vietdh/servo_node/build/examples_rclcpp_minimal_action_client': CMAKE_PREFIX_PATH=${CMAKE_PREFIX_PATH}:/home/vietdh/servo_node/install/examples_rclpy_minimal_subscriber:/home/vietdh/servo_node/install/examples_rclpy_minimal_service:/home/vietdh/servo_node/install/examples_rclpy_minimal_publisher:/home/vietdh/servo_node/install/examples_rclpy_minimal_client:/home/vietdh/servo_node/install/examples_rclpy_minimal_action_server:/home/vietdh/servo_node/install/examples_rclpy_minimal_action_client:/home/vietdh/servo_node/install/examples_rclpy_executors:/opt/ros/foxy /usr/bin/cmake --build /home/vietdh/servo_node/build/examples_rclcpp_minimal_action_client -- -j12 -l12
[0.352s] [ 25%] Built target action_client_not_composable
[0.353s] [ 50%] Built target action_client_not_composable_with_cancel
[0.353s] [ 75%] Built target action_client_not_composable_with_feedback
[0.353s] [100%] Built target action_client_member_functions
[0.353s] CMake Error: The current CMakeCache.txt directory /home/vietdh/servo_node/build/examples_rclcpp_minimal_action_client/CMakeCache.txt is different than the directory /home/vietdh/ros2_final/build/examples_rclcpp_minimal_action_client where CMakeCache.txt was created. This may result in binaries being created in the wrong place. If you are not sure, reedit the CMakeCache.txt
[0.367s] Invoked command in '/home/vietdh/servo_node/build/examples_rclcpp_minimal_action_client' returned '0': CMAKE_PREFIX_PATH=${CMAKE_PREFIX_PATH}:/home/vietdh/servo_node/install/examples_rclpy_minimal_subscriber:/home/vietdh/servo_node/install/examples_rclpy_minimal_service:/home/vietdh/servo_node/install/examples_rclpy_minimal_publisher:/home/vietdh/servo_node/install/examples_rclpy_minimal_client:/home/vietdh/servo_node/install/examples_rclpy_minimal_action_server:/home/vietdh/servo_node/install/examples_rclpy_minimal_action_client:/home/vietdh/servo_node/install/examples_rclpy_executors:/opt/ros/foxy /usr/bin/cmake --build /home/vietdh/servo_node/build/examples_rclcpp_minimal_action_client -- -j12 -l12
[0.397s] Invoking command in '/home/vietdh/servo_node/build/examples_rclcpp_minimal_action_client': CMAKE_PREFIX_PATH=${CMAKE_PREFIX_PATH}:/home/vietdh/servo_node/install/examples_rclpy_minimal_subscriber:/home/vietdh/servo_node/install/examples_rclpy_minimal_service:/home/vietdh/servo_node/install/examples_rclpy_minimal_publisher:/home/vietdh/servo_node/install/examples_rclpy_minimal_client:/home/vietdh/servo_node/install/examples_rclpy_minimal_action_server:/home/vietdh/servo_node/install/examples_rclpy_minimal_action_client:/home/vietdh/servo_node/install/examples_rclpy_executors:/opt/ros/foxy /usr/bin/cmake --install /home/vietdh/servo_node/build/examples_rclcpp_minimal_action_client
[0.407s] -- Install configuration: ""
[0.407s] -- Up-to-date: /home/vietdh/ros2_final/install/examples_rclcpp_minimal_action_client/lib/examples_rclcpp_minimal_action_client/action_client_member_functions
[0.408s] -- Up-to-date: /home/vietdh/ros2_final/install/examples_rclcpp_minimal_action_client/lib/examples_rclcpp_minimal_action_client/action_client_not_composable
[0.408s] -- Up-to-date: /home/vietdh/ros2_final/install/examples_rclcpp_minimal_action_client/lib/examples_rclcpp_minimal_action_client/action_client_not_composable_with_cancel
[0.408s] -- Up-to-date: /home/vietdh/ros2_final/install/examples_rclcpp_minimal_action_client/lib/examples_rclcpp_minimal_action_client/action_client_not_composable_with_feedback
[0.408s] -- Up-to-date: /home/vietdh/ros2_final/install/examples_rclcpp_minimal_action_client/share/ament_index/resource_index/package_run_dependencies/examples_rclcpp_minimal_action_client
[0.408s] -- Up-to-date: /home/vietdh/ros2_final/install/examples_rclcpp_minimal_action_client/share/ament_index/resource_index/parent_prefix_path/examples_rclcpp_minimal_action_client
[0.408s] -- Up-to-date: /home/vietdh/ros2_final/install/examples_rclcpp_minimal_action_client/share/examples_rclcpp_minimal_action_client/environment/ament_prefix_path.sh
[0.408s] -- Up-to-date: /home/vietdh/ros2_final/install/examples_rclcpp_minimal_action_client/share/examples_rclcpp_minimal_action_client/environment/ament_prefix_path.dsv
[0.409s] -- Up-to-date: /home/vietdh/ros2_final/install/examples_rclcpp_minimal_action_client/share/examples_rclcpp_minimal_action_client/environment/path.sh
[0.409s] -- Up-to-date: /home/vietdh/ros2_final/install/examples_rclcpp_minimal_action_client/share/examples_rclcpp_minimal_action_client/environment/path.dsv
[0.409s] -- Up-to-date: /home/vietdh/ros2_final/install/examples_rclcpp_minimal_action_client/share/examples_rclcpp_minimal_action_client/local_setup.bash
[0.409s] -- Up-to-date: /home/vietdh/ros2_final/install/examples_rclcpp_minimal_action_client/share/examples_rclcpp_minimal_action_client/local_setup.sh
[0.409s] -- Up-to-date: /home/vietdh/ros2_final/install/examples_rclcpp_minimal_action_client/share/examples_rclcpp_minimal_action_client/local_setup.zsh
[0.409s] -- Up-to-date: /home/vietdh/ros2_final/install/examples_rclcpp_minimal_action_client/share/examples_rclcpp_minimal_action_client/local_setup.dsv
[0.410s] -- Installing: /home/vietdh/ros2_final/install/examples_rclcpp_minimal_action_client/share/examples_rclcpp_minimal_action_client/package.dsv
[0.411s] -- Up-to-date: /home/vietdh/ros2_final/install/examples_rclcpp_minimal_action_client/share/ament_index/resource_index/packages/examples_rclcpp_minimal_action_client
[0.412s] -- Up-to-date: /home/vietdh/ros2_final/install/examples_rclcpp_minimal_action_client/share/examples_rclcpp_minimal_action_client/cmake/examples_rclcpp_minimal_action_clientConfig.cmake
[0.412s] -- Up-to-date: /home/vietdh/ros2_final/install/examples_rclcpp_minimal_action_client/share/examples_rclcpp_minimal_action_client/cmake/examples_rclcpp_minimal_action_clientConfig-version.cmake
[0.412s] -- Up-to-date: /home/vietdh/ros2_final/install/examples_rclcpp_minimal_action_client/share/examples_rclcpp_minimal_action_client/package.xml
[0.465s] Invoked command in '/home/vietdh/servo_node/build/examples_rclcpp_minimal_action_client' returned '0': CMAKE_PREFIX_PATH=${CMAKE_PREFIX_PATH}:/home/vietdh/servo_node/install/examples_rclpy_minimal_subscriber:/home/vietdh/servo_node/install/examples_rclpy_minimal_service:/home/vietdh/servo_node/install/examples_rclpy_minimal_publisher:/home/vietdh/servo_node/install/examples_rclpy_minimal_client:/home/vietdh/servo_node/install/examples_rclpy_minimal_action_server:/home/vietdh/servo_node/install/examples_rclpy_minimal_action_client:/home/vietdh/servo_node/install/examples_rclpy_executors:/opt/ros/foxy /usr/bin/cmake --install /home/vietdh/servo_node/build/examples_rclcpp_minimal_action_client
