[0.063s] Invoking command in '/home/vietdh/ros2_final/build/examples_rclcpp_minimal_service': CMAKE_PREFIX_PATH=/opt/ros/foxy /usr/bin/cmake --build /home/vietdh/ros2_final/build/examples_rclcpp_minimal_service -- -j12 -l12
[0.376s] [100%] Built target service_main
[0.388s] Invoked command in '/home/vietdh/ros2_final/build/examples_rclcpp_minimal_service' returned '0': CMAKE_PREFIX_PATH=/opt/ros/foxy /usr/bin/cmake --build /home/vietdh/ros2_final/build/examples_rclcpp_minimal_service -- -j12 -l12
[0.434s] Invoking command in '/home/vietdh/ros2_final/build/examples_rclcpp_minimal_service': CMAKE_PREFIX_PATH=/opt/ros/foxy /usr/bin/cmake --install /home/vietdh/ros2_final/build/examples_rclcpp_minimal_service
[0.450s] -- Install configuration: ""
[0.450s] -- Up-to-date: /home/vietdh/ros2_final/install/examples_rclcpp_minimal_service/lib/examples_rclcpp_minimal_service/service_main
[0.450s] -- Up-to-date: /home/vietdh/ros2_final/install/examples_rclcpp_minimal_service/share/ament_index/resource_index/package_run_dependencies/examples_rclcpp_minimal_service
[0.450s] -- Up-to-date: /home/vietdh/ros2_final/install/examples_rclcpp_minimal_service/share/ament_index/resource_index/parent_prefix_path/examples_rclcpp_minimal_service
[0.450s] -- Up-to-date: /home/vietdh/ros2_final/install/examples_rclcpp_minimal_service/share/examples_rclcpp_minimal_service/environment/ament_prefix_path.sh
[0.451s] -- Up-to-date: /home/vietdh/ros2_final/install/examples_rclcpp_minimal_service/share/examples_rclcpp_minimal_service/environment/ament_prefix_path.dsv
[0.451s] -- Up-to-date: /home/vietdh/ros2_final/install/examples_rclcpp_minimal_service/share/examples_rclcpp_minimal_service/environment/path.sh
[0.451s] -- Up-to-date: /home/vietdh/ros2_final/install/examples_rclcpp_minimal_service/share/examples_rclcpp_minimal_service/environment/path.dsv
[0.451s] -- Up-to-date: /home/vietdh/ros2_final/install/examples_rclcpp_minimal_service/share/examples_rclcpp_minimal_service/local_setup.bash
[0.451s] -- Up-to-date: /home/vietdh/ros2_final/install/examples_rclcpp_minimal_service/share/examples_rclcpp_minimal_service/local_setup.sh
[0.451s] -- Up-to-date: /home/vietdh/ros2_final/install/examples_rclcpp_minimal_service/share/examples_rclcpp_minimal_service/local_setup.zsh
[0.452s] -- Up-to-date: /home/vietdh/ros2_final/install/examples_rclcpp_minimal_service/share/examples_rclcpp_minimal_service/local_setup.dsv
[0.452s] -- Installing: /home/vietdh/ros2_final/install/examples_rclcpp_minimal_service/share/examples_rclcpp_minimal_service/package.dsv
[0.452s] -- Up-to-date: /home/vietdh/ros2_final/install/examples_rclcpp_minimal_service/share/ament_index/resource_index/packages/examples_rclcpp_minimal_service
[0.452s] -- Up-to-date: /home/vietdh/ros2_final/install/examples_rclcpp_minimal_service/share/examples_rclcpp_minimal_service/cmake/examples_rclcpp_minimal_serviceConfig.cmake
[0.452s] -- Up-to-date: /home/vietdh/ros2_final/install/examples_rclcpp_minimal_service/share/examples_rclcpp_minimal_service/cmake/examples_rclcpp_minimal_serviceConfig-version.cmake
[0.452s] -- Up-to-date: /home/vietdh/ros2_final/install/examples_rclcpp_minimal_service/share/examples_rclcpp_minimal_service/package.xml
[0.550s] Invoked command in '/home/vietdh/ros2_final/build/examples_rclcpp_minimal_service' returned '0': CMAKE_PREFIX_PATH=/opt/ros/foxy /usr/bin/cmake --install /home/vietdh/ros2_final/build/examples_rclcpp_minimal_service
