[0.060s] Invoking command in '/home/vietdh/ros2_final/build/examples_rclcpp_minimal_action_server': CMAKE_PREFIX_PATH=/opt/ros/foxy /usr/bin/cmake --build /home/vietdh/ros2_final/build/examples_rclcpp_minimal_action_server -- -j12 -l12
[0.390s] [ 50%] Built target action_server_not_composable
[0.390s] [100%] Built target action_server_member_functions
[0.407s] Invoked command in '/home/vietdh/ros2_final/build/examples_rclcpp_minimal_action_server' returned '0': CMAKE_PREFIX_PATH=/opt/ros/foxy /usr/bin/cmake --build /home/vietdh/ros2_final/build/examples_rclcpp_minimal_action_server -- -j12 -l12
[0.451s] Invoking command in '/home/vietdh/ros2_final/build/examples_rclcpp_minimal_action_server': CMAKE_PREFIX_PATH=/opt/ros/foxy /usr/bin/cmake --install /home/vietdh/ros2_final/build/examples_rclcpp_minimal_action_server
[0.469s] -- Install configuration: ""
[0.470s] -- Up-to-date: /home/vietdh/ros2_final/install/examples_rclcpp_minimal_action_server/lib/examples_rclcpp_minimal_action_server/action_server_not_composable
[0.470s] -- Up-to-date: /home/vietdh/ros2_final/install/examples_rclcpp_minimal_action_server/lib/examples_rclcpp_minimal_action_server/action_server_member_functions
[0.470s] -- Up-to-date: /home/vietdh/ros2_final/install/examples_rclcpp_minimal_action_server/share/ament_index/resource_index/package_run_dependencies/examples_rclcpp_minimal_action_server
[0.470s] -- Up-to-date: /home/vietdh/ros2_final/install/examples_rclcpp_minimal_action_server/share/ament_index/resource_index/parent_prefix_path/examples_rclcpp_minimal_action_server
[0.470s] -- Up-to-date: /home/vietdh/ros2_final/install/examples_rclcpp_minimal_action_server/share/examples_rclcpp_minimal_action_server/environment/ament_prefix_path.sh
[0.470s] -- Up-to-date: /home/vietdh/ros2_final/install/examples_rclcpp_minimal_action_server/share/examples_rclcpp_minimal_action_server/environment/ament_prefix_path.dsv
[0.470s] -- Up-to-date: /home/vietdh/ros2_final/install/examples_rclcpp_minimal_action_server/share/examples_rclcpp_minimal_action_server/environment/path.sh
[0.470s] -- Up-to-date: /home/vietdh/ros2_final/install/examples_rclcpp_minimal_action_server/share/examples_rclcpp_minimal_action_server/environment/path.dsv
[0.470s] -- Up-to-date: /home/vietdh/ros2_final/install/examples_rclcpp_minimal_action_server/share/examples_rclcpp_minimal_action_server/local_setup.bash
[0.470s] -- Up-to-date: /home/vietdh/ros2_final/install/examples_rclcpp_minimal_action_server/share/examples_rclcpp_minimal_action_server/local_setup.sh
[0.470s] -- Up-to-date: /home/vietdh/ros2_final/install/examples_rclcpp_minimal_action_server/share/examples_rclcpp_minimal_action_server/local_setup.zsh
[0.470s] -- Up-to-date: /home/vietdh/ros2_final/install/examples_rclcpp_minimal_action_server/share/examples_rclcpp_minimal_action_server/local_setup.dsv
[0.470s] -- Installing: /home/vietdh/ros2_final/install/examples_rclcpp_minimal_action_server/share/examples_rclcpp_minimal_action_server/package.dsv
[0.470s] -- Up-to-date: /home/vietdh/ros2_final/install/examples_rclcpp_minimal_action_server/share/ament_index/resource_index/packages/examples_rclcpp_minimal_action_server
[0.470s] -- Up-to-date: /home/vietdh/ros2_final/install/examples_rclcpp_minimal_action_server/share/examples_rclcpp_minimal_action_server/cmake/examples_rclcpp_minimal_action_serverConfig.cmake
[0.470s] -- Up-to-date: /home/vietdh/ros2_final/install/examples_rclcpp_minimal_action_server/share/examples_rclcpp_minimal_action_server/cmake/examples_rclcpp_minimal_action_serverConfig-version.cmake
[0.470s] -- Up-to-date: /home/vietdh/ros2_final/install/examples_rclcpp_minimal_action_server/share/examples_rclcpp_minimal_action_server/package.xml
[0.530s] Invoked command in '/home/vietdh/ros2_final/build/examples_rclcpp_minimal_action_server' returned '0': CMAKE_PREFIX_PATH=/opt/ros/foxy /usr/bin/cmake --install /home/vietdh/ros2_final/build/examples_rclcpp_minimal_action_server
