[0.095s] Invoking command in '/home/vietdh/ros2_final/build/examples_rclcpp_multithreaded_executor': CMAKE_PREFIX_PATH=/opt/ros/foxy /usr/bin/cmake --build /home/vietdh/ros2_final/build/examples_rclcpp_multithreaded_executor -- -j12 -l12
[0.363s] [100%] Built target multithreaded_executor
[0.378s] Invoked command in '/home/vietdh/ros2_final/build/examples_rclcpp_multithreaded_executor' returned '0': CMAKE_PREFIX_PATH=/opt/ros/foxy /usr/bin/cmake --build /home/vietdh/ros2_final/build/examples_rclcpp_multithreaded_executor -- -j12 -l12
[0.459s] Invoking command in '/home/vietdh/ros2_final/build/examples_rclcpp_multithreaded_executor': CMAKE_PREFIX_PATH=/opt/ros/foxy /usr/bin/cmake --install /home/vietdh/ros2_final/build/examples_rclcpp_multithreaded_executor
[0.524s] -- Install configuration: ""
[0.524s] -- Up-to-date: /home/vietdh/ros2_final/install/examples_rclcpp_multithreaded_executor/lib/examples_rclcpp_multithreaded_executor/multithreaded_executor
[0.524s] -- Up-to-date: /home/vietdh/ros2_final/install/examples_rclcpp_multithreaded_executor/share/ament_index/resource_index/package_run_dependencies/examples_rclcpp_multithreaded_executor
[0.524s] -- Up-to-date: /home/vietdh/ros2_final/install/examples_rclcpp_multithreaded_executor/share/ament_index/resource_index/parent_prefix_path/examples_rclcpp_multithreaded_executor
[0.524s] -- Up-to-date: /home/vietdh/ros2_final/install/examples_rclcpp_multithreaded_executor/share/examples_rclcpp_multithreaded_executor/environment/ament_prefix_path.sh
[0.524s] -- Up-to-date: /home/vietdh/ros2_final/install/examples_rclcpp_multithreaded_executor/share/examples_rclcpp_multithreaded_executor/environment/ament_prefix_path.dsv
[0.524s] -- Up-to-date: /home/vietdh/ros2_final/install/examples_rclcpp_multithreaded_executor/share/examples_rclcpp_multithreaded_executor/environment/path.sh
[0.524s] -- Up-to-date: /home/vietdh/ros2_final/install/examples_rclcpp_multithreaded_executor/share/examples_rclcpp_multithreaded_executor/environment/path.dsv
[0.524s] -- Up-to-date: /home/vietdh/ros2_final/install/examples_rclcpp_multithreaded_executor/share/examples_rclcpp_multithreaded_executor/local_setup.bash
[0.524s] -- Up-to-date: /home/vietdh/ros2_final/install/examples_rclcpp_multithreaded_executor/share/examples_rclcpp_multithreaded_executor/local_setup.sh
[0.524s] -- Up-to-date: /home/vietdh/ros2_final/install/examples_rclcpp_multithreaded_executor/share/examples_rclcpp_multithreaded_executor/local_setup.zsh
[0.525s] -- Up-to-date: /home/vietdh/ros2_final/install/examples_rclcpp_multithreaded_executor/share/examples_rclcpp_multithreaded_executor/local_setup.dsv
[0.525s] -- Installing: /home/vietdh/ros2_final/install/examples_rclcpp_multithreaded_executor/share/examples_rclcpp_multithreaded_executor/package.dsv
[0.525s] -- Up-to-date: /home/vietdh/ros2_final/install/examples_rclcpp_multithreaded_executor/share/ament_index/resource_index/packages/examples_rclcpp_multithreaded_executor
[0.525s] -- Up-to-date: /home/vietdh/ros2_final/install/examples_rclcpp_multithreaded_executor/share/examples_rclcpp_multithreaded_executor/cmake/examples_rclcpp_multithreaded_executorConfig.cmake
[0.525s] -- Up-to-date: /home/vietdh/ros2_final/install/examples_rclcpp_multithreaded_executor/share/examples_rclcpp_multithreaded_executor/cmake/examples_rclcpp_multithreaded_executorConfig-version.cmake
[0.525s] -- Up-to-date: /home/vietdh/ros2_final/install/examples_rclcpp_multithreaded_executor/share/examples_rclcpp_multithreaded_executor/package.xml
[0.578s] Invoked command in '/home/vietdh/ros2_final/build/examples_rclcpp_multithreaded_executor' returned '0': CMAKE_PREFIX_PATH=/opt/ros/foxy /usr/bin/cmake --install /home/vietdh/ros2_final/build/examples_rclcpp_multithreaded_executor
