-- The C compiler identification is GNU 9.4.0
-- The CXX compiler identification is GNU 9.4.0
-- Check for working C compiler: /usr/bin/cc
-- Check for working C compiler: /usr/bin/cc -- works
-- Detecting C compiler ABI info
-- Detecting C compiler ABI info - done
-- Detecting C compile features
-- Detecting C compile features - done
-- Check for working CXX compiler: /usr/bin/c++
-- Check for working CXX compiler: /usr/bin/c++ -- works
-- Detecting CXX compiler ABI info
-- Detecting CXX compiler ABI info - done
-- Detecting CXX compile features
-- Detecting CXX compile features - done
-- Found ament_cmake: 0.9.11 (/opt/ros/foxy/share/ament_cmake/cmake)
-- Found PythonInterp: /usr/bin/python3 (found suitable version "3.8.10", minimum required is "3") 
-- Using PYTHON_EXECUTABLE: /usr/bin/python3
-- Found rclcpp: 2.4.2 (/opt/ros/foxy/share/rclcpp/cmake)
-- Using all available rosidl_typesupport_c: rosidl_typesupport_fastrtps_c;rosidl_typesupport_introspection_c
-- Found rosidl_adapter: 1.3.0 (/opt/ros/foxy/share/rosidl_adapter/cmake)
-- Found OpenSSL: /usr/lib/x86_64-linux-gnu/libcrypto.so (found version "1.1.1f")  
-- Found FastRTPS: /opt/ros/foxy/include  
-- Using all available rosidl_typesupport_cpp: rosidl_typesupport_fastrtps_cpp;rosidl_typesupport_introspection_cpp
-- Found rmw_implementation_cmake: 1.0.3 (/opt/ros/foxy/share/rmw_implementation_cmake/cmake)
-- Using RMW implementation 'rmw_fastrtps_cpp' as default
-- Looking for pthread.h
-- Looking for pthread.h - found
-- Performing Test CMAKE_HAVE_LIBC_PTHREAD
-- Performing Test CMAKE_HAVE_LIBC_PTHREAD - Failed
-- Looking for pthread_create in pthreads
-- Looking for pthread_create in pthreads - not found
-- Looking for pthread_create in pthread
-- Looking for pthread_create in pthread - found
-- Found Threads: TRUE  
-- Found dynamixel_sdk: 3.7.40 (/home/vietdh/ros2_final/install/dynamixel_sdk/share/dynamixel_sdk/cmake)
-- Found dynamixel_sdk_custom_interfaces: 3.7.40 (/home/vietdh/ros2_final/install/dynamixel_sdk_custom_interfaces/share/dynamixel_sdk_custom_interfaces/cmake)
-- Found ament_lint_auto: 0.9.7 (/opt/ros/foxy/share/ament_lint_auto/cmake)
-- Added test 'copyright' to check source files copyright and LICENSE
-- Added test 'cppcheck' to perform static code analysis on C / C++ code
-- Configured cppcheck include dirs: 
-- Configured cppcheck exclude dirs and/or files: 
-- Added test 'cpplint' to check C / C++ code against the Google style
-- Configured cpplint exclude dirs and/or files: 
-- Added test 'lint_cmake' to check CMake code style
-- Added test 'uncrustify' to check C / C++ code style
-- Configured uncrustify additional arguments: 
-- Added test 'xmllint' to check XML markup files
-- Configuring done
-- Generating done
-- Build files have been written to: /home/vietdh/ros2_final/src/cpp_pubsub/build/cpp_pubsub
[35m[1mScanning dependencies of target talker[0m
[35m[1mScanning dependencies of target test_node[0m
[ 25%] [32mBuilding CXX object CMakeFiles/test_node.dir/src/test_publisher.cpp.o[0m
[ 50%] [32mBuilding CXX object CMakeFiles/talker.dir/src/publisher_member_function.cpp.o[0m
[01m[K/home/vietdh/ros2_final/src/cpp_pubsub/src/publisher_member_function.cpp:[m[K In function ‘[01m[Kvoid inverseKinematics(float, float)[m[K’:
[01m[K/home/vietdh/ros2_final/src/cpp_pubsub/src/publisher_member_function.cpp:32:7:[m[K [01;35m[Kwarning: [m[Kunused variable ‘[01m[Kdynangle1[m[K’ [[01;35m[K-Wunused-variable[m[K]
   32 | float [01;35m[Kdynangle1[m[K;
      |       [01;35m[K^~~~~~~~~[m[K
[01m[K/home/vietdh/ros2_final/src/cpp_pubsub/src/publisher_member_function.cpp:33:7:[m[K [01;35m[Kwarning: [m[Kunused variable ‘[01m[Kdynangle2[m[K’ [[01;35m[K-Wunused-variable[m[K]
   33 | float [01;35m[Kdynangle2[m[K;
      |       [01;35m[K^~~~~~~~~[m[K
[01m[K/home/vietdh/ros2_final/src/cpp_pubsub/src/test_publisher.cpp:[m[K In member function ‘[01m[Kvoid TestPublisher::timer_callback()[m[K’:
[01m[K/home/vietdh/ros2_final/src/cpp_pubsub/src/test_publisher.cpp:29:18:[m[K [01;35m[Kwarning: [m[K‘[01m[Kprediction[m[K’ is used uninitialized in this function [[01;35m[K-Wuninitialized[m[K]
   29 |       [01;35m[Kprediction ++[m[K;
      |       [01;35m[K~~~~~~~~~~~^~[m[K
[ 75%] [32m[1mLinking CXX executable test_node[0m
[ 75%] Built target test_node
[100%] [32m[1mLinking CXX executable talker[0m
[100%] Built target talker
-- Install configuration: ""
-- Installing: /home/vietdh/ros2_final/src/cpp_pubsub/install/cpp_pubsub/lib/cpp_pubsub/test_node
-- Set runtime path of "/home/vietdh/ros2_final/src/cpp_pubsub/install/cpp_pubsub/lib/cpp_pubsub/test_node" to ""
-- Installing: /home/vietdh/ros2_final/src/cpp_pubsub/install/cpp_pubsub/lib/cpp_pubsub/talker
-- Set runtime path of "/home/vietdh/ros2_final/src/cpp_pubsub/install/cpp_pubsub/lib/cpp_pubsub/talker" to ""
-- Installing: /home/vietdh/ros2_final/src/cpp_pubsub/install/cpp_pubsub/share/ament_index/resource_index/package_run_dependencies/cpp_pubsub
-- Installing: /home/vietdh/ros2_final/src/cpp_pubsub/install/cpp_pubsub/share/ament_index/resource_index/parent_prefix_path/cpp_pubsub
-- Installing: /home/vietdh/ros2_final/src/cpp_pubsub/install/cpp_pubsub/share/cpp_pubsub/environment/ament_prefix_path.sh
-- Installing: /home/vietdh/ros2_final/src/cpp_pubsub/install/cpp_pubsub/share/cpp_pubsub/environment/ament_prefix_path.dsv
-- Installing: /home/vietdh/ros2_final/src/cpp_pubsub/install/cpp_pubsub/share/cpp_pubsub/environment/path.sh
-- Installing: /home/vietdh/ros2_final/src/cpp_pubsub/install/cpp_pubsub/share/cpp_pubsub/environment/path.dsv
-- Installing: /home/vietdh/ros2_final/src/cpp_pubsub/install/cpp_pubsub/share/cpp_pubsub/local_setup.bash
-- Installing: /home/vietdh/ros2_final/src/cpp_pubsub/install/cpp_pubsub/share/cpp_pubsub/local_setup.sh
-- Installing: /home/vietdh/ros2_final/src/cpp_pubsub/install/cpp_pubsub/share/cpp_pubsub/local_setup.zsh
-- Installing: /home/vietdh/ros2_final/src/cpp_pubsub/install/cpp_pubsub/share/cpp_pubsub/local_setup.dsv
-- Installing: /home/vietdh/ros2_final/src/cpp_pubsub/install/cpp_pubsub/share/cpp_pubsub/package.dsv
-- Installing: /home/vietdh/ros2_final/src/cpp_pubsub/install/cpp_pubsub/share/ament_index/resource_index/packages/cpp_pubsub
-- Installing: /home/vietdh/ros2_final/src/cpp_pubsub/install/cpp_pubsub/share/cpp_pubsub/cmake/cpp_pubsubConfig.cmake
-- Installing: /home/vietdh/ros2_final/src/cpp_pubsub/install/cpp_pubsub/share/cpp_pubsub/cmake/cpp_pubsubConfig-version.cmake
-- Installing: /home/vietdh/ros2_final/src/cpp_pubsub/install/cpp_pubsub/share/cpp_pubsub/package.xml
