[0.011s] Invoking command in '/home/vietdh/ros2_final/src/cpp_pubsub/build/cpp_pubsub': CMAKE_PREFIX_PATH=${CMAKE_PREFIX_PATH}:/home/vietdh/ros2_final/install/examples_rclpy_minimal_subscriber:/home/vietdh/ros2_final/install/examples_rclpy_minimal_service:/home/vietdh/ros2_final/install/examples_rclpy_minimal_publisher:/home/vietdh/ros2_final/install/examples_rclpy_minimal_client:/home/vietdh/ros2_final/install/examples_rclpy_minimal_action_server:/home/vietdh/ros2_final/install/examples_rclpy_minimal_action_client:/home/vietdh/ros2_final/install/examples_rclpy_executors:/opt/ros/foxy /usr/bin/cmake /home/vietdh/ros2_final/src/cpp_pubsub -DCMAKE_INSTALL_PREFIX=/home/vietdh/ros2_final/src/cpp_pubsub/install/cpp_pubsub
[0.046s] -- The C compiler identification is GNU 9.4.0
[0.082s] -- The CXX compiler identification is GNU 9.4.0
[0.085s] -- Check for working C compiler: /usr/bin/cc
[0.132s] -- Check for working C compiler: /usr/bin/cc -- works
[0.133s] -- Detecting C compiler ABI info
[0.189s] -- Detecting C compiler ABI info - done
[0.201s] -- Detecting C compile features
[0.201s] -- Detecting C compile features - done
[0.203s] -- Check for working CXX compiler: /usr/bin/c++
[0.260s] -- Check for working CXX compiler: /usr/bin/c++ -- works
[0.261s] -- Detecting CXX compiler ABI info
[0.317s] -- Detecting CXX compiler ABI info - done
[0.327s] -- Detecting CXX compile features
[0.327s] -- Detecting CXX compile features - done
[0.329s] -- Found ament_cmake: 0.9.11 (/opt/ros/foxy/share/ament_cmake/cmake)
[0.351s] -- Found PythonInterp: /usr/bin/python3 (found suitable version "3.8.10", minimum required is "3") 
[0.351s] -- Using PYTHON_EXECUTABLE: /usr/bin/python3
[0.512s] -- Found rclcpp: 2.4.2 (/opt/ros/foxy/share/rclcpp/cmake)
[0.549s] -- Using all available rosidl_typesupport_c: rosidl_typesupport_fastrtps_c;rosidl_typesupport_introspection_c
[0.555s] -- Found rosidl_adapter: 1.3.0 (/opt/ros/foxy/share/rosidl_adapter/cmake)
[0.605s] -- Found OpenSSL: /usr/lib/x86_64-linux-gnu/libcrypto.so (found version "1.1.1f")  
[0.625s] -- Found FastRTPS: /opt/ros/foxy/include  
[0.681s] -- Using all available rosidl_typesupport_cpp: rosidl_typesupport_fastrtps_cpp;rosidl_typesupport_introspection_cpp
[0.725s] -- Found rmw_implementation_cmake: 1.0.3 (/opt/ros/foxy/share/rmw_implementation_cmake/cmake)
[0.727s] -- Using RMW implementation 'rmw_fastrtps_cpp' as default
[0.727s] -- Looking for pthread.h
[0.772s] -- Looking for pthread.h - found
[0.772s] -- Performing Test CMAKE_HAVE_LIBC_PTHREAD
[0.818s] -- Performing Test CMAKE_HAVE_LIBC_PTHREAD - Failed
[0.819s] -- Looking for pthread_create in pthreads
[0.858s] -- Looking for pthread_create in pthreads - not found
[0.858s] -- Looking for pthread_create in pthread
[0.907s] -- Looking for pthread_create in pthread - found
[0.908s] -- Found Threads: TRUE  
[1.023s] -- Found dynamixel_sdk: 3.7.40 (/home/vietdh/ros2_final/install/dynamixel_sdk/share/dynamixel_sdk/cmake)
[1.024s] -- Found dynamixel_sdk_custom_interfaces: 3.7.40 (/home/vietdh/ros2_final/install/dynamixel_sdk_custom_interfaces/share/dynamixel_sdk_custom_interfaces/cmake)
[1.042s] -- Found ament_lint_auto: 0.9.7 (/opt/ros/foxy/share/ament_lint_auto/cmake)
[1.098s] -- Added test 'copyright' to check source files copyright and LICENSE
[1.101s] -- Added test 'cppcheck' to perform static code analysis on C / C++ code
[1.102s] -- Configured cppcheck include dirs: 
[1.102s] -- Configured cppcheck exclude dirs and/or files: 
[1.104s] -- Added test 'cpplint' to check C / C++ code against the Google style
[1.104s] -- Configured cpplint exclude dirs and/or files: 
[1.106s] -- Added test 'lint_cmake' to check CMake code style
[1.109s] -- Added test 'uncrustify' to check C / C++ code style
[1.109s] -- Configured uncrustify additional arguments: 
[1.110s] -- Added test 'xmllint' to check XML markup files
[1.112s] -- Configuring done
[1.119s] -- Generating done
[1.121s] -- Build files have been written to: /home/vietdh/ros2_final/src/cpp_pubsub/build/cpp_pubsub
[1.126s] Invoked command in '/home/vietdh/ros2_final/src/cpp_pubsub/build/cpp_pubsub' returned '0': CMAKE_PREFIX_PATH=${CMAKE_PREFIX_PATH}:/home/vietdh/ros2_final/install/examples_rclpy_minimal_subscriber:/home/vietdh/ros2_final/install/examples_rclpy_minimal_service:/home/vietdh/ros2_final/install/examples_rclpy_minimal_publisher:/home/vietdh/ros2_final/install/examples_rclpy_minimal_client:/home/vietdh/ros2_final/install/examples_rclpy_minimal_action_server:/home/vietdh/ros2_final/install/examples_rclpy_minimal_action_client:/home/vietdh/ros2_final/install/examples_rclpy_executors:/opt/ros/foxy /usr/bin/cmake /home/vietdh/ros2_final/src/cpp_pubsub -DCMAKE_INSTALL_PREFIX=/home/vietdh/ros2_final/src/cpp_pubsub/install/cpp_pubsub
[1.128s] Invoking command in '/home/vietdh/ros2_final/src/cpp_pubsub/build/cpp_pubsub': CMAKE_PREFIX_PATH=${CMAKE_PREFIX_PATH}:/home/vietdh/ros2_final/install/examples_rclpy_minimal_subscriber:/home/vietdh/ros2_final/install/examples_rclpy_minimal_service:/home/vietdh/ros2_final/install/examples_rclpy_minimal_publisher:/home/vietdh/ros2_final/install/examples_rclpy_minimal_client:/home/vietdh/ros2_final/install/examples_rclpy_minimal_action_server:/home/vietdh/ros2_final/install/examples_rclpy_minimal_action_client:/home/vietdh/ros2_final/install/examples_rclpy_executors:/opt/ros/foxy /usr/bin/cmake --build /home/vietdh/ros2_final/src/cpp_pubsub/build/cpp_pubsub -- -j12 -l12
[1.154s] [35m[1mScanning dependencies of target talker[0m
[1.154s] [35m[1mScanning dependencies of target test_node[0m
[1.175s] [ 25%] [32mBuilding CXX object CMakeFiles/test_node.dir/src/test_publisher.cpp.o[0m
[1.176s] [ 50%] [32mBuilding CXX object CMakeFiles/talker.dir/src/publisher_member_function.cpp.o[0m
[2.098s] [01m[K/home/vietdh/ros2_final/src/cpp_pubsub/src/publisher_member_function.cpp:[m[K In function ‘[01m[Kvoid inverseKinematics(float, float)[m[K’:
[2.098s] [01m[K/home/vietdh/ros2_final/src/cpp_pubsub/src/publisher_member_function.cpp:32:7:[m[K [01;35m[Kwarning: [m[Kunused variable ‘[01m[Kdynangle1[m[K’ [[01;35m[K-Wunused-variable[m[K]
[2.098s]    32 | float [01;35m[Kdynangle1[m[K;
[2.098s]       |       [01;35m[K^~~~~~~~~[m[K
[2.098s] [01m[K/home/vietdh/ros2_final/src/cpp_pubsub/src/publisher_member_function.cpp:33:7:[m[K [01;35m[Kwarning: [m[Kunused variable ‘[01m[Kdynangle2[m[K’ [[01;35m[K-Wunused-variable[m[K]
[2.098s]    33 | float [01;35m[Kdynangle2[m[K;
[2.098s]       |       [01;35m[K^~~~~~~~~[m[K
[2.731s] [01m[K/home/vietdh/ros2_final/src/cpp_pubsub/src/test_publisher.cpp:[m[K In member function ‘[01m[Kvoid TestPublisher::timer_callback()[m[K’:
[2.731s] [01m[K/home/vietdh/ros2_final/src/cpp_pubsub/src/test_publisher.cpp:29:18:[m[K [01;35m[Kwarning: [m[K‘[01m[Kprediction[m[K’ is used uninitialized in this function [[01;35m[K-Wuninitialized[m[K]
[2.731s]    29 |       [01;35m[Kprediction ++[m[K;
[2.731s]       |       [01;35m[K~~~~~~~~~~~^~[m[K
[3.361s] [ 75%] [32m[1mLinking CXX executable test_node[0m
[3.469s] [ 75%] Built target test_node
[4.975s] [100%] [32m[1mLinking CXX executable talker[0m
[5.145s] [100%] Built target talker
[5.152s] Invoked command in '/home/vietdh/ros2_final/src/cpp_pubsub/build/cpp_pubsub' returned '0': CMAKE_PREFIX_PATH=${CMAKE_PREFIX_PATH}:/home/vietdh/ros2_final/install/examples_rclpy_minimal_subscriber:/home/vietdh/ros2_final/install/examples_rclpy_minimal_service:/home/vietdh/ros2_final/install/examples_rclpy_minimal_publisher:/home/vietdh/ros2_final/install/examples_rclpy_minimal_client:/home/vietdh/ros2_final/install/examples_rclpy_minimal_action_server:/home/vietdh/ros2_final/install/examples_rclpy_minimal_action_client:/home/vietdh/ros2_final/install/examples_rclpy_executors:/opt/ros/foxy /usr/bin/cmake --build /home/vietdh/ros2_final/src/cpp_pubsub/build/cpp_pubsub -- -j12 -l12
[5.183s] Invoking command in '/home/vietdh/ros2_final/src/cpp_pubsub/build/cpp_pubsub': CMAKE_PREFIX_PATH=${CMAKE_PREFIX_PATH}:/home/vietdh/ros2_final/install/examples_rclpy_minimal_subscriber:/home/vietdh/ros2_final/install/examples_rclpy_minimal_service:/home/vietdh/ros2_final/install/examples_rclpy_minimal_publisher:/home/vietdh/ros2_final/install/examples_rclpy_minimal_client:/home/vietdh/ros2_final/install/examples_rclpy_minimal_action_server:/home/vietdh/ros2_final/install/examples_rclpy_minimal_action_client:/home/vietdh/ros2_final/install/examples_rclpy_executors:/opt/ros/foxy /usr/bin/cmake --install /home/vietdh/ros2_final/src/cpp_pubsub/build/cpp_pubsub
[5.189s] -- Install configuration: ""
[5.189s] -- Installing: /home/vietdh/ros2_final/src/cpp_pubsub/install/cpp_pubsub/lib/cpp_pubsub/test_node
[5.189s] -- Set runtime path of "/home/vietdh/ros2_final/src/cpp_pubsub/install/cpp_pubsub/lib/cpp_pubsub/test_node" to ""
[5.190s] -- Installing: /home/vietdh/ros2_final/src/cpp_pubsub/install/cpp_pubsub/lib/cpp_pubsub/talker
[5.191s] -- Set runtime path of "/home/vietdh/ros2_final/src/cpp_pubsub/install/cpp_pubsub/lib/cpp_pubsub/talker" to ""
[5.191s] -- Installing: /home/vietdh/ros2_final/src/cpp_pubsub/install/cpp_pubsub/share/ament_index/resource_index/package_run_dependencies/cpp_pubsub
[5.191s] -- Installing: /home/vietdh/ros2_final/src/cpp_pubsub/install/cpp_pubsub/share/ament_index/resource_index/parent_prefix_path/cpp_pubsub
[5.191s] -- Installing: /home/vietdh/ros2_final/src/cpp_pubsub/install/cpp_pubsub/share/cpp_pubsub/environment/ament_prefix_path.sh
[5.191s] -- Installing: /home/vietdh/ros2_final/src/cpp_pubsub/install/cpp_pubsub/share/cpp_pubsub/environment/ament_prefix_path.dsv
[5.191s] -- Installing: /home/vietdh/ros2_final/src/cpp_pubsub/install/cpp_pubsub/share/cpp_pubsub/environment/path.sh
[5.191s] -- Installing: /home/vietdh/ros2_final/src/cpp_pubsub/install/cpp_pubsub/share/cpp_pubsub/environment/path.dsv
[5.191s] -- Installing: /home/vietdh/ros2_final/src/cpp_pubsub/install/cpp_pubsub/share/cpp_pubsub/local_setup.bash
[5.191s] -- Installing: /home/vietdh/ros2_final/src/cpp_pubsub/install/cpp_pubsub/share/cpp_pubsub/local_setup.sh
[5.191s] -- Installing: /home/vietdh/ros2_final/src/cpp_pubsub/install/cpp_pubsub/share/cpp_pubsub/local_setup.zsh
[5.191s] -- Installing: /home/vietdh/ros2_final/src/cpp_pubsub/install/cpp_pubsub/share/cpp_pubsub/local_setup.dsv
[5.191s] -- Installing: /home/vietdh/ros2_final/src/cpp_pubsub/install/cpp_pubsub/share/cpp_pubsub/package.dsv
[5.192s] -- Installing: /home/vietdh/ros2_final/src/cpp_pubsub/install/cpp_pubsub/share/ament_index/resource_index/packages/cpp_pubsub
[5.192s] -- Installing: /home/vietdh/ros2_final/src/cpp_pubsub/install/cpp_pubsub/share/cpp_pubsub/cmake/cpp_pubsubConfig.cmake
[5.192s] -- Installing: /home/vietdh/ros2_final/src/cpp_pubsub/install/cpp_pubsub/share/cpp_pubsub/cmake/cpp_pubsubConfig-version.cmake
[5.192s] -- Installing: /home/vietdh/ros2_final/src/cpp_pubsub/install/cpp_pubsub/share/cpp_pubsub/package.xml
[5.193s] Invoked command in '/home/vietdh/ros2_final/src/cpp_pubsub/build/cpp_pubsub' returned '0': CMAKE_PREFIX_PATH=${CMAKE_PREFIX_PATH}:/home/vietdh/ros2_final/install/examples_rclpy_minimal_subscriber:/home/vietdh/ros2_final/install/examples_rclpy_minimal_service:/home/vietdh/ros2_final/install/examples_rclpy_minimal_publisher:/home/vietdh/ros2_final/install/examples_rclpy_minimal_client:/home/vietdh/ros2_final/install/examples_rclpy_minimal_action_server:/home/vietdh/ros2_final/install/examples_rclpy_minimal_action_client:/home/vietdh/ros2_final/install/examples_rclpy_executors:/opt/ros/foxy /usr/bin/cmake --install /home/vietdh/ros2_final/src/cpp_pubsub/build/cpp_pubsub
