[0.056s] Invoking command in '/home/vietdh/ros2_final/build/examples_rclcpp_minimal_client': CMAKE_PREFIX_PATH=/opt/ros/foxy /usr/bin/cmake /home/vietdh/ros2_final/examples/rclcpp/services/minimal_client -DCMAKE_INSTALL_PREFIX=/home/vietdh/ros2_final/install/examples_rclcpp_minimal_client
[0.549s] -- The C compiler identification is GNU 9.4.0
[0.550s] -- The CXX compiler identification is GNU 9.4.0
[0.550s] -- Check for working C compiler: /usr/bin/cc
[0.550s] -- Check for working C compiler: /usr/bin/cc -- works
[0.550s] -- Detecting C compiler ABI info
[0.550s] -- Detecting C compiler ABI info - done
[0.550s] -- Detecting C compile features
[0.550s] -- Detecting C compile features - done
[0.550s] -- Check for working CXX compiler: /usr/bin/c++
[0.648s] -- Check for working CXX compiler: /usr/bin/c++ -- works
[0.650s] -- Detecting CXX compiler ABI info
[0.773s] -- Detecting CXX compiler ABI info - done
[0.811s] -- Detecting CXX compile features
[0.812s] -- Detecting CXX compile features - done
[0.812s] -- Found ament_cmake: 0.9.11 (/opt/ros/foxy/share/ament_cmake/cmake)
[0.840s] -- Found PythonInterp: /usr/bin/python3 (found suitable version "3.8.10", minimum required is "3") 
[0.840s] -- Using PYTHON_EXECUTABLE: /usr/bin/python3
[1.210s] -- Found example_interfaces: 0.9.1 (/opt/ros/foxy/share/example_interfaces/cmake)
[1.256s] -- Using all available rosidl_typesupport_c: rosidl_typesupport_fastrtps_c;rosidl_typesupport_introspection_c
[1.263s] -- Found rosidl_adapter: 1.3.0 (/opt/ros/foxy/share/rosidl_adapter/cmake)
[1.468s] -- Found OpenSSL: /usr/lib/x86_64-linux-gnu/libcrypto.so (found version "1.1.1f")  
[1.554s] -- Found FastRTPS: /opt/ros/foxy/include  
[1.810s] -- Using all available rosidl_typesupport_cpp: rosidl_typesupport_fastrtps_cpp;rosidl_typesupport_introspection_cpp
[2.064s] -- Found rclcpp: 2.4.2 (/opt/ros/foxy/share/rclcpp/cmake)
[2.154s] -- Found rmw_implementation_cmake: 1.0.3 (/opt/ros/foxy/share/rmw_implementation_cmake/cmake)
[2.157s] -- Using RMW implementation 'rmw_fastrtps_cpp' as default
[2.158s] -- Looking for pthread.h
[2.268s] -- Looking for pthread.h - found
[2.268s] -- Performing Test CMAKE_HAVE_LIBC_PTHREAD
[2.385s] -- Performing Test CMAKE_HAVE_LIBC_PTHREAD - Failed
[2.385s] -- Looking for pthread_create in pthreads
[2.472s] -- Looking for pthread_create in pthreads - not found
[2.472s] -- Looking for pthread_create in pthread
[2.579s] -- Looking for pthread_create in pthread - found
[2.582s] -- Found Threads: TRUE  
[2.885s] -- Found ament_lint_auto: 0.9.7 (/opt/ros/foxy/share/ament_lint_auto/cmake)
[3.054s] -- Added test 'copyright' to check source files copyright and LICENSE
[3.056s] -- Added test 'cppcheck' to perform static code analysis on C / C++ code
[3.057s] -- Configured cppcheck include dirs: 
[3.057s] -- Configured cppcheck exclude dirs and/or files: 
[3.058s] -- Added test 'cpplint' to check C / C++ code against the Google style
[3.058s] -- Configured cpplint exclude dirs and/or files: 
[3.060s] -- Added test 'lint_cmake' to check CMake code style
[3.062s] -- Added test 'uncrustify' to check C / C++ code style
[3.062s] -- Configured uncrustify additional arguments: 
[3.063s] -- Added test 'xmllint' to check XML markup files
[3.069s] -- Configuring done
[3.094s] -- Generating done
[3.098s] -- Build files have been written to: /home/vietdh/ros2_final/build/examples_rclcpp_minimal_client
[3.892s] Invoked command in '/home/vietdh/ros2_final/build/examples_rclcpp_minimal_client' returned '0': CMAKE_PREFIX_PATH=/opt/ros/foxy /usr/bin/cmake /home/vietdh/ros2_final/examples/rclcpp/services/minimal_client -DCMAKE_INSTALL_PREFIX=/home/vietdh/ros2_final/install/examples_rclcpp_minimal_client
[3.894s] Invoking command in '/home/vietdh/ros2_final/build/examples_rclcpp_minimal_client': CMAKE_PREFIX_PATH=/opt/ros/foxy /usr/bin/cmake --build /home/vietdh/ros2_final/build/examples_rclcpp_minimal_client -- -j12 -l12
[14.057s] [35m[1mScanning dependencies of target client_main[0m
[14.058s] [ 50%] [32mBuilding CXX object CMakeFiles/client_main.dir/main.cpp.o[0m
[16.936s] [100%] [32m[1mLinking CXX executable client_main[0m
[17.366s] [100%] Built target client_main
[17.473s] Invoked command in '/home/vietdh/ros2_final/build/examples_rclcpp_minimal_client' returned '0': CMAKE_PREFIX_PATH=/opt/ros/foxy /usr/bin/cmake --build /home/vietdh/ros2_final/build/examples_rclcpp_minimal_client -- -j12 -l12
[17.814s] Invoking command in '/home/vietdh/ros2_final/build/examples_rclcpp_minimal_client': CMAKE_PREFIX_PATH=/opt/ros/foxy /usr/bin/cmake --install /home/vietdh/ros2_final/build/examples_rclcpp_minimal_client
[17.873s] -- Install configuration: ""
[17.873s] -- Installing: /home/vietdh/ros2_final/install/examples_rclcpp_minimal_client/lib/examples_rclcpp_minimal_client/client_main
[17.874s] -- Set runtime path of "/home/vietdh/ros2_final/install/examples_rclcpp_minimal_client/lib/examples_rclcpp_minimal_client/client_main" to ""
[17.877s] -- Installing: /home/vietdh/ros2_final/install/examples_rclcpp_minimal_client/share/ament_index/resource_index/package_run_dependencies/examples_rclcpp_minimal_client
[17.877s] -- Installing: /home/vietdh/ros2_final/install/examples_rclcpp_minimal_client/share/ament_index/resource_index/parent_prefix_path/examples_rclcpp_minimal_client
[17.878s] -- Installing: /home/vietdh/ros2_final/install/examples_rclcpp_minimal_client/share/examples_rclcpp_minimal_client/environment/ament_prefix_path.sh
[17.879s] -- Installing: /home/vietdh/ros2_final/install/examples_rclcpp_minimal_client/share/examples_rclcpp_minimal_client/environment/ament_prefix_path.dsv
[17.879s] -- Installing: /home/vietdh/ros2_final/install/examples_rclcpp_minimal_client/share/examples_rclcpp_minimal_client/environment/path.sh
[17.879s] -- Installing: /home/vietdh/ros2_final/install/examples_rclcpp_minimal_client/share/examples_rclcpp_minimal_client/environment/path.dsv
[17.880s] -- Installing: /home/vietdh/ros2_final/install/examples_rclcpp_minimal_client/share/examples_rclcpp_minimal_client/local_setup.bash
[17.880s] -- Installing: /home/vietdh/ros2_final/install/examples_rclcpp_minimal_client/share/examples_rclcpp_minimal_client/local_setup.sh
[17.881s] -- Installing: /home/vietdh/ros2_final/install/examples_rclcpp_minimal_client/share/examples_rclcpp_minimal_client/local_setup.zsh
[17.881s] -- Installing: /home/vietdh/ros2_final/install/examples_rclcpp_minimal_client/share/examples_rclcpp_minimal_client/local_setup.dsv
[17.882s] -- Installing: /home/vietdh/ros2_final/install/examples_rclcpp_minimal_client/share/examples_rclcpp_minimal_client/package.dsv
[17.882s] -- Installing: /home/vietdh/ros2_final/install/examples_rclcpp_minimal_client/share/ament_index/resource_index/packages/examples_rclcpp_minimal_client
[17.883s] -- Installing: /home/vietdh/ros2_final/install/examples_rclcpp_minimal_client/share/examples_rclcpp_minimal_client/cmake/examples_rclcpp_minimal_clientConfig.cmake
[17.883s] -- Installing: /home/vietdh/ros2_final/install/examples_rclcpp_minimal_client/share/examples_rclcpp_minimal_client/cmake/examples_rclcpp_minimal_clientConfig-version.cmake
[17.884s] -- Installing: /home/vietdh/ros2_final/install/examples_rclcpp_minimal_client/share/examples_rclcpp_minimal_client/package.xml
[19.516s] Invoked command in '/home/vietdh/ros2_final/build/examples_rclcpp_minimal_client' returned '0': CMAKE_PREFIX_PATH=/opt/ros/foxy /usr/bin/cmake --install /home/vietdh/ros2_final/build/examples_rclcpp_minimal_client
