[0.056s] Invoking command in '/home/vietdh/ros2_final/build/examples_rclcpp_minimal_timer': CMAKE_PREFIX_PATH=/opt/ros/foxy /usr/bin/cmake /home/vietdh/ros2_final/examples/rclcpp/timers/minimal_timer -DCMAKE_INSTALL_PREFIX=/home/vietdh/ros2_final/install/examples_rclcpp_minimal_timer
[2.509s] -- The C compiler identification is GNU 9.4.0
[2.510s] -- The CXX compiler identification is GNU 9.4.0
[2.513s] -- Check for working C compiler: /usr/bin/cc
[2.513s] -- Check for working C compiler: /usr/bin/cc -- works
[2.513s] -- Detecting C compiler ABI info
[2.514s] -- Detecting C compiler ABI info - done
[2.514s] -- Detecting C compile features
[2.514s] -- Detecting C compile features - done
[2.514s] -- Check for working CXX compiler: /usr/bin/c++
[2.514s] -- Check for working CXX compiler: /usr/bin/c++ -- works
[2.514s] -- Detecting CXX compiler ABI info
[2.514s] -- Detecting CXX compiler ABI info - done
[2.515s] -- Detecting CXX compile features
[2.515s] -- Detecting CXX compile features - done
[2.515s] -- Found ament_cmake: 0.9.11 (/opt/ros/foxy/share/ament_cmake/cmake)
[2.515s] -- Found PythonInterp: /usr/bin/python3 (found suitable version "3.8.10", minimum required is "3") 
[2.515s] -- Using PYTHON_EXECUTABLE: /usr/bin/python3
[2.515s] -- Found rclcpp: 2.4.2 (/opt/ros/foxy/share/rclcpp/cmake)
[2.515s] -- Using all available rosidl_typesupport_c: rosidl_typesupport_fastrtps_c;rosidl_typesupport_introspection_c
[2.515s] -- Found rosidl_adapter: 1.3.0 (/opt/ros/foxy/share/rosidl_adapter/cmake)
[2.515s] -- Found OpenSSL: /usr/lib/x86_64-linux-gnu/libcrypto.so (found version "1.1.1f")  
[2.516s] -- Found FastRTPS: /opt/ros/foxy/include  
[2.516s] -- Using all available rosidl_typesupport_cpp: rosidl_typesupport_fastrtps_cpp;rosidl_typesupport_introspection_cpp
[2.516s] -- Found rmw_implementation_cmake: 1.0.3 (/opt/ros/foxy/share/rmw_implementation_cmake/cmake)
[2.516s] -- Using RMW implementation 'rmw_fastrtps_cpp' as default
[2.516s] -- Looking for pthread.h
[2.516s] -- Looking for pthread.h - found
[2.516s] -- Performing Test CMAKE_HAVE_LIBC_PTHREAD
[2.516s] -- Performing Test CMAKE_HAVE_LIBC_PTHREAD - Failed
[2.517s] -- Looking for pthread_create in pthreads
[2.517s] -- Looking for pthread_create in pthreads - not found
[2.517s] -- Looking for pthread_create in pthread
[2.517s] -- Looking for pthread_create in pthread - found
[2.517s] -- Found Threads: TRUE  
[2.640s] -- Found ament_lint_auto: 0.9.7 (/opt/ros/foxy/share/ament_lint_auto/cmake)
[2.753s] -- Added test 'copyright' to check source files copyright and LICENSE
[2.754s] -- Added test 'cppcheck' to perform static code analysis on C / C++ code
[2.754s] -- Configured cppcheck include dirs: 
[2.755s] -- Configured cppcheck exclude dirs and/or files: 
[2.756s] -- Added test 'cpplint' to check C / C++ code against the Google style
[2.756s] -- Configured cpplint exclude dirs and/or files: 
[2.756s] -- Added test 'lint_cmake' to check CMake code style
[2.758s] -- Added test 'uncrustify' to check C / C++ code style
[2.758s] -- Configured uncrustify additional arguments: 
[2.758s] -- Added test 'xmllint' to check XML markup files
[2.762s] -- Configuring done
[2.778s] -- Generating done
[2.816s] -- Build files have been written to: /home/vietdh/ros2_final/build/examples_rclcpp_minimal_timer
[2.911s] Invoked command in '/home/vietdh/ros2_final/build/examples_rclcpp_minimal_timer' returned '0': CMAKE_PREFIX_PATH=/opt/ros/foxy /usr/bin/cmake /home/vietdh/ros2_final/examples/rclcpp/timers/minimal_timer -DCMAKE_INSTALL_PREFIX=/home/vietdh/ros2_final/install/examples_rclcpp_minimal_timer
[2.921s] Invoking command in '/home/vietdh/ros2_final/build/examples_rclcpp_minimal_timer': CMAKE_PREFIX_PATH=/opt/ros/foxy /usr/bin/cmake --build /home/vietdh/ros2_final/build/examples_rclcpp_minimal_timer -- -j12 -l12
[3.011s] [35m[1mScanning dependencies of target timer_member_function[0m
[3.017s] [35m[1mScanning dependencies of target timer_lambda[0m
[3.105s] [ 25%] [32mBuilding CXX object CMakeFiles/timer_member_function.dir/member_function.cpp.o[0m
[3.113s] [ 50%] [32mBuilding CXX object CMakeFiles/timer_lambda.dir/lambda.cpp.o[0m
[12.888s] [ 75%] [32m[1mLinking CXX executable timer_lambda[0m
[13.152s] [100%] [32m[1mLinking CXX executable timer_member_function[0m
[13.552s] [100%] Built target timer_lambda
[13.718s] [100%] Built target timer_member_function
[13.769s] Invoked command in '/home/vietdh/ros2_final/build/examples_rclcpp_minimal_timer' returned '0': CMAKE_PREFIX_PATH=/opt/ros/foxy /usr/bin/cmake --build /home/vietdh/ros2_final/build/examples_rclcpp_minimal_timer -- -j12 -l12
[14.145s] Invoking command in '/home/vietdh/ros2_final/build/examples_rclcpp_minimal_timer': CMAKE_PREFIX_PATH=/opt/ros/foxy /usr/bin/cmake --install /home/vietdh/ros2_final/build/examples_rclcpp_minimal_timer
[17.456s] -- Install configuration: ""
[17.456s] -- Installing: /home/vietdh/ros2_final/install/examples_rclcpp_minimal_timer/lib/examples_rclcpp_minimal_timer/timer_lambda
[17.456s] -- Set runtime path of "/home/vietdh/ros2_final/install/examples_rclcpp_minimal_timer/lib/examples_rclcpp_minimal_timer/timer_lambda" to ""
[17.456s] -- Installing: /home/vietdh/ros2_final/install/examples_rclcpp_minimal_timer/lib/examples_rclcpp_minimal_timer/timer_member_function
[17.457s] -- Set runtime path of "/home/vietdh/ros2_final/install/examples_rclcpp_minimal_timer/lib/examples_rclcpp_minimal_timer/timer_member_function" to ""
[17.457s] -- Installing: /home/vietdh/ros2_final/install/examples_rclcpp_minimal_timer/share/ament_index/resource_index/package_run_dependencies/examples_rclcpp_minimal_timer
[17.457s] -- Installing: /home/vietdh/ros2_final/install/examples_rclcpp_minimal_timer/share/ament_index/resource_index/parent_prefix_path/examples_rclcpp_minimal_timer
[17.457s] -- Installing: /home/vietdh/ros2_final/install/examples_rclcpp_minimal_timer/share/examples_rclcpp_minimal_timer/environment/ament_prefix_path.sh
[17.458s] -- Installing: /home/vietdh/ros2_final/install/examples_rclcpp_minimal_timer/share/examples_rclcpp_minimal_timer/environment/ament_prefix_path.dsv
[17.458s] -- Installing: /home/vietdh/ros2_final/install/examples_rclcpp_minimal_timer/share/examples_rclcpp_minimal_timer/environment/path.sh
[17.458s] -- Installing: /home/vietdh/ros2_final/install/examples_rclcpp_minimal_timer/share/examples_rclcpp_minimal_timer/environment/path.dsv
[17.458s] -- Installing: /home/vietdh/ros2_final/install/examples_rclcpp_minimal_timer/share/examples_rclcpp_minimal_timer/local_setup.bash
[17.459s] -- Installing: /home/vietdh/ros2_final/install/examples_rclcpp_minimal_timer/share/examples_rclcpp_minimal_timer/local_setup.sh
[17.459s] -- Installing: /home/vietdh/ros2_final/install/examples_rclcpp_minimal_timer/share/examples_rclcpp_minimal_timer/local_setup.zsh
[17.459s] -- Installing: /home/vietdh/ros2_final/install/examples_rclcpp_minimal_timer/share/examples_rclcpp_minimal_timer/local_setup.dsv
[17.459s] -- Installing: /home/vietdh/ros2_final/install/examples_rclcpp_minimal_timer/share/examples_rclcpp_minimal_timer/package.dsv
[17.460s] -- Installing: /home/vietdh/ros2_final/install/examples_rclcpp_minimal_timer/share/ament_index/resource_index/packages/examples_rclcpp_minimal_timer
[17.460s] -- Installing: /home/vietdh/ros2_final/install/examples_rclcpp_minimal_timer/share/examples_rclcpp_minimal_timer/cmake/examples_rclcpp_minimal_timerConfig.cmake
[17.460s] -- Installing: /home/vietdh/ros2_final/install/examples_rclcpp_minimal_timer/share/examples_rclcpp_minimal_timer/cmake/examples_rclcpp_minimal_timerConfig-version.cmake
[17.460s] -- Installing: /home/vietdh/ros2_final/install/examples_rclcpp_minimal_timer/share/examples_rclcpp_minimal_timer/package.xml
[17.674s] Invoked command in '/home/vietdh/ros2_final/build/examples_rclcpp_minimal_timer' returned '0': CMAKE_PREFIX_PATH=/opt/ros/foxy /usr/bin/cmake --install /home/vietdh/ros2_final/build/examples_rclcpp_minimal_timer
