[1.332s] Invoking command in '/home/vietdh/ros2_final/examples/rclpy/executors': PYTHONPATH=/home/vietdh/ros2_final/install/examples_rclpy_executors/lib/python3.8/site-packages:${PYTHONPATH} /usr/bin/python3 setup.py egg_info --egg-base ../../../build/examples_rclpy_executors build --build-base /home/vietdh/ros2_final/build/examples_rclpy_executors/build install --prefix /home/vietdh/ros2_final/install/examples_rclpy_executors --record /home/vietdh/ros2_final/build/examples_rclpy_executors/install.log --single-version-externally-managed
[1.499s] running egg_info
[1.499s] writing ../../../build/examples_rclpy_executors/examples_rclpy_executors.egg-info/PKG-INFO
[1.499s] writing dependency_links to ../../../build/examples_rclpy_executors/examples_rclpy_executors.egg-info/dependency_links.txt
[1.499s] writing entry points to ../../../build/examples_rclpy_executors/examples_rclpy_executors.egg-info/entry_points.txt
[1.499s] writing requirements to ../../../build/examples_rclpy_executors/examples_rclpy_executors.egg-info/requires.txt
[1.499s] writing top-level names to ../../../build/examples_rclpy_executors/examples_rclpy_executors.egg-info/top_level.txt
[1.524s] reading manifest file '../../../build/examples_rclpy_executors/examples_rclpy_executors.egg-info/SOURCES.txt'
[1.525s] writing manifest file '../../../build/examples_rclpy_executors/examples_rclpy_executors.egg-info/SOURCES.txt'
[1.525s] running build
[1.525s] running build_py
[1.525s] running install
[1.526s] running install_lib
[1.527s] running install_data
[1.527s] running install_egg_info
[1.528s] removing '/home/vietdh/ros2_final/install/examples_rclpy_executors/lib/python3.8/site-packages/examples_rclpy_executors-0.9.4-py3.8.egg-info' (and everything under it)
[1.528s] Copying ../../../build/examples_rclpy_executors/examples_rclpy_executors.egg-info to /home/vietdh/ros2_final/install/examples_rclpy_executors/lib/python3.8/site-packages/examples_rclpy_executors-0.9.4-py3.8.egg-info
[1.529s] running install_scripts
[1.541s] Installing callback_group script to /home/vietdh/ros2_final/install/examples_rclpy_executors/lib/examples_rclpy_executors
[1.541s] Installing composed script to /home/vietdh/ros2_final/install/examples_rclpy_executors/lib/examples_rclpy_executors
[1.541s] Installing custom_callback_group script to /home/vietdh/ros2_final/install/examples_rclpy_executors/lib/examples_rclpy_executors
[1.541s] Installing custom_executor script to /home/vietdh/ros2_final/install/examples_rclpy_executors/lib/examples_rclpy_executors
[1.541s] Installing listener script to /home/vietdh/ros2_final/install/examples_rclpy_executors/lib/examples_rclpy_executors
[1.542s] Installing talker script to /home/vietdh/ros2_final/install/examples_rclpy_executors/lib/examples_rclpy_executors
[1.542s] writing list of installed files to '/home/vietdh/ros2_final/build/examples_rclpy_executors/install.log'
[1.867s] Invoked command in '/home/vietdh/ros2_final/examples/rclpy/executors' returned '0': PYTHONPATH=/home/vietdh/ros2_final/install/examples_rclpy_executors/lib/python3.8/site-packages:${PYTHONPATH} /usr/bin/python3 setup.py egg_info --egg-base ../../../build/examples_rclpy_executors build --build-base /home/vietdh/ros2_final/build/examples_rclpy_executors/build install --prefix /home/vietdh/ros2_final/install/examples_rclpy_executors --record /home/vietdh/ros2_final/build/examples_rclpy_executors/install.log --single-version-externally-managed
