[0.087s] Invoking command in '/home/vietdh/servo_node/build/dynamixel_sdk': CMAKE_PREFIX_PATH=${CMAKE_PREFIX_PATH}:/home/vietdh/servo_node/install/examples_rclpy_minimal_subscriber:/home/vietdh/servo_node/install/examples_rclpy_minimal_service:/home/vietdh/servo_node/install/examples_rclpy_minimal_publisher:/home/vietdh/servo_node/install/examples_rclpy_minimal_client:/home/vietdh/servo_node/install/examples_rclpy_minimal_action_server:/home/vietdh/servo_node/install/examples_rclpy_minimal_action_client:/home/vietdh/servo_node/install/examples_rclpy_executors:/opt/ros/foxy /usr/bin/cmake --build /home/vietdh/servo_node/build/dynamixel_sdk -- -j12 -l12
[0.366s] [100%] Built target dynamixel_sdk
[0.367s] CMake Error: The current CMakeCache.txt directory /home/vietdh/servo_node/build/dynamixel_sdk/CMakeCache.txt is different than the directory /home/vietdh/ros2_final/build/dynamixel_sdk where CMakeCache.txt was created. This may result in binaries being created in the wrong place. If you are not sure, reedit the CMakeCache.txt
[0.385s] Invoked command in '/home/vietdh/servo_node/build/dynamixel_sdk' returned '0': CMAKE_PREFIX_PATH=${CMAKE_PREFIX_PATH}:/home/vietdh/servo_node/install/examples_rclpy_minimal_subscriber:/home/vietdh/servo_node/install/examples_rclpy_minimal_service:/home/vietdh/servo_node/install/examples_rclpy_minimal_publisher:/home/vietdh/servo_node/install/examples_rclpy_minimal_client:/home/vietdh/servo_node/install/examples_rclpy_minimal_action_server:/home/vietdh/servo_node/install/examples_rclpy_minimal_action_client:/home/vietdh/servo_node/install/examples_rclpy_executors:/opt/ros/foxy /usr/bin/cmake --build /home/vietdh/servo_node/build/dynamixel_sdk -- -j12 -l12
[0.422s] Invoking command in '/home/vietdh/servo_node/build/dynamixel_sdk': CMAKE_PREFIX_PATH=${CMAKE_PREFIX_PATH}:/home/vietdh/servo_node/install/examples_rclpy_minimal_subscriber:/home/vietdh/servo_node/install/examples_rclpy_minimal_service:/home/vietdh/servo_node/install/examples_rclpy_minimal_publisher:/home/vietdh/servo_node/install/examples_rclpy_minimal_client:/home/vietdh/servo_node/install/examples_rclpy_minimal_action_server:/home/vietdh/servo_node/install/examples_rclpy_minimal_action_client:/home/vietdh/servo_node/install/examples_rclpy_executors:/opt/ros/foxy /usr/bin/cmake --install /home/vietdh/servo_node/build/dynamixel_sdk
[0.438s] -- Install configuration: ""
[0.438s] -- Up-to-date: /home/vietdh/ros2_final/install/dynamixel_sdk/include/
[0.439s] -- Up-to-date: /home/vietdh/ros2_final/install/dynamixel_sdk/include//dynamixel_sdk
[0.439s] -- Up-to-date: /home/vietdh/ros2_final/install/dynamixel_sdk/include//dynamixel_sdk/packet_handler.h
[0.439s] -- Up-to-date: /home/vietdh/ros2_final/install/dynamixel_sdk/include//dynamixel_sdk/port_handler_linux.h
[0.439s] -- Up-to-date: /home/vietdh/ros2_final/install/dynamixel_sdk/include//dynamixel_sdk/protocol1_packet_handler.h
[0.439s] -- Up-to-date: /home/vietdh/ros2_final/install/dynamixel_sdk/include//dynamixel_sdk/group_bulk_read.h
[0.439s] -- Up-to-date: /home/vietdh/ros2_final/install/dynamixel_sdk/include//dynamixel_sdk/port_handler_windows.h
[0.439s] -- Up-to-date: /home/vietdh/ros2_final/install/dynamixel_sdk/include//dynamixel_sdk/port_handler.h
[0.439s] -- Up-to-date: /home/vietdh/ros2_final/install/dynamixel_sdk/include//dynamixel_sdk/group_bulk_write.h
[0.439s] -- Up-to-date: /home/vietdh/ros2_final/install/dynamixel_sdk/include//dynamixel_sdk/port_handler_mac.h
[0.439s] -- Up-to-date: /home/vietdh/ros2_final/install/dynamixel_sdk/include//dynamixel_sdk/protocol2_packet_handler.h
[0.439s] -- Up-to-date: /home/vietdh/ros2_final/install/dynamixel_sdk/include//dynamixel_sdk/group_sync_read.h
[0.439s] -- Up-to-date: /home/vietdh/ros2_final/install/dynamixel_sdk/include//dynamixel_sdk/port_handler_arduino.h
[0.439s] -- Up-to-date: /home/vietdh/ros2_final/install/dynamixel_sdk/include//dynamixel_sdk/dynamixel_sdk.h
[0.439s] -- Up-to-date: /home/vietdh/ros2_final/install/dynamixel_sdk/include//dynamixel_sdk/group_sync_write.h
[0.439s] -- Up-to-date: /home/vietdh/ros2_final/install/dynamixel_sdk/lib/libdynamixel_sdk.so
[0.441s] -- Up-to-date: /home/vietdh/ros2_final/install/dynamixel_sdk/share/dynamixel_sdk/environment/library_path.sh
[0.441s] -- Up-to-date: /home/vietdh/ros2_final/install/dynamixel_sdk/share/dynamixel_sdk/environment/library_path.dsv
[0.441s] -- Up-to-date: /home/vietdh/ros2_final/install/dynamixel_sdk/share/ament_index/resource_index/package_run_dependencies/dynamixel_sdk
[0.441s] -- Up-to-date: /home/vietdh/ros2_final/install/dynamixel_sdk/share/ament_index/resource_index/parent_prefix_path/dynamixel_sdk
[0.441s] -- Up-to-date: /home/vietdh/ros2_final/install/dynamixel_sdk/share/dynamixel_sdk/environment/ament_prefix_path.sh
[0.441s] -- Up-to-date: /home/vietdh/ros2_final/install/dynamixel_sdk/share/dynamixel_sdk/environment/ament_prefix_path.dsv
[0.441s] -- Up-to-date: /home/vietdh/ros2_final/install/dynamixel_sdk/share/dynamixel_sdk/environment/path.sh
[0.441s] -- Up-to-date: /home/vietdh/ros2_final/install/dynamixel_sdk/share/dynamixel_sdk/environment/path.dsv
[0.441s] -- Up-to-date: /home/vietdh/ros2_final/install/dynamixel_sdk/share/dynamixel_sdk/local_setup.bash
[0.441s] -- Up-to-date: /home/vietdh/ros2_final/install/dynamixel_sdk/share/dynamixel_sdk/local_setup.sh
[0.441s] -- Up-to-date: /home/vietdh/ros2_final/install/dynamixel_sdk/share/dynamixel_sdk/local_setup.zsh
[0.441s] -- Up-to-date: /home/vietdh/ros2_final/install/dynamixel_sdk/share/dynamixel_sdk/local_setup.dsv
[0.442s] -- Installing: /home/vietdh/ros2_final/install/dynamixel_sdk/share/dynamixel_sdk/package.dsv
[0.442s] -- Up-to-date: /home/vietdh/ros2_final/install/dynamixel_sdk/share/ament_index/resource_index/packages/dynamixel_sdk
[0.442s] -- Up-to-date: /home/vietdh/ros2_final/install/dynamixel_sdk/share/dynamixel_sdk/cmake/ament_cmake_export_include_directories-extras.cmake
[0.442s] -- Up-to-date: /home/vietdh/ros2_final/install/dynamixel_sdk/share/dynamixel_sdk/cmake/ament_cmake_export_libraries-extras.cmake
[0.442s] -- Up-to-date: /home/vietdh/ros2_final/install/dynamixel_sdk/share/dynamixel_sdk/cmake/dynamixel_sdkConfig.cmake
[0.442s] -- Up-to-date: /home/vietdh/ros2_final/install/dynamixel_sdk/share/dynamixel_sdk/cmake/dynamixel_sdkConfig-version.cmake
[0.442s] -- Up-to-date: /home/vietdh/ros2_final/install/dynamixel_sdk/share/dynamixel_sdk/package.xml
[0.503s] Invoked command in '/home/vietdh/servo_node/build/dynamixel_sdk' returned '0': CMAKE_PREFIX_PATH=${CMAKE_PREFIX_PATH}:/home/vietdh/servo_node/install/examples_rclpy_minimal_subscriber:/home/vietdh/servo_node/install/examples_rclpy_minimal_service:/home/vietdh/servo_node/install/examples_rclpy_minimal_publisher:/home/vietdh/servo_node/install/examples_rclpy_minimal_client:/home/vietdh/servo_node/install/examples_rclpy_minimal_action_server:/home/vietdh/servo_node/install/examples_rclpy_minimal_action_client:/home/vietdh/servo_node/install/examples_rclpy_executors:/opt/ros/foxy /usr/bin/cmake --install /home/vietdh/servo_node/build/dynamixel_sdk
