[0.060s] Invoking command in '/home/vietdh/ros2_final/build/examples_rclcpp_minimal_action_client': CMAKE_PREFIX_PATH=/opt/ros/foxy /usr/bin/cmake --build /home/vietdh/ros2_final/build/examples_rclcpp_minimal_action_client -- -j12 -l12
[0.392s] [ 25%] Built target action_client_not_composable_with_feedback
[0.393s] [ 50%] Built target action_client_not_composable
[0.393s] [ 75%] Built target action_client_not_composable_with_cancel
[0.393s] [100%] Built target action_client_member_functions
[0.407s] Invoked command in '/home/vietdh/ros2_final/build/examples_rclcpp_minimal_action_client' returned '0': CMAKE_PREFIX_PATH=/opt/ros/foxy /usr/bin/cmake --build /home/vietdh/ros2_final/build/examples_rclcpp_minimal_action_client -- -j12 -l12
[0.447s] Invoking command in '/home/vietdh/ros2_final/build/examples_rclcpp_minimal_action_client': CMAKE_PREFIX_PATH=/opt/ros/foxy /usr/bin/cmake --install /home/vietdh/ros2_final/build/examples_rclcpp_minimal_action_client
[0.470s] -- Install configuration: ""
[0.470s] -- Up-to-date: /home/vietdh/ros2_final/install/examples_rclcpp_minimal_action_client/lib/examples_rclcpp_minimal_action_client/action_client_member_functions
[0.470s] -- Up-to-date: /home/vietdh/ros2_final/install/examples_rclcpp_minimal_action_client/lib/examples_rclcpp_minimal_action_client/action_client_not_composable
[0.470s] -- Up-to-date: /home/vietdh/ros2_final/install/examples_rclcpp_minimal_action_client/lib/examples_rclcpp_minimal_action_client/action_client_not_composable_with_cancel
[0.470s] -- Up-to-date: /home/vietdh/ros2_final/install/examples_rclcpp_minimal_action_client/lib/examples_rclcpp_minimal_action_client/action_client_not_composable_with_feedback
[0.470s] -- Up-to-date: /home/vietdh/ros2_final/install/examples_rclcpp_minimal_action_client/share/ament_index/resource_index/package_run_dependencies/examples_rclcpp_minimal_action_client
[0.470s] -- Up-to-date: /home/vietdh/ros2_final/install/examples_rclcpp_minimal_action_client/share/ament_index/resource_index/parent_prefix_path/examples_rclcpp_minimal_action_client
[0.470s] -- Up-to-date: /home/vietdh/ros2_final/install/examples_rclcpp_minimal_action_client/share/examples_rclcpp_minimal_action_client/environment/ament_prefix_path.sh
[0.470s] -- Up-to-date: /home/vietdh/ros2_final/install/examples_rclcpp_minimal_action_client/share/examples_rclcpp_minimal_action_client/environment/ament_prefix_path.dsv
[0.470s] -- Up-to-date: /home/vietdh/ros2_final/install/examples_rclcpp_minimal_action_client/share/examples_rclcpp_minimal_action_client/environment/path.sh
[0.470s] -- Up-to-date: /home/vietdh/ros2_final/install/examples_rclcpp_minimal_action_client/share/examples_rclcpp_minimal_action_client/environment/path.dsv
[0.471s] -- Up-to-date: /home/vietdh/ros2_final/install/examples_rclcpp_minimal_action_client/share/examples_rclcpp_minimal_action_client/local_setup.bash
[0.471s] -- Up-to-date: /home/vietdh/ros2_final/install/examples_rclcpp_minimal_action_client/share/examples_rclcpp_minimal_action_client/local_setup.sh
[0.471s] -- Up-to-date: /home/vietdh/ros2_final/install/examples_rclcpp_minimal_action_client/share/examples_rclcpp_minimal_action_client/local_setup.zsh
[0.471s] -- Up-to-date: /home/vietdh/ros2_final/install/examples_rclcpp_minimal_action_client/share/examples_rclcpp_minimal_action_client/local_setup.dsv
[0.471s] -- Installing: /home/vietdh/ros2_final/install/examples_rclcpp_minimal_action_client/share/examples_rclcpp_minimal_action_client/package.dsv
[0.471s] -- Up-to-date: /home/vietdh/ros2_final/install/examples_rclcpp_minimal_action_client/share/ament_index/resource_index/packages/examples_rclcpp_minimal_action_client
[0.471s] -- Up-to-date: /home/vietdh/ros2_final/install/examples_rclcpp_minimal_action_client/share/examples_rclcpp_minimal_action_client/cmake/examples_rclcpp_minimal_action_clientConfig.cmake
[0.471s] -- Up-to-date: /home/vietdh/ros2_final/install/examples_rclcpp_minimal_action_client/share/examples_rclcpp_minimal_action_client/cmake/examples_rclcpp_minimal_action_clientConfig-version.cmake
[0.471s] -- Up-to-date: /home/vietdh/ros2_final/install/examples_rclcpp_minimal_action_client/share/examples_rclcpp_minimal_action_client/package.xml
[0.507s] Invoked command in '/home/vietdh/ros2_final/build/examples_rclcpp_minimal_action_client' returned '0': CMAKE_PREFIX_PATH=/opt/ros/foxy /usr/bin/cmake --install /home/vietdh/ros2_final/build/examples_rclcpp_minimal_action_client
