[0.059s] Invoking command in '/home/vietdh/ros2_final/build/examples_rclcpp_minimal_composition': CMAKE_PREFIX_PATH=/opt/ros/foxy /usr/bin/cmake --build /home/vietdh/ros2_final/build/examples_rclcpp_minimal_composition -- -j12 -l12
[0.378s] [ 33%] Built target composition_nodes
[0.378s] [ 55%] Built target composition_composed
[0.378s] [ 77%] Built target composition_subscriber
[0.378s] [100%] Built target composition_publisher
[0.395s] Invoked command in '/home/vietdh/ros2_final/build/examples_rclcpp_minimal_composition' returned '0': CMAKE_PREFIX_PATH=/opt/ros/foxy /usr/bin/cmake --build /home/vietdh/ros2_final/build/examples_rclcpp_minimal_composition -- -j12 -l12
[0.453s] Invoking command in '/home/vietdh/ros2_final/build/examples_rclcpp_minimal_composition': CMAKE_PREFIX_PATH=/opt/ros/foxy /usr/bin/cmake --install /home/vietdh/ros2_final/build/examples_rclcpp_minimal_composition
[0.459s] -- Install configuration: ""
[0.459s] -- Up-to-date: /home/vietdh/ros2_final/install/examples_rclcpp_minimal_composition/share/examples_rclcpp_minimal_composition/environment/library_path.sh
[0.460s] -- Up-to-date: /home/vietdh/ros2_final/install/examples_rclcpp_minimal_composition/share/examples_rclcpp_minimal_composition/environment/library_path.dsv
[0.460s] -- Up-to-date: /home/vietdh/ros2_final/install/examples_rclcpp_minimal_composition/lib/libcomposition_nodes.so
[0.460s] -- Up-to-date: /home/vietdh/ros2_final/install/examples_rclcpp_minimal_composition/lib/examples_rclcpp_minimal_composition/composition_publisher
[0.460s] -- Up-to-date: /home/vietdh/ros2_final/install/examples_rclcpp_minimal_composition/lib/examples_rclcpp_minimal_composition/composition_subscriber
[0.460s] -- Up-to-date: /home/vietdh/ros2_final/install/examples_rclcpp_minimal_composition/lib/examples_rclcpp_minimal_composition/composition_composed
[0.460s] -- Up-to-date: /home/vietdh/ros2_final/install/examples_rclcpp_minimal_composition/share/ament_index/resource_index/package_run_dependencies/examples_rclcpp_minimal_composition
[0.460s] -- Up-to-date: /home/vietdh/ros2_final/install/examples_rclcpp_minimal_composition/share/ament_index/resource_index/parent_prefix_path/examples_rclcpp_minimal_composition
[0.460s] -- Up-to-date: /home/vietdh/ros2_final/install/examples_rclcpp_minimal_composition/share/examples_rclcpp_minimal_composition/environment/ament_prefix_path.sh
[0.460s] -- Up-to-date: /home/vietdh/ros2_final/install/examples_rclcpp_minimal_composition/share/examples_rclcpp_minimal_composition/environment/ament_prefix_path.dsv
[0.461s] -- Up-to-date: /home/vietdh/ros2_final/install/examples_rclcpp_minimal_composition/share/examples_rclcpp_minimal_composition/environment/path.sh
[0.461s] -- Up-to-date: /home/vietdh/ros2_final/install/examples_rclcpp_minimal_composition/share/examples_rclcpp_minimal_composition/environment/path.dsv
[0.461s] -- Up-to-date: /home/vietdh/ros2_final/install/examples_rclcpp_minimal_composition/share/examples_rclcpp_minimal_composition/local_setup.bash
[0.461s] -- Up-to-date: /home/vietdh/ros2_final/install/examples_rclcpp_minimal_composition/share/examples_rclcpp_minimal_composition/local_setup.sh
[0.461s] -- Up-to-date: /home/vietdh/ros2_final/install/examples_rclcpp_minimal_composition/share/examples_rclcpp_minimal_composition/local_setup.zsh
[0.461s] -- Up-to-date: /home/vietdh/ros2_final/install/examples_rclcpp_minimal_composition/share/examples_rclcpp_minimal_composition/local_setup.dsv
[0.461s] -- Installing: /home/vietdh/ros2_final/install/examples_rclcpp_minimal_composition/share/examples_rclcpp_minimal_composition/package.dsv
[0.461s] -- Up-to-date: /home/vietdh/ros2_final/install/examples_rclcpp_minimal_composition/share/ament_index/resource_index/packages/examples_rclcpp_minimal_composition
[0.461s] -- Up-to-date: /home/vietdh/ros2_final/install/examples_rclcpp_minimal_composition/share/examples_rclcpp_minimal_composition/cmake/examples_rclcpp_minimal_compositionConfig.cmake
[0.461s] -- Up-to-date: /home/vietdh/ros2_final/install/examples_rclcpp_minimal_composition/share/examples_rclcpp_minimal_composition/cmake/examples_rclcpp_minimal_compositionConfig-version.cmake
[0.461s] -- Up-to-date: /home/vietdh/ros2_final/install/examples_rclcpp_minimal_composition/share/examples_rclcpp_minimal_composition/package.xml
[0.550s] Invoked command in '/home/vietdh/ros2_final/build/examples_rclcpp_minimal_composition' returned '0': CMAKE_PREFIX_PATH=/opt/ros/foxy /usr/bin/cmake --install /home/vietdh/ros2_final/build/examples_rclcpp_minimal_composition
