[2.226s] Invoking command in '/home/vietdh/ros2_final/examples/rclpy/actions/minimal_action_server': PYTHONPATH=/home/vietdh/ros2_final/install/examples_rclpy_minimal_action_server/lib/python3.8/site-packages:${PYTHONPATH} /usr/bin/python3 setup.py egg_info --egg-base ../../../../build/examples_rclpy_minimal_action_server build --build-base /home/vietdh/ros2_final/build/examples_rclpy_minimal_action_server/build install --prefix /home/vietdh/ros2_final/install/examples_rclpy_minimal_action_server --record /home/vietdh/ros2_final/build/examples_rclpy_minimal_action_server/install.log --single-version-externally-managed
[2.607s] running egg_info
[2.608s] writing ../../../../build/examples_rclpy_minimal_action_server/examples_rclpy_minimal_action_server.egg-info/PKG-INFO
[2.608s] writing dependency_links to ../../../../build/examples_rclpy_minimal_action_server/examples_rclpy_minimal_action_server.egg-info/dependency_links.txt
[2.609s] writing entry points to ../../../../build/examples_rclpy_minimal_action_server/examples_rclpy_minimal_action_server.egg-info/entry_points.txt
[2.609s] writing requirements to ../../../../build/examples_rclpy_minimal_action_server/examples_rclpy_minimal_action_server.egg-info/requires.txt
[2.609s] writing top-level names to ../../../../build/examples_rclpy_minimal_action_server/examples_rclpy_minimal_action_server.egg-info/top_level.txt
[2.670s] reading manifest file '../../../../build/examples_rclpy_minimal_action_server/examples_rclpy_minimal_action_server.egg-info/SOURCES.txt'
[2.673s] writing manifest file '../../../../build/examples_rclpy_minimal_action_server/examples_rclpy_minimal_action_server.egg-info/SOURCES.txt'
[2.673s] running build
[2.673s] running build_py
[2.674s] running install
[2.675s] running install_lib
[2.677s] running install_data
[2.678s] running install_egg_info
[2.681s] removing '/home/vietdh/ros2_final/install/examples_rclpy_minimal_action_server/lib/python3.8/site-packages/examples_rclpy_minimal_action_server-0.9.4-py3.8.egg-info' (and everything under it)
[2.681s] Copying ../../../../build/examples_rclpy_minimal_action_server/examples_rclpy_minimal_action_server.egg-info to /home/vietdh/ros2_final/install/examples_rclpy_minimal_action_server/lib/python3.8/site-packages/examples_rclpy_minimal_action_server-0.9.4-py3.8.egg-info
[2.683s] running install_scripts
[2.714s] Installing server script to /home/vietdh/ros2_final/install/examples_rclpy_minimal_action_server/lib/examples_rclpy_minimal_action_server
[2.715s] Installing server_defer script to /home/vietdh/ros2_final/install/examples_rclpy_minimal_action_server/lib/examples_rclpy_minimal_action_server
[2.715s] Installing server_not_composable script to /home/vietdh/ros2_final/install/examples_rclpy_minimal_action_server/lib/examples_rclpy_minimal_action_server
[2.716s] Installing server_queue_goals script to /home/vietdh/ros2_final/install/examples_rclpy_minimal_action_server/lib/examples_rclpy_minimal_action_server
[2.716s] Installing server_single_goal script to /home/vietdh/ros2_final/install/examples_rclpy_minimal_action_server/lib/examples_rclpy_minimal_action_server
[2.717s] writing list of installed files to '/home/vietdh/ros2_final/build/examples_rclpy_minimal_action_server/install.log'
[2.749s] Invoked command in '/home/vietdh/ros2_final/examples/rclpy/actions/minimal_action_server' returned '0': PYTHONPATH=/home/vietdh/ros2_final/install/examples_rclpy_minimal_action_server/lib/python3.8/site-packages:${PYTHONPATH} /usr/bin/python3 setup.py egg_info --egg-base ../../../../build/examples_rclpy_minimal_action_server build --build-base /home/vietdh/ros2_final/build/examples_rclpy_minimal_action_server/build install --prefix /home/vietdh/ros2_final/install/examples_rclpy_minimal_action_server --record /home/vietdh/ros2_final/build/examples_rclpy_minimal_action_server/install.log --single-version-externally-managed
