[1.698s] Invoking command in '/home/vietdh/ros2_final/examples/rclpy/actions/minimal_action_client': PYTHONPATH=/home/vietdh/ros2_final/install/examples_rclpy_minimal_action_client/lib/python3.8/site-packages:${PYTHONPATH} /usr/bin/python3 setup.py egg_info --egg-base ../../../../build/examples_rclpy_minimal_action_client build --build-base /home/vietdh/ros2_final/build/examples_rclpy_minimal_action_client/build install --prefix /home/vietdh/ros2_final/install/examples_rclpy_minimal_action_client --record /home/vietdh/ros2_final/build/examples_rclpy_minimal_action_client/install.log --single-version-externally-managed
[1.945s] running egg_info
[1.946s] writing ../../../../build/examples_rclpy_minimal_action_client/examples_rclpy_minimal_action_client.egg-info/PKG-INFO
[1.946s] writing dependency_links to ../../../../build/examples_rclpy_minimal_action_client/examples_rclpy_minimal_action_client.egg-info/dependency_links.txt
[1.946s] writing entry points to ../../../../build/examples_rclpy_minimal_action_client/examples_rclpy_minimal_action_client.egg-info/entry_points.txt
[1.946s] writing requirements to ../../../../build/examples_rclpy_minimal_action_client/examples_rclpy_minimal_action_client.egg-info/requires.txt
[1.946s] writing top-level names to ../../../../build/examples_rclpy_minimal_action_client/examples_rclpy_minimal_action_client.egg-info/top_level.txt
[1.985s] reading manifest file '../../../../build/examples_rclpy_minimal_action_client/examples_rclpy_minimal_action_client.egg-info/SOURCES.txt'
[1.986s] writing manifest file '../../../../build/examples_rclpy_minimal_action_client/examples_rclpy_minimal_action_client.egg-info/SOURCES.txt'
[1.986s] running build
[1.986s] running build_py
[1.986s] running install
[1.987s] running install_lib
[1.989s] running install_data
[1.989s] running install_egg_info
[1.991s] removing '/home/vietdh/ros2_final/install/examples_rclpy_minimal_action_client/lib/python3.8/site-packages/examples_rclpy_minimal_action_client-0.9.4-py3.8.egg-info' (and everything under it)
[1.991s] Copying ../../../../build/examples_rclpy_minimal_action_client/examples_rclpy_minimal_action_client.egg-info to /home/vietdh/ros2_final/install/examples_rclpy_minimal_action_client/lib/python3.8/site-packages/examples_rclpy_minimal_action_client-0.9.4-py3.8.egg-info
[1.992s] running install_scripts
[2.009s] Installing client script to /home/vietdh/ros2_final/install/examples_rclpy_minimal_action_client/lib/examples_rclpy_minimal_action_client
[2.010s] Installing client_cancel script to /home/vietdh/ros2_final/install/examples_rclpy_minimal_action_client/lib/examples_rclpy_minimal_action_client
[2.010s] Installing client_not_composable script to /home/vietdh/ros2_final/install/examples_rclpy_minimal_action_client/lib/examples_rclpy_minimal_action_client
[2.010s] writing list of installed files to '/home/vietdh/ros2_final/build/examples_rclpy_minimal_action_client/install.log'
[2.039s] Invoked command in '/home/vietdh/ros2_final/examples/rclpy/actions/minimal_action_client' returned '0': PYTHONPATH=/home/vietdh/ros2_final/install/examples_rclpy_minimal_action_client/lib/python3.8/site-packages:${PYTHONPATH} /usr/bin/python3 setup.py egg_info --egg-base ../../../../build/examples_rclpy_minimal_action_client build --build-base /home/vietdh/ros2_final/build/examples_rclpy_minimal_action_client/build install --prefix /home/vietdh/ros2_final/install/examples_rclpy_minimal_action_client --record /home/vietdh/ros2_final/build/examples_rclpy_minimal_action_client/install.log --single-version-externally-managed
