[1.643s] Invoking command in '/home/vietdh/ros2_final/examples/rclpy/topics/minimal_publisher': PYTHONPATH=/home/vietdh/ros2_final/install/examples_rclpy_minimal_publisher/lib/python3.8/site-packages:${PYTHONPATH} /usr/bin/python3 setup.py egg_info --egg-base ../../../../build/examples_rclpy_minimal_publisher build --build-base /home/vietdh/ros2_final/build/examples_rclpy_minimal_publisher/build install --prefix /home/vietdh/ros2_final/install/examples_rclpy_minimal_publisher --record /home/vietdh/ros2_final/build/examples_rclpy_minimal_publisher/install.log --single-version-externally-managed
[1.879s] running egg_info
[1.880s] writing ../../../../build/examples_rclpy_minimal_publisher/examples_rclpy_minimal_publisher.egg-info/PKG-INFO
[1.880s] writing dependency_links to ../../../../build/examples_rclpy_minimal_publisher/examples_rclpy_minimal_publisher.egg-info/dependency_links.txt
[1.880s] writing entry points to ../../../../build/examples_rclpy_minimal_publisher/examples_rclpy_minimal_publisher.egg-info/entry_points.txt
[1.880s] writing requirements to ../../../../build/examples_rclpy_minimal_publisher/examples_rclpy_minimal_publisher.egg-info/requires.txt
[1.880s] writing top-level names to ../../../../build/examples_rclpy_minimal_publisher/examples_rclpy_minimal_publisher.egg-info/top_level.txt
[1.914s] reading manifest file '../../../../build/examples_rclpy_minimal_publisher/examples_rclpy_minimal_publisher.egg-info/SOURCES.txt'
[1.915s] writing manifest file '../../../../build/examples_rclpy_minimal_publisher/examples_rclpy_minimal_publisher.egg-info/SOURCES.txt'
[1.915s] running build
[1.915s] running build_py
[1.916s] running install
[1.916s] running install_lib
[1.918s] running install_data
[1.918s] running install_egg_info
[1.920s] removing '/home/vietdh/ros2_final/install/examples_rclpy_minimal_publisher/lib/python3.8/site-packages/examples_rclpy_minimal_publisher-0.9.4-py3.8.egg-info' (and everything under it)
[1.920s] Copying ../../../../build/examples_rclpy_minimal_publisher/examples_rclpy_minimal_publisher.egg-info to /home/vietdh/ros2_final/install/examples_rclpy_minimal_publisher/lib/python3.8/site-packages/examples_rclpy_minimal_publisher-0.9.4-py3.8.egg-info
[1.921s] running install_scripts
[1.940s] Installing publisher_local_function script to /home/vietdh/ros2_final/install/examples_rclpy_minimal_publisher/lib/examples_rclpy_minimal_publisher
[1.944s] Installing publisher_member_function script to /home/vietdh/ros2_final/install/examples_rclpy_minimal_publisher/lib/examples_rclpy_minimal_publisher
[1.945s] Installing publisher_old_school script to /home/vietdh/ros2_final/install/examples_rclpy_minimal_publisher/lib/examples_rclpy_minimal_publisher
[1.945s] writing list of installed files to '/home/vietdh/ros2_final/build/examples_rclpy_minimal_publisher/install.log'
[1.964s] Invoked command in '/home/vietdh/ros2_final/examples/rclpy/topics/minimal_publisher' returned '0': PYTHONPATH=/home/vietdh/ros2_final/install/examples_rclpy_minimal_publisher/lib/python3.8/site-packages:${PYTHONPATH} /usr/bin/python3 setup.py egg_info --egg-base ../../../../build/examples_rclpy_minimal_publisher build --build-base /home/vietdh/ros2_final/build/examples_rclpy_minimal_publisher/build install --prefix /home/vietdh/ros2_final/install/examples_rclpy_minimal_publisher --record /home/vietdh/ros2_final/build/examples_rclpy_minimal_publisher/install.log --single-version-externally-managed
