[1.748s] Invoking command in '/home/vietdh/servo_node/examples/rclpy/executors': PYTHONPATH=/home/vietdh/servo_node/install/examples_rclpy_executors/lib/python3.8/site-packages:${PYTHONPATH} /usr/bin/python3 setup.py egg_info --egg-base ../../../build/examples_rclpy_executors build --build-base /home/vietdh/servo_node/build/examples_rclpy_executors/build install --prefix /home/vietdh/servo_node/install/examples_rclpy_executors --record /home/vietdh/servo_node/build/examples_rclpy_executors/install.log --single-version-externally-managed
[2.018s] running egg_info
[2.018s] writing ../../../build/examples_rclpy_executors/examples_rclpy_executors.egg-info/PKG-INFO
[2.019s] writing dependency_links to ../../../build/examples_rclpy_executors/examples_rclpy_executors.egg-info/dependency_links.txt
[2.019s] writing entry points to ../../../build/examples_rclpy_executors/examples_rclpy_executors.egg-info/entry_points.txt
[2.019s] writing requirements to ../../../build/examples_rclpy_executors/examples_rclpy_executors.egg-info/requires.txt
[2.019s] writing top-level names to ../../../build/examples_rclpy_executors/examples_rclpy_executors.egg-info/top_level.txt
[2.067s] reading manifest file '../../../build/examples_rclpy_executors/examples_rclpy_executors.egg-info/SOURCES.txt'
[2.068s] writing manifest file '../../../build/examples_rclpy_executors/examples_rclpy_executors.egg-info/SOURCES.txt'
[2.069s] running build
[2.069s] running build_py
[2.069s] running install
[2.070s] running install_lib
[2.072s] running install_data
[2.073s] running install_egg_info
[2.075s] removing '/home/vietdh/servo_node/install/examples_rclpy_executors/lib/python3.8/site-packages/examples_rclpy_executors-0.9.4-py3.8.egg-info' (and everything under it)
[2.075s] Copying ../../../build/examples_rclpy_executors/examples_rclpy_executors.egg-info to /home/vietdh/servo_node/install/examples_rclpy_executors/lib/python3.8/site-packages/examples_rclpy_executors-0.9.4-py3.8.egg-info
[2.076s] running install_scripts
[2.097s] Installing callback_group script to /home/vietdh/servo_node/install/examples_rclpy_executors/lib/examples_rclpy_executors
[2.097s] Installing composed script to /home/vietdh/servo_node/install/examples_rclpy_executors/lib/examples_rclpy_executors
[2.097s] Installing custom_callback_group script to /home/vietdh/servo_node/install/examples_rclpy_executors/lib/examples_rclpy_executors
[2.098s] Installing custom_executor script to /home/vietdh/servo_node/install/examples_rclpy_executors/lib/examples_rclpy_executors
[2.098s] Installing listener script to /home/vietdh/servo_node/install/examples_rclpy_executors/lib/examples_rclpy_executors
[2.098s] Installing talker script to /home/vietdh/servo_node/install/examples_rclpy_executors/lib/examples_rclpy_executors
[2.098s] writing list of installed files to '/home/vietdh/servo_node/build/examples_rclpy_executors/install.log'
[2.138s] Invoked command in '/home/vietdh/servo_node/examples/rclpy/executors' returned '0': PYTHONPATH=/home/vietdh/servo_node/install/examples_rclpy_executors/lib/python3.8/site-packages:${PYTHONPATH} /usr/bin/python3 setup.py egg_info --egg-base ../../../build/examples_rclpy_executors build --build-base /home/vietdh/servo_node/build/examples_rclpy_executors/build install --prefix /home/vietdh/servo_node/install/examples_rclpy_executors --record /home/vietdh/servo_node/build/examples_rclpy_executors/install.log --single-version-externally-managed
