[0.865s] Invoking command in '/home/vietdh/ros2_final/build/dynamixel_sdk_examples': AMENT_PREFIX_PATH=/home/vietdh/ros2_final/install/dynamixel_sdk_custom_interfaces:/home/vietdh/ros2_final/install/dynamixel_sdk:${AMENT_PREFIX_PATH} CMAKE_PREFIX_PATH=/home/vietdh/ros2_final/install/dynamixel_sdk_custom_interfaces:/home/vietdh/ros2_final/install/dynamixel_sdk:/opt/ros/foxy LD_LIBRARY_PATH=/home/vietdh/ros2_final/install/dynamixel_sdk_custom_interfaces/lib:/home/vietdh/ros2_final/install/dynamixel_sdk/lib:${LD_LIBRARY_PATH} PYTHONPATH=/home/vietdh/ros2_final/install/dynamixel_sdk_custom_interfaces/lib/python3.8/site-packages:${PYTHONPATH} /usr/bin/cmake --build /home/vietdh/ros2_final/build/dynamixel_sdk_examples -- -j12 -l12
[0.927s] [100%] Built target read_write_node
[0.937s] Invoked command in '/home/vietdh/ros2_final/build/dynamixel_sdk_examples' returned '0': AMENT_PREFIX_PATH=/home/vietdh/ros2_final/install/dynamixel_sdk_custom_interfaces:/home/vietdh/ros2_final/install/dynamixel_sdk:${AMENT_PREFIX_PATH} CMAKE_PREFIX_PATH=/home/vietdh/ros2_final/install/dynamixel_sdk_custom_interfaces:/home/vietdh/ros2_final/install/dynamixel_sdk:/opt/ros/foxy LD_LIBRARY_PATH=/home/vietdh/ros2_final/install/dynamixel_sdk_custom_interfaces/lib:/home/vietdh/ros2_final/install/dynamixel_sdk/lib:${LD_LIBRARY_PATH} PYTHONPATH=/home/vietdh/ros2_final/install/dynamixel_sdk_custom_interfaces/lib/python3.8/site-packages:${PYTHONPATH} /usr/bin/cmake --build /home/vietdh/ros2_final/build/dynamixel_sdk_examples -- -j12 -l12
[0.966s] Invoking command in '/home/vietdh/ros2_final/build/dynamixel_sdk_examples': AMENT_PREFIX_PATH=/home/vietdh/ros2_final/install/dynamixel_sdk_custom_interfaces:/home/vietdh/ros2_final/install/dynamixel_sdk:${AMENT_PREFIX_PATH} CMAKE_PREFIX_PATH=/home/vietdh/ros2_final/install/dynamixel_sdk_custom_interfaces:/home/vietdh/ros2_final/install/dynamixel_sdk:/opt/ros/foxy LD_LIBRARY_PATH=/home/vietdh/ros2_final/install/dynamixel_sdk_custom_interfaces/lib:/home/vietdh/ros2_final/install/dynamixel_sdk/lib:${LD_LIBRARY_PATH} PYTHONPATH=/home/vietdh/ros2_final/install/dynamixel_sdk_custom_interfaces/lib/python3.8/site-packages:${PYTHONPATH} /usr/bin/cmake --install /home/vietdh/ros2_final/build/dynamixel_sdk_examples
[0.975s] -- Install configuration: ""
[0.975s] -- Up-to-date: /home/vietdh/ros2_final/install/dynamixel_sdk_examples/lib/dynamixel_sdk_examples/read_write_node
[0.975s] -- Up-to-date: /home/vietdh/ros2_final/install/dynamixel_sdk_examples/share/ament_index/resource_index/package_run_dependencies/dynamixel_sdk_examples
[0.976s] -- Up-to-date: /home/vietdh/ros2_final/install/dynamixel_sdk_examples/share/ament_index/resource_index/parent_prefix_path/dynamixel_sdk_examples
[0.976s] -- Up-to-date: /home/vietdh/ros2_final/install/dynamixel_sdk_examples/share/dynamixel_sdk_examples/environment/ament_prefix_path.sh
[0.976s] -- Up-to-date: /home/vietdh/ros2_final/install/dynamixel_sdk_examples/share/dynamixel_sdk_examples/environment/ament_prefix_path.dsv
[0.976s] -- Up-to-date: /home/vietdh/ros2_final/install/dynamixel_sdk_examples/share/dynamixel_sdk_examples/environment/path.sh
[0.977s] -- Up-to-date: /home/vietdh/ros2_final/install/dynamixel_sdk_examples/share/dynamixel_sdk_examples/environment/path.dsv
[0.977s] -- Up-to-date: /home/vietdh/ros2_final/install/dynamixel_sdk_examples/share/dynamixel_sdk_examples/local_setup.bash
[0.977s] -- Up-to-date: /home/vietdh/ros2_final/install/dynamixel_sdk_examples/share/dynamixel_sdk_examples/local_setup.sh
[0.977s] -- Up-to-date: /home/vietdh/ros2_final/install/dynamixel_sdk_examples/share/dynamixel_sdk_examples/local_setup.zsh
[0.977s] -- Up-to-date: /home/vietdh/ros2_final/install/dynamixel_sdk_examples/share/dynamixel_sdk_examples/local_setup.dsv
[0.978s] -- Installing: /home/vietdh/ros2_final/install/dynamixel_sdk_examples/share/dynamixel_sdk_examples/package.dsv
[0.978s] -- Up-to-date: /home/vietdh/ros2_final/install/dynamixel_sdk_examples/share/ament_index/resource_index/packages/dynamixel_sdk_examples
[0.978s] -- Up-to-date: /home/vietdh/ros2_final/install/dynamixel_sdk_examples/share/dynamixel_sdk_examples/cmake/dynamixel_sdk_examplesConfig.cmake
[0.979s] -- Up-to-date: /home/vietdh/ros2_final/install/dynamixel_sdk_examples/share/dynamixel_sdk_examples/cmake/dynamixel_sdk_examplesConfig-version.cmake
[0.979s] -- Up-to-date: /home/vietdh/ros2_final/install/dynamixel_sdk_examples/share/dynamixel_sdk_examples/package.xml
[0.983s] Invoked command in '/home/vietdh/ros2_final/build/dynamixel_sdk_examples' returned '0': AMENT_PREFIX_PATH=/home/vietdh/ros2_final/install/dynamixel_sdk_custom_interfaces:/home/vietdh/ros2_final/install/dynamixel_sdk:${AMENT_PREFIX_PATH} CMAKE_PREFIX_PATH=/home/vietdh/ros2_final/install/dynamixel_sdk_custom_interfaces:/home/vietdh/ros2_final/install/dynamixel_sdk:/opt/ros/foxy LD_LIBRARY_PATH=/home/vietdh/ros2_final/install/dynamixel_sdk_custom_interfaces/lib:/home/vietdh/ros2_final/install/dynamixel_sdk/lib:${LD_LIBRARY_PATH} PYTHONPATH=/home/vietdh/ros2_final/install/dynamixel_sdk_custom_interfaces/lib/python3.8/site-packages:${PYTHONPATH} /usr/bin/cmake --install /home/vietdh/ros2_final/build/dynamixel_sdk_examples
