[1.230s] Invoking command in '/home/vietdh/ros2_final/examples/rclpy/executors': PYTHONPATH=/home/vietdh/ros2_final/install/examples_rclpy_executors/lib/python3.8/site-packages:${PYTHONPATH} /usr/bin/python3 setup.py egg_info --egg-base ../../../build/examples_rclpy_executors build --build-base /home/vietdh/ros2_final/build/examples_rclpy_executors/build install --prefix /home/vietdh/ros2_final/install/examples_rclpy_executors --record /home/vietdh/ros2_final/build/examples_rclpy_executors/install.log --single-version-externally-managed
[2.807s] running egg_info
[2.807s] creating ../../../build/examples_rclpy_executors/examples_rclpy_executors.egg-info
[2.807s] writing ../../../build/examples_rclpy_executors/examples_rclpy_executors.egg-info/PKG-INFO
[2.807s] writing dependency_links to ../../../build/examples_rclpy_executors/examples_rclpy_executors.egg-info/dependency_links.txt
[2.808s] writing entry points to ../../../build/examples_rclpy_executors/examples_rclpy_executors.egg-info/entry_points.txt
[2.809s] writing requirements to ../../../build/examples_rclpy_executors/examples_rclpy_executors.egg-info/requires.txt
[2.809s] writing top-level names to ../../../build/examples_rclpy_executors/examples_rclpy_executors.egg-info/top_level.txt
[2.809s] writing manifest file '../../../build/examples_rclpy_executors/examples_rclpy_executors.egg-info/SOURCES.txt'
[2.809s] reading manifest file '../../../build/examples_rclpy_executors/examples_rclpy_executors.egg-info/SOURCES.txt'
[2.810s] writing manifest file '../../../build/examples_rclpy_executors/examples_rclpy_executors.egg-info/SOURCES.txt'
[2.810s] running build
[2.810s] running build_py
[2.811s] creating /home/vietdh/ros2_final/build/examples_rclpy_executors/build
[2.811s] creating /home/vietdh/ros2_final/build/examples_rclpy_executors/build/lib
[2.811s] creating /home/vietdh/ros2_final/build/examples_rclpy_executors/build/lib/examples_rclpy_executors
[2.811s] copying examples_rclpy_executors/talker.py -> /home/vietdh/ros2_final/build/examples_rclpy_executors/build/lib/examples_rclpy_executors
[2.812s] copying examples_rclpy_executors/listener.py -> /home/vietdh/ros2_final/build/examples_rclpy_executors/build/lib/examples_rclpy_executors
[2.812s] copying examples_rclpy_executors/custom_callback_group.py -> /home/vietdh/ros2_final/build/examples_rclpy_executors/build/lib/examples_rclpy_executors
[2.812s] copying examples_rclpy_executors/callback_group.py -> /home/vietdh/ros2_final/build/examples_rclpy_executors/build/lib/examples_rclpy_executors
[2.812s] copying examples_rclpy_executors/composed.py -> /home/vietdh/ros2_final/build/examples_rclpy_executors/build/lib/examples_rclpy_executors
[2.813s] copying examples_rclpy_executors/__init__.py -> /home/vietdh/ros2_final/build/examples_rclpy_executors/build/lib/examples_rclpy_executors
[2.813s] copying examples_rclpy_executors/custom_executor.py -> /home/vietdh/ros2_final/build/examples_rclpy_executors/build/lib/examples_rclpy_executors
[2.813s] running install
[2.813s] running install_lib
[2.814s] creating /home/vietdh/ros2_final/install/examples_rclpy_executors/lib/python3.8/site-packages/examples_rclpy_executors
[2.814s] copying /home/vietdh/ros2_final/build/examples_rclpy_executors/build/lib/examples_rclpy_executors/talker.py -> /home/vietdh/ros2_final/install/examples_rclpy_executors/lib/python3.8/site-packages/examples_rclpy_executors
[2.814s] copying /home/vietdh/ros2_final/build/examples_rclpy_executors/build/lib/examples_rclpy_executors/listener.py -> /home/vietdh/ros2_final/install/examples_rclpy_executors/lib/python3.8/site-packages/examples_rclpy_executors
[2.815s] copying /home/vietdh/ros2_final/build/examples_rclpy_executors/build/lib/examples_rclpy_executors/custom_callback_group.py -> /home/vietdh/ros2_final/install/examples_rclpy_executors/lib/python3.8/site-packages/examples_rclpy_executors
[2.817s] copying /home/vietdh/ros2_final/build/examples_rclpy_executors/build/lib/examples_rclpy_executors/callback_group.py -> /home/vietdh/ros2_final/install/examples_rclpy_executors/lib/python3.8/site-packages/examples_rclpy_executors
[2.817s] copying /home/vietdh/ros2_final/build/examples_rclpy_executors/build/lib/examples_rclpy_executors/composed.py -> /home/vietdh/ros2_final/install/examples_rclpy_executors/lib/python3.8/site-packages/examples_rclpy_executors
[2.818s] copying /home/vietdh/ros2_final/build/examples_rclpy_executors/build/lib/examples_rclpy_executors/__init__.py -> /home/vietdh/ros2_final/install/examples_rclpy_executors/lib/python3.8/site-packages/examples_rclpy_executors
[2.818s] copying /home/vietdh/ros2_final/build/examples_rclpy_executors/build/lib/examples_rclpy_executors/custom_executor.py -> /home/vietdh/ros2_final/install/examples_rclpy_executors/lib/python3.8/site-packages/examples_rclpy_executors
[2.819s] byte-compiling /home/vietdh/ros2_final/install/examples_rclpy_executors/lib/python3.8/site-packages/examples_rclpy_executors/talker.py to talker.cpython-38.pyc
[2.819s] byte-compiling /home/vietdh/ros2_final/install/examples_rclpy_executors/lib/python3.8/site-packages/examples_rclpy_executors/listener.py to listener.cpython-38.pyc
[2.819s] byte-compiling /home/vietdh/ros2_final/install/examples_rclpy_executors/lib/python3.8/site-packages/examples_rclpy_executors/custom_callback_group.py to custom_callback_group.cpython-38.pyc
[2.820s] byte-compiling /home/vietdh/ros2_final/install/examples_rclpy_executors/lib/python3.8/site-packages/examples_rclpy_executors/callback_group.py to callback_group.cpython-38.pyc
[2.820s] byte-compiling /home/vietdh/ros2_final/install/examples_rclpy_executors/lib/python3.8/site-packages/examples_rclpy_executors/composed.py to composed.cpython-38.pyc
[2.820s] byte-compiling /home/vietdh/ros2_final/install/examples_rclpy_executors/lib/python3.8/site-packages/examples_rclpy_executors/__init__.py to __init__.cpython-38.pyc
[2.820s] byte-compiling /home/vietdh/ros2_final/install/examples_rclpy_executors/lib/python3.8/site-packages/examples_rclpy_executors/custom_executor.py to custom_executor.cpython-38.pyc
[2.820s] running install_data
[2.821s] creating /home/vietdh/ros2_final/install/examples_rclpy_executors/share/ament_index
[2.821s] creating /home/vietdh/ros2_final/install/examples_rclpy_executors/share/ament_index/resource_index
[2.821s] creating /home/vietdh/ros2_final/install/examples_rclpy_executors/share/ament_index/resource_index/packages
[2.821s] copying resource/examples_rclpy_executors -> /home/vietdh/ros2_final/install/examples_rclpy_executors/share/ament_index/resource_index/packages
[2.822s] copying package.xml -> /home/vietdh/ros2_final/install/examples_rclpy_executors/share/examples_rclpy_executors
[2.822s] running install_egg_info
[2.822s] Copying ../../../build/examples_rclpy_executors/examples_rclpy_executors.egg-info to /home/vietdh/ros2_final/install/examples_rclpy_executors/lib/python3.8/site-packages/examples_rclpy_executors-0.9.4-py3.8.egg-info
[2.822s] running install_scripts
[2.822s] Installing callback_group script to /home/vietdh/ros2_final/install/examples_rclpy_executors/lib/examples_rclpy_executors
[2.823s] Installing composed script to /home/vietdh/ros2_final/install/examples_rclpy_executors/lib/examples_rclpy_executors
[2.823s] Installing custom_callback_group script to /home/vietdh/ros2_final/install/examples_rclpy_executors/lib/examples_rclpy_executors
[2.823s] Installing custom_executor script to /home/vietdh/ros2_final/install/examples_rclpy_executors/lib/examples_rclpy_executors
[2.823s] Installing listener script to /home/vietdh/ros2_final/install/examples_rclpy_executors/lib/examples_rclpy_executors
[2.824s] Installing talker script to /home/vietdh/ros2_final/install/examples_rclpy_executors/lib/examples_rclpy_executors
[2.824s] writing list of installed files to '/home/vietdh/ros2_final/build/examples_rclpy_executors/install.log'
[2.829s] Invoked command in '/home/vietdh/ros2_final/examples/rclpy/executors' returned '0': PYTHONPATH=/home/vietdh/ros2_final/install/examples_rclpy_executors/lib/python3.8/site-packages:${PYTHONPATH} /usr/bin/python3 setup.py egg_info --egg-base ../../../build/examples_rclpy_executors build --build-base /home/vietdh/ros2_final/build/examples_rclpy_executors/build install --prefix /home/vietdh/ros2_final/install/examples_rclpy_executors --record /home/vietdh/ros2_final/build/examples_rclpy_executors/install.log --single-version-externally-managed
