[3.616s] Invoking command in '/home/vietdh/ros2_final/examples/rclpy/services/minimal_client': PYTHONPATH=/home/vietdh/ros2_final/install/examples_rclpy_minimal_client/lib/python3.8/site-packages:${PYTHONPATH} /usr/bin/python3 setup.py egg_info --egg-base ../../../../build/examples_rclpy_minimal_client build --build-base /home/vietdh/ros2_final/build/examples_rclpy_minimal_client/build install --prefix /home/vietdh/ros2_final/install/examples_rclpy_minimal_client --record /home/vietdh/ros2_final/build/examples_rclpy_minimal_client/install.log --single-version-externally-managed
[4.261s] running egg_info
[4.263s] creating ../../../../build/examples_rclpy_minimal_client/examples_rclpy_minimal_client.egg-info
[4.263s] writing ../../../../build/examples_rclpy_minimal_client/examples_rclpy_minimal_client.egg-info/PKG-INFO
[4.263s] writing dependency_links to ../../../../build/examples_rclpy_minimal_client/examples_rclpy_minimal_client.egg-info/dependency_links.txt
[4.264s] writing entry points to ../../../../build/examples_rclpy_minimal_client/examples_rclpy_minimal_client.egg-info/entry_points.txt
[4.264s] writing requirements to ../../../../build/examples_rclpy_minimal_client/examples_rclpy_minimal_client.egg-info/requires.txt
[4.264s] writing top-level names to ../../../../build/examples_rclpy_minimal_client/examples_rclpy_minimal_client.egg-info/top_level.txt
[4.267s] writing manifest file '../../../../build/examples_rclpy_minimal_client/examples_rclpy_minimal_client.egg-info/SOURCES.txt'
[4.344s] reading manifest file '../../../../build/examples_rclpy_minimal_client/examples_rclpy_minimal_client.egg-info/SOURCES.txt'
[4.345s] writing manifest file '../../../../build/examples_rclpy_minimal_client/examples_rclpy_minimal_client.egg-info/SOURCES.txt'
[4.346s] running build
[4.346s] running build_py
[4.346s] creating /home/vietdh/ros2_final/build/examples_rclpy_minimal_client/build
[4.347s] creating /home/vietdh/ros2_final/build/examples_rclpy_minimal_client/build/lib
[4.347s] creating /home/vietdh/ros2_final/build/examples_rclpy_minimal_client/build/lib/examples_rclpy_minimal_client
[4.347s] copying examples_rclpy_minimal_client/client.py -> /home/vietdh/ros2_final/build/examples_rclpy_minimal_client/build/lib/examples_rclpy_minimal_client
[4.347s] copying examples_rclpy_minimal_client/client_async_callback.py -> /home/vietdh/ros2_final/build/examples_rclpy_minimal_client/build/lib/examples_rclpy_minimal_client
[4.347s] copying examples_rclpy_minimal_client/client_async.py -> /home/vietdh/ros2_final/build/examples_rclpy_minimal_client/build/lib/examples_rclpy_minimal_client
[4.348s] copying examples_rclpy_minimal_client/__init__.py -> /home/vietdh/ros2_final/build/examples_rclpy_minimal_client/build/lib/examples_rclpy_minimal_client
[4.348s] copying examples_rclpy_minimal_client/client_async_member_function.py -> /home/vietdh/ros2_final/build/examples_rclpy_minimal_client/build/lib/examples_rclpy_minimal_client
[4.348s] running install
[4.349s] running install_lib
[4.351s] creating /home/vietdh/ros2_final/install/examples_rclpy_minimal_client/lib/python3.8/site-packages/examples_rclpy_minimal_client
[4.352s] copying /home/vietdh/ros2_final/build/examples_rclpy_minimal_client/build/lib/examples_rclpy_minimal_client/client.py -> /home/vietdh/ros2_final/install/examples_rclpy_minimal_client/lib/python3.8/site-packages/examples_rclpy_minimal_client
[4.352s] copying /home/vietdh/ros2_final/build/examples_rclpy_minimal_client/build/lib/examples_rclpy_minimal_client/client_async_callback.py -> /home/vietdh/ros2_final/install/examples_rclpy_minimal_client/lib/python3.8/site-packages/examples_rclpy_minimal_client
[4.352s] copying /home/vietdh/ros2_final/build/examples_rclpy_minimal_client/build/lib/examples_rclpy_minimal_client/client_async.py -> /home/vietdh/ros2_final/install/examples_rclpy_minimal_client/lib/python3.8/site-packages/examples_rclpy_minimal_client
[4.352s] copying /home/vietdh/ros2_final/build/examples_rclpy_minimal_client/build/lib/examples_rclpy_minimal_client/__init__.py -> /home/vietdh/ros2_final/install/examples_rclpy_minimal_client/lib/python3.8/site-packages/examples_rclpy_minimal_client
[4.353s] copying /home/vietdh/ros2_final/build/examples_rclpy_minimal_client/build/lib/examples_rclpy_minimal_client/client_async_member_function.py -> /home/vietdh/ros2_final/install/examples_rclpy_minimal_client/lib/python3.8/site-packages/examples_rclpy_minimal_client
[4.354s] byte-compiling /home/vietdh/ros2_final/install/examples_rclpy_minimal_client/lib/python3.8/site-packages/examples_rclpy_minimal_client/client.py to client.cpython-38.pyc
[4.357s] byte-compiling /home/vietdh/ros2_final/install/examples_rclpy_minimal_client/lib/python3.8/site-packages/examples_rclpy_minimal_client/client_async_callback.py to client_async_callback.cpython-38.pyc
[4.358s] byte-compiling /home/vietdh/ros2_final/install/examples_rclpy_minimal_client/lib/python3.8/site-packages/examples_rclpy_minimal_client/client_async.py to client_async.cpython-38.pyc
[4.359s] byte-compiling /home/vietdh/ros2_final/install/examples_rclpy_minimal_client/lib/python3.8/site-packages/examples_rclpy_minimal_client/__init__.py to __init__.cpython-38.pyc
[4.359s] byte-compiling /home/vietdh/ros2_final/install/examples_rclpy_minimal_client/lib/python3.8/site-packages/examples_rclpy_minimal_client/client_async_member_function.py to client_async_member_function.cpython-38.pyc
[4.360s] running install_data
[4.361s] creating /home/vietdh/ros2_final/install/examples_rclpy_minimal_client/share/ament_index
[4.362s] creating /home/vietdh/ros2_final/install/examples_rclpy_minimal_client/share/ament_index/resource_index
[4.362s] creating /home/vietdh/ros2_final/install/examples_rclpy_minimal_client/share/ament_index/resource_index/packages
[4.362s] copying resource/examples_rclpy_minimal_client -> /home/vietdh/ros2_final/install/examples_rclpy_minimal_client/share/ament_index/resource_index/packages
[4.362s] copying package.xml -> /home/vietdh/ros2_final/install/examples_rclpy_minimal_client/share/examples_rclpy_minimal_client
[4.363s] running install_egg_info
[4.366s] Copying ../../../../build/examples_rclpy_minimal_client/examples_rclpy_minimal_client.egg-info to /home/vietdh/ros2_final/install/examples_rclpy_minimal_client/lib/python3.8/site-packages/examples_rclpy_minimal_client-0.9.4-py3.8.egg-info
[4.368s] running install_scripts
[4.404s] Installing client script to /home/vietdh/ros2_final/install/examples_rclpy_minimal_client/lib/examples_rclpy_minimal_client
[4.405s] Installing client_async script to /home/vietdh/ros2_final/install/examples_rclpy_minimal_client/lib/examples_rclpy_minimal_client
[4.405s] Installing client_async_callback script to /home/vietdh/ros2_final/install/examples_rclpy_minimal_client/lib/examples_rclpy_minimal_client
[4.405s] Installing client_async_member_function script to /home/vietdh/ros2_final/install/examples_rclpy_minimal_client/lib/examples_rclpy_minimal_client
[4.405s] writing list of installed files to '/home/vietdh/ros2_final/build/examples_rclpy_minimal_client/install.log'
[4.455s] Invoked command in '/home/vietdh/ros2_final/examples/rclpy/services/minimal_client' returned '0': PYTHONPATH=/home/vietdh/ros2_final/install/examples_rclpy_minimal_client/lib/python3.8/site-packages:${PYTHONPATH} /usr/bin/python3 setup.py egg_info --egg-base ../../../../build/examples_rclpy_minimal_client build --build-base /home/vietdh/ros2_final/build/examples_rclpy_minimal_client/build install --prefix /home/vietdh/ros2_final/install/examples_rclpy_minimal_client --record /home/vietdh/ros2_final/build/examples_rclpy_minimal_client/install.log --single-version-externally-managed
