[0.075s] Invoking command in '/home/vietdh/servo_node/build/examples_rclcpp_minimal_action_server': CMAKE_PREFIX_PATH=${CMAKE_PREFIX_PATH}:/home/vietdh/servo_node/install/examples_rclpy_minimal_subscriber:/home/vietdh/servo_node/install/examples_rclpy_minimal_service:/home/vietdh/servo_node/install/examples_rclpy_minimal_publisher:/home/vietdh/servo_node/install/examples_rclpy_minimal_client:/home/vietdh/servo_node/install/examples_rclpy_minimal_action_server:/home/vietdh/servo_node/install/examples_rclpy_minimal_action_client:/home/vietdh/servo_node/install/examples_rclpy_executors:/opt/ros/foxy /usr/bin/cmake --build /home/vietdh/servo_node/build/examples_rclcpp_minimal_action_server -- -j12 -l12
[0.347s] [ 50%] Built target action_server_member_functions
[0.347s] [100%] Built target action_server_not_composable
[0.348s] CMake Error: The current CMakeCache.txt directory /home/vietdh/servo_node/build/examples_rclcpp_minimal_action_server/CMakeCache.txt is different than the directory /home/vietdh/ros2_final/build/examples_rclcpp_minimal_action_server where CMakeCache.txt was created. This may result in binaries being created in the wrong place. If you are not sure, reedit the CMakeCache.txt
[0.362s] Invoked command in '/home/vietdh/servo_node/build/examples_rclcpp_minimal_action_server' returned '0': CMAKE_PREFIX_PATH=${CMAKE_PREFIX_PATH}:/home/vietdh/servo_node/install/examples_rclpy_minimal_subscriber:/home/vietdh/servo_node/install/examples_rclpy_minimal_service:/home/vietdh/servo_node/install/examples_rclpy_minimal_publisher:/home/vietdh/servo_node/install/examples_rclpy_minimal_client:/home/vietdh/servo_node/install/examples_rclpy_minimal_action_server:/home/vietdh/servo_node/install/examples_rclpy_minimal_action_client:/home/vietdh/servo_node/install/examples_rclpy_executors:/opt/ros/foxy /usr/bin/cmake --build /home/vietdh/servo_node/build/examples_rclcpp_minimal_action_server -- -j12 -l12
[0.393s] Invoking command in '/home/vietdh/servo_node/build/examples_rclcpp_minimal_action_server': CMAKE_PREFIX_PATH=${CMAKE_PREFIX_PATH}:/home/vietdh/servo_node/install/examples_rclpy_minimal_subscriber:/home/vietdh/servo_node/install/examples_rclpy_minimal_service:/home/vietdh/servo_node/install/examples_rclpy_minimal_publisher:/home/vietdh/servo_node/install/examples_rclpy_minimal_client:/home/vietdh/servo_node/install/examples_rclpy_minimal_action_server:/home/vietdh/servo_node/install/examples_rclpy_minimal_action_client:/home/vietdh/servo_node/install/examples_rclpy_executors:/opt/ros/foxy /usr/bin/cmake --install /home/vietdh/servo_node/build/examples_rclcpp_minimal_action_server
[0.410s] -- Install configuration: ""
[0.410s] -- Up-to-date: /home/vietdh/ros2_final/install/examples_rclcpp_minimal_action_server/lib/examples_rclcpp_minimal_action_server/action_server_not_composable
[0.410s] -- Up-to-date: /home/vietdh/ros2_final/install/examples_rclcpp_minimal_action_server/lib/examples_rclcpp_minimal_action_server/action_server_member_functions
[0.410s] -- Up-to-date: /home/vietdh/ros2_final/install/examples_rclcpp_minimal_action_server/share/ament_index/resource_index/package_run_dependencies/examples_rclcpp_minimal_action_server
[0.410s] -- Up-to-date: /home/vietdh/ros2_final/install/examples_rclcpp_minimal_action_server/share/ament_index/resource_index/parent_prefix_path/examples_rclcpp_minimal_action_server
[0.410s] -- Up-to-date: /home/vietdh/ros2_final/install/examples_rclcpp_minimal_action_server/share/examples_rclcpp_minimal_action_server/environment/ament_prefix_path.sh
[0.411s] -- Up-to-date: /home/vietdh/ros2_final/install/examples_rclcpp_minimal_action_server/share/examples_rclcpp_minimal_action_server/environment/ament_prefix_path.dsv
[0.411s] -- Up-to-date: /home/vietdh/ros2_final/install/examples_rclcpp_minimal_action_server/share/examples_rclcpp_minimal_action_server/environment/path.sh
[0.411s] -- Up-to-date: /home/vietdh/ros2_final/install/examples_rclcpp_minimal_action_server/share/examples_rclcpp_minimal_action_server/environment/path.dsv
[0.411s] -- Up-to-date: /home/vietdh/ros2_final/install/examples_rclcpp_minimal_action_server/share/examples_rclcpp_minimal_action_server/local_setup.bash
[0.411s] -- Up-to-date: /home/vietdh/ros2_final/install/examples_rclcpp_minimal_action_server/share/examples_rclcpp_minimal_action_server/local_setup.sh
[0.411s] -- Up-to-date: /home/vietdh/ros2_final/install/examples_rclcpp_minimal_action_server/share/examples_rclcpp_minimal_action_server/local_setup.zsh
[0.411s] -- Up-to-date: /home/vietdh/ros2_final/install/examples_rclcpp_minimal_action_server/share/examples_rclcpp_minimal_action_server/local_setup.dsv
[0.411s] -- Installing: /home/vietdh/ros2_final/install/examples_rclcpp_minimal_action_server/share/examples_rclcpp_minimal_action_server/package.dsv
[0.411s] -- Up-to-date: /home/vietdh/ros2_final/install/examples_rclcpp_minimal_action_server/share/ament_index/resource_index/packages/examples_rclcpp_minimal_action_server
[0.411s] -- Up-to-date: /home/vietdh/ros2_final/install/examples_rclcpp_minimal_action_server/share/examples_rclcpp_minimal_action_server/cmake/examples_rclcpp_minimal_action_serverConfig.cmake
[0.411s] -- Up-to-date: /home/vietdh/ros2_final/install/examples_rclcpp_minimal_action_server/share/examples_rclcpp_minimal_action_server/cmake/examples_rclcpp_minimal_action_serverConfig-version.cmake
[0.412s] -- Up-to-date: /home/vietdh/ros2_final/install/examples_rclcpp_minimal_action_server/share/examples_rclcpp_minimal_action_server/package.xml
[0.438s] Invoked command in '/home/vietdh/servo_node/build/examples_rclcpp_minimal_action_server' returned '0': CMAKE_PREFIX_PATH=${CMAKE_PREFIX_PATH}:/home/vietdh/servo_node/install/examples_rclpy_minimal_subscriber:/home/vietdh/servo_node/install/examples_rclpy_minimal_service:/home/vietdh/servo_node/install/examples_rclpy_minimal_publisher:/home/vietdh/servo_node/install/examples_rclpy_minimal_client:/home/vietdh/servo_node/install/examples_rclpy_minimal_action_server:/home/vietdh/servo_node/install/examples_rclpy_minimal_action_client:/home/vietdh/servo_node/install/examples_rclpy_executors:/opt/ros/foxy /usr/bin/cmake --install /home/vietdh/servo_node/build/examples_rclcpp_minimal_action_server
