[0.013s] Invoking command in '/home/vietdh/ros2_final/src/cpp_pubsub/build/cpp_pubsub': CMAKE_PREFIX_PATH=${CMAKE_PREFIX_PATH}:/home/vietdh/ros2_final/install/examples_rclpy_minimal_subscriber:/home/vietdh/ros2_final/install/examples_rclpy_minimal_service:/home/vietdh/ros2_final/install/examples_rclpy_minimal_publisher:/home/vietdh/ros2_final/install/examples_rclpy_minimal_client:/home/vietdh/ros2_final/install/examples_rclpy_minimal_action_server:/home/vietdh/ros2_final/install/examples_rclpy_minimal_action_client:/home/vietdh/ros2_final/install/examples_rclpy_executors:/opt/ros/foxy /usr/bin/cmake --build /home/vietdh/ros2_final/src/cpp_pubsub/build/cpp_pubsub -- -j12 -l12
[0.042s] [35m[1mScanning dependencies of target talker[0m
[0.053s] [ 50%] Built target test_node
[0.058s] [ 75%] [32mBuilding CXX object CMakeFiles/talker.dir/src/publisher_member_function.cpp.o[0m
[0.912s] [01m[K/home/vietdh/ros2_final/src/cpp_pubsub/src/publisher_member_function.cpp:[m[K In function ‘[01m[Kvoid inverseKinematics(float, float)[m[K’:
[0.912s] [01m[K/home/vietdh/ros2_final/src/cpp_pubsub/src/publisher_member_function.cpp:32:7:[m[K [01;35m[Kwarning: [m[Kunused variable ‘[01m[Kdynangle1[m[K’ [[01;35m[K-Wunused-variable[m[K]
[0.912s]    32 | float [01;35m[Kdynangle1[m[K;
[0.912s]       |       [01;35m[K^~~~~~~~~[m[K
[0.912s] [01m[K/home/vietdh/ros2_final/src/cpp_pubsub/src/publisher_member_function.cpp:33:7:[m[K [01;35m[Kwarning: [m[Kunused variable ‘[01m[Kdynangle2[m[K’ [[01;35m[K-Wunused-variable[m[K]
[0.912s]    33 | float [01;35m[Kdynangle2[m[K;
[0.912s]       |       [01;35m[K^~~~~~~~~[m[K
[3.559s] [100%] [32m[1mLinking CXX executable talker[0m
[3.709s] [100%] Built target talker
[3.727s] Invoked command in '/home/vietdh/ros2_final/src/cpp_pubsub/build/cpp_pubsub' returned '0': CMAKE_PREFIX_PATH=${CMAKE_PREFIX_PATH}:/home/vietdh/ros2_final/install/examples_rclpy_minimal_subscriber:/home/vietdh/ros2_final/install/examples_rclpy_minimal_service:/home/vietdh/ros2_final/install/examples_rclpy_minimal_publisher:/home/vietdh/ros2_final/install/examples_rclpy_minimal_client:/home/vietdh/ros2_final/install/examples_rclpy_minimal_action_server:/home/vietdh/ros2_final/install/examples_rclpy_minimal_action_client:/home/vietdh/ros2_final/install/examples_rclpy_executors:/opt/ros/foxy /usr/bin/cmake --build /home/vietdh/ros2_final/src/cpp_pubsub/build/cpp_pubsub -- -j12 -l12
[3.758s] Invoking command in '/home/vietdh/ros2_final/src/cpp_pubsub/build/cpp_pubsub': CMAKE_PREFIX_PATH=${CMAKE_PREFIX_PATH}:/home/vietdh/ros2_final/install/examples_rclpy_minimal_subscriber:/home/vietdh/ros2_final/install/examples_rclpy_minimal_service:/home/vietdh/ros2_final/install/examples_rclpy_minimal_publisher:/home/vietdh/ros2_final/install/examples_rclpy_minimal_client:/home/vietdh/ros2_final/install/examples_rclpy_minimal_action_server:/home/vietdh/ros2_final/install/examples_rclpy_minimal_action_client:/home/vietdh/ros2_final/install/examples_rclpy_executors:/opt/ros/foxy /usr/bin/cmake --install /home/vietdh/ros2_final/src/cpp_pubsub/build/cpp_pubsub
[3.764s] -- Install configuration: ""
[3.764s] -- Up-to-date: /home/vietdh/ros2_final/src/cpp_pubsub/install/cpp_pubsub/lib/cpp_pubsub/test_node
[3.764s] -- Installing: /home/vietdh/ros2_final/src/cpp_pubsub/install/cpp_pubsub/lib/cpp_pubsub/talker
[3.765s] -- Set runtime path of "/home/vietdh/ros2_final/src/cpp_pubsub/install/cpp_pubsub/lib/cpp_pubsub/talker" to ""
[3.765s] -- Up-to-date: /home/vietdh/ros2_final/src/cpp_pubsub/install/cpp_pubsub/share/ament_index/resource_index/package_run_dependencies/cpp_pubsub
[3.765s] -- Up-to-date: /home/vietdh/ros2_final/src/cpp_pubsub/install/cpp_pubsub/share/ament_index/resource_index/parent_prefix_path/cpp_pubsub
[3.765s] -- Up-to-date: /home/vietdh/ros2_final/src/cpp_pubsub/install/cpp_pubsub/share/cpp_pubsub/environment/ament_prefix_path.sh
[3.765s] -- Up-to-date: /home/vietdh/ros2_final/src/cpp_pubsub/install/cpp_pubsub/share/cpp_pubsub/environment/ament_prefix_path.dsv
[3.765s] -- Up-to-date: /home/vietdh/ros2_final/src/cpp_pubsub/install/cpp_pubsub/share/cpp_pubsub/environment/path.sh
[3.765s] -- Up-to-date: /home/vietdh/ros2_final/src/cpp_pubsub/install/cpp_pubsub/share/cpp_pubsub/environment/path.dsv
[3.766s] -- Up-to-date: /home/vietdh/ros2_final/src/cpp_pubsub/install/cpp_pubsub/share/cpp_pubsub/local_setup.bash
[3.766s] -- Up-to-date: /home/vietdh/ros2_final/src/cpp_pubsub/install/cpp_pubsub/share/cpp_pubsub/local_setup.sh
[3.766s] -- Up-to-date: /home/vietdh/ros2_final/src/cpp_pubsub/install/cpp_pubsub/share/cpp_pubsub/local_setup.zsh
[3.766s] -- Up-to-date: /home/vietdh/ros2_final/src/cpp_pubsub/install/cpp_pubsub/share/cpp_pubsub/local_setup.dsv
[3.766s] -- Installing: /home/vietdh/ros2_final/src/cpp_pubsub/install/cpp_pubsub/share/cpp_pubsub/package.dsv
[3.766s] -- Up-to-date: /home/vietdh/ros2_final/src/cpp_pubsub/install/cpp_pubsub/share/ament_index/resource_index/packages/cpp_pubsub
[3.766s] -- Up-to-date: /home/vietdh/ros2_final/src/cpp_pubsub/install/cpp_pubsub/share/cpp_pubsub/cmake/cpp_pubsubConfig.cmake
[3.766s] -- Up-to-date: /home/vietdh/ros2_final/src/cpp_pubsub/install/cpp_pubsub/share/cpp_pubsub/cmake/cpp_pubsubConfig-version.cmake
[3.766s] -- Up-to-date: /home/vietdh/ros2_final/src/cpp_pubsub/install/cpp_pubsub/share/cpp_pubsub/package.xml
[3.767s] Invoked command in '/home/vietdh/ros2_final/src/cpp_pubsub/build/cpp_pubsub' returned '0': CMAKE_PREFIX_PATH=${CMAKE_PREFIX_PATH}:/home/vietdh/ros2_final/install/examples_rclpy_minimal_subscriber:/home/vietdh/ros2_final/install/examples_rclpy_minimal_service:/home/vietdh/ros2_final/install/examples_rclpy_minimal_publisher:/home/vietdh/ros2_final/install/examples_rclpy_minimal_client:/home/vietdh/ros2_final/install/examples_rclpy_minimal_action_server:/home/vietdh/ros2_final/install/examples_rclpy_minimal_action_client:/home/vietdh/ros2_final/install/examples_rclpy_executors:/opt/ros/foxy /usr/bin/cmake --install /home/vietdh/ros2_final/src/cpp_pubsub/build/cpp_pubsub
