[1.602s] Invoking command in '/home/vietdh/ros2_final/examples/rclpy/actions/minimal_action_client': PYTHONPATH=/home/vietdh/ros2_final/install/examples_rclpy_minimal_action_client/lib/python3.8/site-packages:${PYTHONPATH} /usr/bin/python3 setup.py egg_info --egg-base ../../../../build/examples_rclpy_minimal_action_client build --build-base /home/vietdh/ros2_final/build/examples_rclpy_minimal_action_client/build install --prefix /home/vietdh/ros2_final/install/examples_rclpy_minimal_action_client --record /home/vietdh/ros2_final/build/examples_rclpy_minimal_action_client/install.log --single-version-externally-managed
[1.821s] running egg_info
[1.822s] writing ../../../../build/examples_rclpy_minimal_action_client/examples_rclpy_minimal_action_client.egg-info/PKG-INFO
[1.822s] writing dependency_links to ../../../../build/examples_rclpy_minimal_action_client/examples_rclpy_minimal_action_client.egg-info/dependency_links.txt
[1.822s] writing entry points to ../../../../build/examples_rclpy_minimal_action_client/examples_rclpy_minimal_action_client.egg-info/entry_points.txt
[1.822s] writing requirements to ../../../../build/examples_rclpy_minimal_action_client/examples_rclpy_minimal_action_client.egg-info/requires.txt
[1.822s] writing top-level names to ../../../../build/examples_rclpy_minimal_action_client/examples_rclpy_minimal_action_client.egg-info/top_level.txt
[1.861s] reading manifest file '../../../../build/examples_rclpy_minimal_action_client/examples_rclpy_minimal_action_client.egg-info/SOURCES.txt'
[1.862s] writing manifest file '../../../../build/examples_rclpy_minimal_action_client/examples_rclpy_minimal_action_client.egg-info/SOURCES.txt'
[1.862s] running build
[1.862s] running build_py
[1.862s] running install
[1.863s] running install_lib
[1.864s] running install_data
[1.865s] running install_egg_info
[1.866s] removing '/home/vietdh/ros2_final/install/examples_rclpy_minimal_action_client/lib/python3.8/site-packages/examples_rclpy_minimal_action_client-0.9.4-py3.8.egg-info' (and everything under it)
[1.867s] Copying ../../../../build/examples_rclpy_minimal_action_client/examples_rclpy_minimal_action_client.egg-info to /home/vietdh/ros2_final/install/examples_rclpy_minimal_action_client/lib/python3.8/site-packages/examples_rclpy_minimal_action_client-0.9.4-py3.8.egg-info
[1.867s] running install_scripts
[1.883s] Installing client script to /home/vietdh/ros2_final/install/examples_rclpy_minimal_action_client/lib/examples_rclpy_minimal_action_client
[1.883s] Installing client_cancel script to /home/vietdh/ros2_final/install/examples_rclpy_minimal_action_client/lib/examples_rclpy_minimal_action_client
[1.884s] Installing client_not_composable script to /home/vietdh/ros2_final/install/examples_rclpy_minimal_action_client/lib/examples_rclpy_minimal_action_client
[1.884s] writing list of installed files to '/home/vietdh/ros2_final/build/examples_rclpy_minimal_action_client/install.log'
[1.911s] Invoked command in '/home/vietdh/ros2_final/examples/rclpy/actions/minimal_action_client' returned '0': PYTHONPATH=/home/vietdh/ros2_final/install/examples_rclpy_minimal_action_client/lib/python3.8/site-packages:${PYTHONPATH} /usr/bin/python3 setup.py egg_info --egg-base ../../../../build/examples_rclpy_minimal_action_client build --build-base /home/vietdh/ros2_final/build/examples_rclpy_minimal_action_client/build install --prefix /home/vietdh/ros2_final/install/examples_rclpy_minimal_action_client --record /home/vietdh/ros2_final/build/examples_rclpy_minimal_action_client/install.log --single-version-externally-managed
