[1.590s] Invoking command in '/home/vietdh/ros2_final/examples/rclpy/executors': PYTHONPATH=/home/vietdh/ros2_final/install/examples_rclpy_executors/lib/python3.8/site-packages:${PYTHONPATH} /usr/bin/python3 setup.py egg_info --egg-base ../../../build/examples_rclpy_executors build --build-base /home/vietdh/ros2_final/build/examples_rclpy_executors/build install --prefix /home/vietdh/ros2_final/install/examples_rclpy_executors --record /home/vietdh/ros2_final/build/examples_rclpy_executors/install.log --single-version-externally-managed
[2.305s] running egg_info
[2.306s] writing ../../../build/examples_rclpy_executors/examples_rclpy_executors.egg-info/PKG-INFO
[2.307s] writing dependency_links to ../../../build/examples_rclpy_executors/examples_rclpy_executors.egg-info/dependency_links.txt
[2.307s] writing entry points to ../../../build/examples_rclpy_executors/examples_rclpy_executors.egg-info/entry_points.txt
[2.307s] writing requirements to ../../../build/examples_rclpy_executors/examples_rclpy_executors.egg-info/requires.txt
[2.307s] writing top-level names to ../../../build/examples_rclpy_executors/examples_rclpy_executors.egg-info/top_level.txt
[2.307s] reading manifest file '../../../build/examples_rclpy_executors/examples_rclpy_executors.egg-info/SOURCES.txt'
[2.307s] writing manifest file '../../../build/examples_rclpy_executors/examples_rclpy_executors.egg-info/SOURCES.txt'
[2.308s] running build
[2.309s] running build_py
[2.309s] running install
[2.309s] running install_lib
[2.309s] running install_data
[2.309s] running install_egg_info
[2.309s] removing '/home/vietdh/ros2_final/install/examples_rclpy_executors/lib/python3.8/site-packages/examples_rclpy_executors-0.9.4-py3.8.egg-info' (and everything under it)
[2.309s] Copying ../../../build/examples_rclpy_executors/examples_rclpy_executors.egg-info to /home/vietdh/ros2_final/install/examples_rclpy_executors/lib/python3.8/site-packages/examples_rclpy_executors-0.9.4-py3.8.egg-info
[2.310s] running install_scripts
[2.310s] Installing callback_group script to /home/vietdh/ros2_final/install/examples_rclpy_executors/lib/examples_rclpy_executors
[2.310s] Installing composed script to /home/vietdh/ros2_final/install/examples_rclpy_executors/lib/examples_rclpy_executors
[2.310s] Installing custom_callback_group script to /home/vietdh/ros2_final/install/examples_rclpy_executors/lib/examples_rclpy_executors
[2.310s] Installing custom_executor script to /home/vietdh/ros2_final/install/examples_rclpy_executors/lib/examples_rclpy_executors
[2.310s] Installing listener script to /home/vietdh/ros2_final/install/examples_rclpy_executors/lib/examples_rclpy_executors
[2.310s] Installing talker script to /home/vietdh/ros2_final/install/examples_rclpy_executors/lib/examples_rclpy_executors
[2.310s] writing list of installed files to '/home/vietdh/ros2_final/build/examples_rclpy_executors/install.log'
[2.530s] Invoked command in '/home/vietdh/ros2_final/examples/rclpy/executors' returned '0': PYTHONPATH=/home/vietdh/ros2_final/install/examples_rclpy_executors/lib/python3.8/site-packages:${PYTHONPATH} /usr/bin/python3 setup.py egg_info --egg-base ../../../build/examples_rclpy_executors build --build-base /home/vietdh/ros2_final/build/examples_rclpy_executors/build install --prefix /home/vietdh/ros2_final/install/examples_rclpy_executors --record /home/vietdh/ros2_final/build/examples_rclpy_executors/install.log --single-version-externally-managed
