[1.672s] Invoking command in '/home/vietdh/ros2_final/examples/rclpy/topics/minimal_publisher': PYTHONPATH=/home/vietdh/ros2_final/install/examples_rclpy_minimal_publisher/lib/python3.8/site-packages:${PYTHONPATH} /usr/bin/python3 setup.py egg_info --egg-base ../../../../build/examples_rclpy_minimal_publisher build --build-base /home/vietdh/ros2_final/build/examples_rclpy_minimal_publisher/build install --prefix /home/vietdh/ros2_final/install/examples_rclpy_minimal_publisher --record /home/vietdh/ros2_final/build/examples_rclpy_minimal_publisher/install.log --single-version-externally-managed
[1.925s] running egg_info
[1.926s] writing ../../../../build/examples_rclpy_minimal_publisher/examples_rclpy_minimal_publisher.egg-info/PKG-INFO
[1.926s] writing dependency_links to ../../../../build/examples_rclpy_minimal_publisher/examples_rclpy_minimal_publisher.egg-info/dependency_links.txt
[1.926s] writing entry points to ../../../../build/examples_rclpy_minimal_publisher/examples_rclpy_minimal_publisher.egg-info/entry_points.txt
[1.926s] writing requirements to ../../../../build/examples_rclpy_minimal_publisher/examples_rclpy_minimal_publisher.egg-info/requires.txt
[1.926s] writing top-level names to ../../../../build/examples_rclpy_minimal_publisher/examples_rclpy_minimal_publisher.egg-info/top_level.txt
[1.962s] reading manifest file '../../../../build/examples_rclpy_minimal_publisher/examples_rclpy_minimal_publisher.egg-info/SOURCES.txt'
[1.963s] writing manifest file '../../../../build/examples_rclpy_minimal_publisher/examples_rclpy_minimal_publisher.egg-info/SOURCES.txt'
[1.963s] running build
[1.963s] running build_py
[1.963s] running install
[1.964s] running install_lib
[1.966s] running install_data
[1.967s] running install_egg_info
[1.969s] removing '/home/vietdh/ros2_final/install/examples_rclpy_minimal_publisher/lib/python3.8/site-packages/examples_rclpy_minimal_publisher-0.9.4-py3.8.egg-info' (and everything under it)
[1.969s] Copying ../../../../build/examples_rclpy_minimal_publisher/examples_rclpy_minimal_publisher.egg-info to /home/vietdh/ros2_final/install/examples_rclpy_minimal_publisher/lib/python3.8/site-packages/examples_rclpy_minimal_publisher-0.9.4-py3.8.egg-info
[1.970s] running install_scripts
[1.990s] Installing publisher_local_function script to /home/vietdh/ros2_final/install/examples_rclpy_minimal_publisher/lib/examples_rclpy_minimal_publisher
[1.990s] Installing publisher_member_function script to /home/vietdh/ros2_final/install/examples_rclpy_minimal_publisher/lib/examples_rclpy_minimal_publisher
[1.991s] Installing publisher_old_school script to /home/vietdh/ros2_final/install/examples_rclpy_minimal_publisher/lib/examples_rclpy_minimal_publisher
[1.991s] writing list of installed files to '/home/vietdh/ros2_final/build/examples_rclpy_minimal_publisher/install.log'
[2.015s] Invoked command in '/home/vietdh/ros2_final/examples/rclpy/topics/minimal_publisher' returned '0': PYTHONPATH=/home/vietdh/ros2_final/install/examples_rclpy_minimal_publisher/lib/python3.8/site-packages:${PYTHONPATH} /usr/bin/python3 setup.py egg_info --egg-base ../../../../build/examples_rclpy_minimal_publisher build --build-base /home/vietdh/ros2_final/build/examples_rclpy_minimal_publisher/build install --prefix /home/vietdh/ros2_final/install/examples_rclpy_minimal_publisher --record /home/vietdh/ros2_final/build/examples_rclpy_minimal_publisher/install.log --single-version-externally-managed
