[1.569s] Invoking command in '/home/vietdh/ros2_final/examples/rclpy/services/minimal_client': PYTHONPATH=/home/vietdh/ros2_final/install/examples_rclpy_minimal_client/lib/python3.8/site-packages:${PYTHONPATH} /usr/bin/python3 setup.py egg_info --egg-base ../../../../build/examples_rclpy_minimal_client build --build-base /home/vietdh/ros2_final/build/examples_rclpy_minimal_client/build install --prefix /home/vietdh/ros2_final/install/examples_rclpy_minimal_client --record /home/vietdh/ros2_final/build/examples_rclpy_minimal_client/install.log --single-version-externally-managed
[1.788s] running egg_info
[1.789s] writing ../../../../build/examples_rclpy_minimal_client/examples_rclpy_minimal_client.egg-info/PKG-INFO
[1.789s] writing dependency_links to ../../../../build/examples_rclpy_minimal_client/examples_rclpy_minimal_client.egg-info/dependency_links.txt
[1.789s] writing entry points to ../../../../build/examples_rclpy_minimal_client/examples_rclpy_minimal_client.egg-info/entry_points.txt
[1.789s] writing requirements to ../../../../build/examples_rclpy_minimal_client/examples_rclpy_minimal_client.egg-info/requires.txt
[1.789s] writing top-level names to ../../../../build/examples_rclpy_minimal_client/examples_rclpy_minimal_client.egg-info/top_level.txt
[1.827s] reading manifest file '../../../../build/examples_rclpy_minimal_client/examples_rclpy_minimal_client.egg-info/SOURCES.txt'
[1.828s] writing manifest file '../../../../build/examples_rclpy_minimal_client/examples_rclpy_minimal_client.egg-info/SOURCES.txt'
[1.828s] running build
[1.829s] running build_py
[1.829s] running install
[1.830s] running install_lib
[1.831s] running install_data
[1.832s] running install_egg_info
[1.833s] removing '/home/vietdh/ros2_final/install/examples_rclpy_minimal_client/lib/python3.8/site-packages/examples_rclpy_minimal_client-0.9.4-py3.8.egg-info' (and everything under it)
[1.834s] Copying ../../../../build/examples_rclpy_minimal_client/examples_rclpy_minimal_client.egg-info to /home/vietdh/ros2_final/install/examples_rclpy_minimal_client/lib/python3.8/site-packages/examples_rclpy_minimal_client-0.9.4-py3.8.egg-info
[1.835s] running install_scripts
[1.851s] Installing client script to /home/vietdh/ros2_final/install/examples_rclpy_minimal_client/lib/examples_rclpy_minimal_client
[1.852s] Installing client_async script to /home/vietdh/ros2_final/install/examples_rclpy_minimal_client/lib/examples_rclpy_minimal_client
[1.852s] Installing client_async_callback script to /home/vietdh/ros2_final/install/examples_rclpy_minimal_client/lib/examples_rclpy_minimal_client
[1.852s] Installing client_async_member_function script to /home/vietdh/ros2_final/install/examples_rclpy_minimal_client/lib/examples_rclpy_minimal_client
[1.853s] writing list of installed files to '/home/vietdh/ros2_final/build/examples_rclpy_minimal_client/install.log'
[1.895s] Invoked command in '/home/vietdh/ros2_final/examples/rclpy/services/minimal_client' returned '0': PYTHONPATH=/home/vietdh/ros2_final/install/examples_rclpy_minimal_client/lib/python3.8/site-packages:${PYTHONPATH} /usr/bin/python3 setup.py egg_info --egg-base ../../../../build/examples_rclpy_minimal_client build --build-base /home/vietdh/ros2_final/build/examples_rclpy_minimal_client/build install --prefix /home/vietdh/ros2_final/install/examples_rclpy_minimal_client --record /home/vietdh/ros2_final/build/examples_rclpy_minimal_client/install.log --single-version-externally-managed
