[0.065s] Invoking command in '/home/vietdh/servo_node/build/examples_rclcpp_minimal_publisher': CMAKE_PREFIX_PATH=${CMAKE_PREFIX_PATH}:/home/vietdh/servo_node/install/examples_rclpy_minimal_subscriber:/home/vietdh/servo_node/install/examples_rclpy_minimal_service:/home/vietdh/servo_node/install/examples_rclpy_minimal_publisher:/home/vietdh/servo_node/install/examples_rclpy_minimal_client:/home/vietdh/servo_node/install/examples_rclpy_minimal_action_server:/home/vietdh/servo_node/install/examples_rclpy_minimal_action_client:/home/vietdh/servo_node/install/examples_rclpy_executors:/opt/ros/foxy /usr/bin/cmake --build /home/vietdh/servo_node/build/examples_rclcpp_minimal_publisher -- -j12 -l12
[0.331s] CMake Error: The current CMakeCache.txt directory /home/vietdh/servo_node/build/examples_rclcpp_minimal_publisher/CMakeCache.txt is different than the directory /home/vietdh/ros2_final/build/examples_rclcpp_minimal_publisher where CMakeCache.txt was created. This may result in binaries being created in the wrong place. If you are not sure, reedit the CMakeCache.txt
[0.332s] [ 33%] Built target publisher_member_function
[0.332s] [100%] Built target publisher_not_composable
[0.332s] [100%] Built target publisher_lambda
[0.343s] Invoked command in '/home/vietdh/servo_node/build/examples_rclcpp_minimal_publisher' returned '0': CMAKE_PREFIX_PATH=${CMAKE_PREFIX_PATH}:/home/vietdh/servo_node/install/examples_rclpy_minimal_subscriber:/home/vietdh/servo_node/install/examples_rclpy_minimal_service:/home/vietdh/servo_node/install/examples_rclpy_minimal_publisher:/home/vietdh/servo_node/install/examples_rclpy_minimal_client:/home/vietdh/servo_node/install/examples_rclpy_minimal_action_server:/home/vietdh/servo_node/install/examples_rclpy_minimal_action_client:/home/vietdh/servo_node/install/examples_rclpy_executors:/opt/ros/foxy /usr/bin/cmake --build /home/vietdh/servo_node/build/examples_rclcpp_minimal_publisher -- -j12 -l12
[0.401s] Invoking command in '/home/vietdh/servo_node/build/examples_rclcpp_minimal_publisher': CMAKE_PREFIX_PATH=${CMAKE_PREFIX_PATH}:/home/vietdh/servo_node/install/examples_rclpy_minimal_subscriber:/home/vietdh/servo_node/install/examples_rclpy_minimal_service:/home/vietdh/servo_node/install/examples_rclpy_minimal_publisher:/home/vietdh/servo_node/install/examples_rclpy_minimal_client:/home/vietdh/servo_node/install/examples_rclpy_minimal_action_server:/home/vietdh/servo_node/install/examples_rclpy_minimal_action_client:/home/vietdh/servo_node/install/examples_rclpy_executors:/opt/ros/foxy /usr/bin/cmake --install /home/vietdh/servo_node/build/examples_rclcpp_minimal_publisher
[0.413s] -- Install configuration: ""
[0.413s] -- Up-to-date: /home/vietdh/ros2_final/install/examples_rclcpp_minimal_publisher/lib/examples_rclcpp_minimal_publisher/publisher_lambda
[0.413s] -- Up-to-date: /home/vietdh/ros2_final/install/examples_rclcpp_minimal_publisher/lib/examples_rclcpp_minimal_publisher/publisher_member_function
[0.413s] -- Up-to-date: /home/vietdh/ros2_final/install/examples_rclcpp_minimal_publisher/lib/examples_rclcpp_minimal_publisher/publisher_not_composable
[0.413s] -- Up-to-date: /home/vietdh/ros2_final/install/examples_rclcpp_minimal_publisher/share/ament_index/resource_index/package_run_dependencies/examples_rclcpp_minimal_publisher
[0.413s] -- Up-to-date: /home/vietdh/ros2_final/install/examples_rclcpp_minimal_publisher/share/ament_index/resource_index/parent_prefix_path/examples_rclcpp_minimal_publisher
[0.414s] -- Up-to-date: /home/vietdh/ros2_final/install/examples_rclcpp_minimal_publisher/share/examples_rclcpp_minimal_publisher/environment/ament_prefix_path.sh
[0.414s] -- Up-to-date: /home/vietdh/ros2_final/install/examples_rclcpp_minimal_publisher/share/examples_rclcpp_minimal_publisher/environment/ament_prefix_path.dsv
[0.414s] -- Up-to-date: /home/vietdh/ros2_final/install/examples_rclcpp_minimal_publisher/share/examples_rclcpp_minimal_publisher/environment/path.sh
[0.414s] -- Up-to-date: /home/vietdh/ros2_final/install/examples_rclcpp_minimal_publisher/share/examples_rclcpp_minimal_publisher/environment/path.dsv
[0.414s] -- Up-to-date: /home/vietdh/ros2_final/install/examples_rclcpp_minimal_publisher/share/examples_rclcpp_minimal_publisher/local_setup.bash
[0.414s] -- Up-to-date: /home/vietdh/ros2_final/install/examples_rclcpp_minimal_publisher/share/examples_rclcpp_minimal_publisher/local_setup.sh
[0.414s] -- Up-to-date: /home/vietdh/ros2_final/install/examples_rclcpp_minimal_publisher/share/examples_rclcpp_minimal_publisher/local_setup.zsh
[0.414s] -- Up-to-date: /home/vietdh/ros2_final/install/examples_rclcpp_minimal_publisher/share/examples_rclcpp_minimal_publisher/local_setup.dsv
[0.414s] -- Installing: /home/vietdh/ros2_final/install/examples_rclcpp_minimal_publisher/share/examples_rclcpp_minimal_publisher/package.dsv
[0.414s] -- Up-to-date: /home/vietdh/ros2_final/install/examples_rclcpp_minimal_publisher/share/ament_index/resource_index/packages/examples_rclcpp_minimal_publisher
[0.414s] -- Up-to-date: /home/vietdh/ros2_final/install/examples_rclcpp_minimal_publisher/share/examples_rclcpp_minimal_publisher/cmake/examples_rclcpp_minimal_publisherConfig.cmake
[0.414s] -- Up-to-date: /home/vietdh/ros2_final/install/examples_rclcpp_minimal_publisher/share/examples_rclcpp_minimal_publisher/cmake/examples_rclcpp_minimal_publisherConfig-version.cmake
[0.414s] -- Up-to-date: /home/vietdh/ros2_final/install/examples_rclcpp_minimal_publisher/share/examples_rclcpp_minimal_publisher/package.xml
[0.503s] Invoked command in '/home/vietdh/servo_node/build/examples_rclcpp_minimal_publisher' returned '0': CMAKE_PREFIX_PATH=${CMAKE_PREFIX_PATH}:/home/vietdh/servo_node/install/examples_rclpy_minimal_subscriber:/home/vietdh/servo_node/install/examples_rclpy_minimal_service:/home/vietdh/servo_node/install/examples_rclpy_minimal_publisher:/home/vietdh/servo_node/install/examples_rclpy_minimal_client:/home/vietdh/servo_node/install/examples_rclpy_minimal_action_server:/home/vietdh/servo_node/install/examples_rclpy_minimal_action_client:/home/vietdh/servo_node/install/examples_rclpy_executors:/opt/ros/foxy /usr/bin/cmake --install /home/vietdh/servo_node/build/examples_rclcpp_minimal_publisher
