[0.065s] Invoking command in '/home/vietdh/ros2_final/build/dynamixel_sdk': CMAKE_PREFIX_PATH=/opt/ros/foxy /usr/bin/cmake /home/vietdh/ros2_final/DynamixelSDK/dynamixel_sdk -DCMAKE_INSTALL_PREFIX=/home/vietdh/ros2_final/install/dynamixel_sdk
[0.561s] -- The C compiler identification is GNU 9.4.0
[0.561s] -- The CXX compiler identification is GNU 9.4.0
[0.561s] -- Check for working C compiler: /usr/bin/cc
[0.561s] -- Check for working C compiler: /usr/bin/cc -- works
[0.562s] -- Detecting C compiler ABI info
[0.562s] -- Detecting C compiler ABI info - done
[0.562s] -- Detecting C compile features
[0.562s] -- Detecting C compile features - done
[0.562s] -- Check for working CXX compiler: /usr/bin/c++
[0.609s] -- Check for working CXX compiler: /usr/bin/c++ -- works
[0.611s] -- Detecting CXX compiler ABI info
[0.747s] -- Detecting CXX compiler ABI info - done
[0.770s] -- Detecting CXX compile features
[0.771s] -- Detecting CXX compile features - done
[0.771s] -- Found ament_cmake: 0.9.11 (/opt/ros/foxy/share/ament_cmake/cmake)
[0.807s] -- Found PythonInterp: /usr/bin/python3 (found suitable version "3.8.10", minimum required is "3") 
[0.807s] -- Using PYTHON_EXECUTABLE: /usr/bin/python3
[1.258s] -- Configuring done
[1.265s] -- Generating done
[1.266s] -- Build files have been written to: /home/vietdh/ros2_final/build/dynamixel_sdk
[1.277s] Invoked command in '/home/vietdh/ros2_final/build/dynamixel_sdk' returned '0': CMAKE_PREFIX_PATH=/opt/ros/foxy /usr/bin/cmake /home/vietdh/ros2_final/DynamixelSDK/dynamixel_sdk -DCMAKE_INSTALL_PREFIX=/home/vietdh/ros2_final/install/dynamixel_sdk
[1.279s] Invoking command in '/home/vietdh/ros2_final/build/dynamixel_sdk': CMAKE_PREFIX_PATH=/opt/ros/foxy /usr/bin/cmake --build /home/vietdh/ros2_final/build/dynamixel_sdk -- -j12 -l12
[2.848s] [35m[1mScanning dependencies of target dynamixel_sdk[0m
[2.849s] [ 10%] [32mBuilding CXX object CMakeFiles/dynamixel_sdk.dir/src/dynamixel_sdk/packet_handler.cpp.o[0m
[2.849s] [ 20%] [32mBuilding CXX object CMakeFiles/dynamixel_sdk.dir/src/dynamixel_sdk/group_sync_read.cpp.o[0m
[2.849s] [ 30%] [32mBuilding CXX object CMakeFiles/dynamixel_sdk.dir/src/dynamixel_sdk/group_bulk_read.cpp.o[0m
[2.850s] [ 40%] [32mBuilding CXX object CMakeFiles/dynamixel_sdk.dir/src/dynamixel_sdk/group_sync_write.cpp.o[0m
[2.850s] [ 50%] [32mBuilding CXX object CMakeFiles/dynamixel_sdk.dir/src/dynamixel_sdk/protocol1_packet_handler.cpp.o[0m
[2.850s] [ 60%] [32mBuilding CXX object CMakeFiles/dynamixel_sdk.dir/src/dynamixel_sdk/protocol2_packet_handler.cpp.o[0m
[2.850s] [ 70%] [32mBuilding CXX object CMakeFiles/dynamixel_sdk.dir/src/dynamixel_sdk/group_bulk_write.cpp.o[0m
[2.851s] [ 80%] [32mBuilding CXX object CMakeFiles/dynamixel_sdk.dir/src/dynamixel_sdk/port_handler.cpp.o[0m
[2.851s] [ 90%] [32mBuilding CXX object CMakeFiles/dynamixel_sdk.dir/src/dynamixel_sdk/port_handler_linux.cpp.o[0m
[2.853s] [100%] [32m[1mLinking CXX shared library libdynamixel_sdk.so[0m
[2.853s] [100%] Built target dynamixel_sdk
[2.884s] Invoked command in '/home/vietdh/ros2_final/build/dynamixel_sdk' returned '0': CMAKE_PREFIX_PATH=/opt/ros/foxy /usr/bin/cmake --build /home/vietdh/ros2_final/build/dynamixel_sdk -- -j12 -l12
[3.018s] Invoking command in '/home/vietdh/ros2_final/build/dynamixel_sdk': CMAKE_PREFIX_PATH=/opt/ros/foxy /usr/bin/cmake --install /home/vietdh/ros2_final/build/dynamixel_sdk
[3.052s] -- Install configuration: ""
[3.052s] -- Installing: /home/vietdh/ros2_final/install/dynamixel_sdk/include/
[3.052s] -- Installing: /home/vietdh/ros2_final/install/dynamixel_sdk/include//dynamixel_sdk
[3.053s] -- Installing: /home/vietdh/ros2_final/install/dynamixel_sdk/include//dynamixel_sdk/packet_handler.h
[3.053s] -- Installing: /home/vietdh/ros2_final/install/dynamixel_sdk/include//dynamixel_sdk/port_handler_linux.h
[3.053s] -- Installing: /home/vietdh/ros2_final/install/dynamixel_sdk/include//dynamixel_sdk/protocol1_packet_handler.h
[3.053s] -- Installing: /home/vietdh/ros2_final/install/dynamixel_sdk/include//dynamixel_sdk/group_bulk_read.h
[3.053s] -- Installing: /home/vietdh/ros2_final/install/dynamixel_sdk/include//dynamixel_sdk/port_handler_windows.h
[3.054s] -- Installing: /home/vietdh/ros2_final/install/dynamixel_sdk/include//dynamixel_sdk/port_handler.h
[3.054s] -- Installing: /home/vietdh/ros2_final/install/dynamixel_sdk/include//dynamixel_sdk/group_bulk_write.h
[3.054s] -- Installing: /home/vietdh/ros2_final/install/dynamixel_sdk/include//dynamixel_sdk/port_handler_mac.h
[3.054s] -- Installing: /home/vietdh/ros2_final/install/dynamixel_sdk/include//dynamixel_sdk/protocol2_packet_handler.h
[3.055s] -- Installing: /home/vietdh/ros2_final/install/dynamixel_sdk/include//dynamixel_sdk/group_sync_read.h
[3.055s] -- Installing: /home/vietdh/ros2_final/install/dynamixel_sdk/include//dynamixel_sdk/port_handler_arduino.h
[3.055s] -- Installing: /home/vietdh/ros2_final/install/dynamixel_sdk/include//dynamixel_sdk/dynamixel_sdk.h
[3.055s] -- Installing: /home/vietdh/ros2_final/install/dynamixel_sdk/include//dynamixel_sdk/group_sync_write.h
[3.055s] -- Installing: /home/vietdh/ros2_final/install/dynamixel_sdk/lib/libdynamixel_sdk.so
[3.056s] -- Installing: /home/vietdh/ros2_final/install/dynamixel_sdk/share/dynamixel_sdk/environment/library_path.sh
[3.057s] -- Installing: /home/vietdh/ros2_final/install/dynamixel_sdk/share/dynamixel_sdk/environment/library_path.dsv
[3.058s] -- Installing: /home/vietdh/ros2_final/install/dynamixel_sdk/share/ament_index/resource_index/package_run_dependencies/dynamixel_sdk
[3.058s] -- Installing: /home/vietdh/ros2_final/install/dynamixel_sdk/share/ament_index/resource_index/parent_prefix_path/dynamixel_sdk
[3.059s] -- Installing: /home/vietdh/ros2_final/install/dynamixel_sdk/share/dynamixel_sdk/environment/ament_prefix_path.sh
[3.059s] -- Installing: /home/vietdh/ros2_final/install/dynamixel_sdk/share/dynamixel_sdk/environment/ament_prefix_path.dsv
[3.059s] -- Installing: /home/vietdh/ros2_final/install/dynamixel_sdk/share/dynamixel_sdk/environment/path.sh
[3.059s] -- Installing: /home/vietdh/ros2_final/install/dynamixel_sdk/share/dynamixel_sdk/environment/path.dsv
[3.060s] -- Installing: /home/vietdh/ros2_final/install/dynamixel_sdk/share/dynamixel_sdk/local_setup.bash
[3.060s] -- Installing: /home/vietdh/ros2_final/install/dynamixel_sdk/share/dynamixel_sdk/local_setup.sh
[3.060s] -- Installing: /home/vietdh/ros2_final/install/dynamixel_sdk/share/dynamixel_sdk/local_setup.zsh
[3.060s] -- Installing: /home/vietdh/ros2_final/install/dynamixel_sdk/share/dynamixel_sdk/local_setup.dsv
[3.061s] -- Installing: /home/vietdh/ros2_final/install/dynamixel_sdk/share/dynamixel_sdk/package.dsv
[3.061s] -- Installing: /home/vietdh/ros2_final/install/dynamixel_sdk/share/ament_index/resource_index/packages/dynamixel_sdk
[3.061s] -- Installing: /home/vietdh/ros2_final/install/dynamixel_sdk/share/dynamixel_sdk/cmake/ament_cmake_export_include_directories-extras.cmake
[3.061s] -- Installing: /home/vietdh/ros2_final/install/dynamixel_sdk/share/dynamixel_sdk/cmake/ament_cmake_export_libraries-extras.cmake
[3.061s] -- Installing: /home/vietdh/ros2_final/install/dynamixel_sdk/share/dynamixel_sdk/cmake/dynamixel_sdkConfig.cmake
[3.062s] -- Installing: /home/vietdh/ros2_final/install/dynamixel_sdk/share/dynamixel_sdk/cmake/dynamixel_sdkConfig-version.cmake
[3.062s] -- Installing: /home/vietdh/ros2_final/install/dynamixel_sdk/share/dynamixel_sdk/package.xml
[3.957s] Invoked command in '/home/vietdh/ros2_final/build/dynamixel_sdk' returned '0': CMAKE_PREFIX_PATH=/opt/ros/foxy /usr/bin/cmake --install /home/vietdh/ros2_final/build/dynamixel_sdk
