[0.866s] Invoking command in '/home/vietdh/ros2_final/build/cpp_pubsub': AMENT_PREFIX_PATH=/home/vietdh/ros2_final/install/dynamixel_sdk_custom_interfaces:/home/vietdh/ros2_final/install/dynamixel_sdk:${AMENT_PREFIX_PATH} CMAKE_PREFIX_PATH=/home/vietdh/ros2_final/install/dynamixel_sdk_custom_interfaces:/home/vietdh/ros2_final/install/dynamixel_sdk:/opt/ros/foxy LD_LIBRARY_PATH=/home/vietdh/ros2_final/install/dynamixel_sdk_custom_interfaces/lib:/home/vietdh/ros2_final/install/dynamixel_sdk/lib:${LD_LIBRARY_PATH} PYTHONPATH=/home/vietdh/ros2_final/install/dynamixel_sdk_custom_interfaces/lib/python3.8/site-packages:${PYTHONPATH} /usr/bin/cmake --build /home/vietdh/ros2_final/build/cpp_pubsub -- -j12 -l12
[0.932s] [ 50%] Built target talker
[0.940s] [100%] Built target test_node
[0.954s] Invoked command in '/home/vietdh/ros2_final/build/cpp_pubsub' returned '0': AMENT_PREFIX_PATH=/home/vietdh/ros2_final/install/dynamixel_sdk_custom_interfaces:/home/vietdh/ros2_final/install/dynamixel_sdk:${AMENT_PREFIX_PATH} CMAKE_PREFIX_PATH=/home/vietdh/ros2_final/install/dynamixel_sdk_custom_interfaces:/home/vietdh/ros2_final/install/dynamixel_sdk:/opt/ros/foxy LD_LIBRARY_PATH=/home/vietdh/ros2_final/install/dynamixel_sdk_custom_interfaces/lib:/home/vietdh/ros2_final/install/dynamixel_sdk/lib:${LD_LIBRARY_PATH} PYTHONPATH=/home/vietdh/ros2_final/install/dynamixel_sdk_custom_interfaces/lib/python3.8/site-packages:${PYTHONPATH} /usr/bin/cmake --build /home/vietdh/ros2_final/build/cpp_pubsub -- -j12 -l12
[1.001s] Invoking command in '/home/vietdh/ros2_final/build/cpp_pubsub': AMENT_PREFIX_PATH=/home/vietdh/ros2_final/install/dynamixel_sdk_custom_interfaces:/home/vietdh/ros2_final/install/dynamixel_sdk:${AMENT_PREFIX_PATH} CMAKE_PREFIX_PATH=/home/vietdh/ros2_final/install/dynamixel_sdk_custom_interfaces:/home/vietdh/ros2_final/install/dynamixel_sdk:/opt/ros/foxy LD_LIBRARY_PATH=/home/vietdh/ros2_final/install/dynamixel_sdk_custom_interfaces/lib:/home/vietdh/ros2_final/install/dynamixel_sdk/lib:${LD_LIBRARY_PATH} PYTHONPATH=/home/vietdh/ros2_final/install/dynamixel_sdk_custom_interfaces/lib/python3.8/site-packages:${PYTHONPATH} /usr/bin/cmake --install /home/vietdh/ros2_final/build/cpp_pubsub
[1.013s] -- Install configuration: ""
[1.013s] -- Up-to-date: /home/vietdh/ros2_final/install/cpp_pubsub/lib/cpp_pubsub/test_node
[1.013s] -- Up-to-date: /home/vietdh/ros2_final/install/cpp_pubsub/lib/cpp_pubsub/talker
[1.014s] -- Up-to-date: /home/vietdh/ros2_final/install/cpp_pubsub/share/ament_index/resource_index/package_run_dependencies/cpp_pubsub
[1.014s] -- Up-to-date: /home/vietdh/ros2_final/install/cpp_pubsub/share/ament_index/resource_index/parent_prefix_path/cpp_pubsub
[1.020s] -- Up-to-date: /home/vietdh/ros2_final/install/cpp_pubsub/share/cpp_pubsub/environment/ament_prefix_path.sh
[1.021s] -- Up-to-date: /home/vietdh/ros2_final/install/cpp_pubsub/share/cpp_pubsub/environment/ament_prefix_path.dsv
[1.021s] -- Up-to-date: /home/vietdh/ros2_final/install/cpp_pubsub/share/cpp_pubsub/environment/path.sh
[1.022s] -- Up-to-date: /home/vietdh/ros2_final/install/cpp_pubsub/share/cpp_pubsub/environment/path.dsv
[1.022s] -- Up-to-date: /home/vietdh/ros2_final/install/cpp_pubsub/share/cpp_pubsub/local_setup.bash
[1.022s] -- Up-to-date: /home/vietdh/ros2_final/install/cpp_pubsub/share/cpp_pubsub/local_setup.sh
[1.022s] -- Up-to-date: /home/vietdh/ros2_final/install/cpp_pubsub/share/cpp_pubsub/local_setup.zsh
[1.023s] -- Up-to-date: /home/vietdh/ros2_final/install/cpp_pubsub/share/cpp_pubsub/local_setup.dsv
[1.023s] -- Installing: /home/vietdh/ros2_final/install/cpp_pubsub/share/cpp_pubsub/package.dsv
[1.023s] -- Up-to-date: /home/vietdh/ros2_final/install/cpp_pubsub/share/ament_index/resource_index/packages/cpp_pubsub
[1.023s] -- Up-to-date: /home/vietdh/ros2_final/install/cpp_pubsub/share/cpp_pubsub/cmake/cpp_pubsubConfig.cmake
[1.023s] -- Up-to-date: /home/vietdh/ros2_final/install/cpp_pubsub/share/cpp_pubsub/cmake/cpp_pubsubConfig-version.cmake
[1.024s] -- Up-to-date: /home/vietdh/ros2_final/install/cpp_pubsub/share/cpp_pubsub/package.xml
[1.046s] Invoked command in '/home/vietdh/ros2_final/build/cpp_pubsub' returned '0': AMENT_PREFIX_PATH=/home/vietdh/ros2_final/install/dynamixel_sdk_custom_interfaces:/home/vietdh/ros2_final/install/dynamixel_sdk:${AMENT_PREFIX_PATH} CMAKE_PREFIX_PATH=/home/vietdh/ros2_final/install/dynamixel_sdk_custom_interfaces:/home/vietdh/ros2_final/install/dynamixel_sdk:/opt/ros/foxy LD_LIBRARY_PATH=/home/vietdh/ros2_final/install/dynamixel_sdk_custom_interfaces/lib:/home/vietdh/ros2_final/install/dynamixel_sdk/lib:${LD_LIBRARY_PATH} PYTHONPATH=/home/vietdh/ros2_final/install/dynamixel_sdk_custom_interfaces/lib/python3.8/site-packages:${PYTHONPATH} /usr/bin/cmake --install /home/vietdh/ros2_final/build/cpp_pubsub
