[0.013s] Invoking command in '/home/vietdh/ros2_final/src/cpp_pubsub/build/cpp_pubsub': CMAKE_PREFIX_PATH=${CMAKE_PREFIX_PATH}:/home/vietdh/ros2_final/install/examples_rclpy_minimal_subscriber:/home/vietdh/ros2_final/install/examples_rclpy_minimal_service:/home/vietdh/ros2_final/install/examples_rclpy_minimal_publisher:/home/vietdh/ros2_final/install/examples_rclpy_minimal_client:/home/vietdh/ros2_final/install/examples_rclpy_minimal_action_server:/home/vietdh/ros2_final/install/examples_rclpy_minimal_action_client:/home/vietdh/ros2_final/install/examples_rclpy_executors:/opt/ros/foxy /usr/bin/cmake --build /home/vietdh/ros2_final/src/cpp_pubsub/build/cpp_pubsub -- -j12 -l12
[0.053s] [100%] Built target talker
[0.053s] [100%] Built target test_node
[0.060s] Invoked command in '/home/vietdh/ros2_final/src/cpp_pubsub/build/cpp_pubsub' returned '0': CMAKE_PREFIX_PATH=${CMAKE_PREFIX_PATH}:/home/vietdh/ros2_final/install/examples_rclpy_minimal_subscriber:/home/vietdh/ros2_final/install/examples_rclpy_minimal_service:/home/vietdh/ros2_final/install/examples_rclpy_minimal_publisher:/home/vietdh/ros2_final/install/examples_rclpy_minimal_client:/home/vietdh/ros2_final/install/examples_rclpy_minimal_action_server:/home/vietdh/ros2_final/install/examples_rclpy_minimal_action_client:/home/vietdh/ros2_final/install/examples_rclpy_executors:/opt/ros/foxy /usr/bin/cmake --build /home/vietdh/ros2_final/src/cpp_pubsub/build/cpp_pubsub -- -j12 -l12
[0.082s] Invoking command in '/home/vietdh/ros2_final/src/cpp_pubsub/build/cpp_pubsub': CMAKE_PREFIX_PATH=${CMAKE_PREFIX_PATH}:/home/vietdh/ros2_final/install/examples_rclpy_minimal_subscriber:/home/vietdh/ros2_final/install/examples_rclpy_minimal_service:/home/vietdh/ros2_final/install/examples_rclpy_minimal_publisher:/home/vietdh/ros2_final/install/examples_rclpy_minimal_client:/home/vietdh/ros2_final/install/examples_rclpy_minimal_action_server:/home/vietdh/ros2_final/install/examples_rclpy_minimal_action_client:/home/vietdh/ros2_final/install/examples_rclpy_executors:/opt/ros/foxy /usr/bin/cmake --install /home/vietdh/ros2_final/src/cpp_pubsub/build/cpp_pubsub
[0.088s] -- Install configuration: ""
[0.088s] -- Up-to-date: /home/vietdh/ros2_final/src/cpp_pubsub/install/cpp_pubsub/lib/cpp_pubsub/test_node
[0.088s] -- Up-to-date: /home/vietdh/ros2_final/src/cpp_pubsub/install/cpp_pubsub/lib/cpp_pubsub/talker
[0.088s] -- Up-to-date: /home/vietdh/ros2_final/src/cpp_pubsub/install/cpp_pubsub/share/ament_index/resource_index/package_run_dependencies/cpp_pubsub
[0.088s] -- Up-to-date: /home/vietdh/ros2_final/src/cpp_pubsub/install/cpp_pubsub/share/ament_index/resource_index/parent_prefix_path/cpp_pubsub
[0.089s] -- Up-to-date: /home/vietdh/ros2_final/src/cpp_pubsub/install/cpp_pubsub/share/cpp_pubsub/environment/ament_prefix_path.sh
[0.089s] -- Up-to-date: /home/vietdh/ros2_final/src/cpp_pubsub/install/cpp_pubsub/share/cpp_pubsub/environment/ament_prefix_path.dsv
[0.089s] -- Up-to-date: /home/vietdh/ros2_final/src/cpp_pubsub/install/cpp_pubsub/share/cpp_pubsub/environment/path.sh
[0.089s] -- Up-to-date: /home/vietdh/ros2_final/src/cpp_pubsub/install/cpp_pubsub/share/cpp_pubsub/environment/path.dsv
[0.089s] -- Up-to-date: /home/vietdh/ros2_final/src/cpp_pubsub/install/cpp_pubsub/share/cpp_pubsub/local_setup.bash
[0.089s] -- Up-to-date: /home/vietdh/ros2_final/src/cpp_pubsub/install/cpp_pubsub/share/cpp_pubsub/local_setup.sh
[0.089s] -- Up-to-date: /home/vietdh/ros2_final/src/cpp_pubsub/install/cpp_pubsub/share/cpp_pubsub/local_setup.zsh
[0.089s] -- Up-to-date: /home/vietdh/ros2_final/src/cpp_pubsub/install/cpp_pubsub/share/cpp_pubsub/local_setup.dsv
[0.089s] -- Installing: /home/vietdh/ros2_final/src/cpp_pubsub/install/cpp_pubsub/share/cpp_pubsub/package.dsv
[0.089s] -- Up-to-date: /home/vietdh/ros2_final/src/cpp_pubsub/install/cpp_pubsub/share/ament_index/resource_index/packages/cpp_pubsub
[0.089s] -- Up-to-date: /home/vietdh/ros2_final/src/cpp_pubsub/install/cpp_pubsub/share/cpp_pubsub/cmake/cpp_pubsubConfig.cmake
[0.089s] -- Up-to-date: /home/vietdh/ros2_final/src/cpp_pubsub/install/cpp_pubsub/share/cpp_pubsub/cmake/cpp_pubsubConfig-version.cmake
[0.089s] -- Up-to-date: /home/vietdh/ros2_final/src/cpp_pubsub/install/cpp_pubsub/share/cpp_pubsub/package.xml
[0.090s] Invoked command in '/home/vietdh/ros2_final/src/cpp_pubsub/build/cpp_pubsub' returned '0': CMAKE_PREFIX_PATH=${CMAKE_PREFIX_PATH}:/home/vietdh/ros2_final/install/examples_rclpy_minimal_subscriber:/home/vietdh/ros2_final/install/examples_rclpy_minimal_service:/home/vietdh/ros2_final/install/examples_rclpy_minimal_publisher:/home/vietdh/ros2_final/install/examples_rclpy_minimal_client:/home/vietdh/ros2_final/install/examples_rclpy_minimal_action_server:/home/vietdh/ros2_final/install/examples_rclpy_minimal_action_client:/home/vietdh/ros2_final/install/examples_rclpy_executors:/opt/ros/foxy /usr/bin/cmake --install /home/vietdh/ros2_final/src/cpp_pubsub/build/cpp_pubsub
