[3.913s] Invoking command in '/home/vietdh/ros2_final/examples/rclpy/actions/minimal_action_server': PYTHONPATH=/home/vietdh/ros2_final/install/examples_rclpy_minimal_action_server/lib/python3.8/site-packages:${PYTHONPATH} /usr/bin/python3 setup.py egg_info --egg-base ../../../../build/examples_rclpy_minimal_action_server build --build-base /home/vietdh/ros2_final/build/examples_rclpy_minimal_action_server/build install --prefix /home/vietdh/ros2_final/install/examples_rclpy_minimal_action_server --record /home/vietdh/ros2_final/build/examples_rclpy_minimal_action_server/install.log --single-version-externally-managed
[12.521s] running egg_info
[12.522s] creating ../../../../build/examples_rclpy_minimal_action_server/examples_rclpy_minimal_action_server.egg-info
[12.522s] writing ../../../../build/examples_rclpy_minimal_action_server/examples_rclpy_minimal_action_server.egg-info/PKG-INFO
[12.522s] writing dependency_links to ../../../../build/examples_rclpy_minimal_action_server/examples_rclpy_minimal_action_server.egg-info/dependency_links.txt
[12.544s] writing entry points to ../../../../build/examples_rclpy_minimal_action_server/examples_rclpy_minimal_action_server.egg-info/entry_points.txt
[12.544s] writing requirements to ../../../../build/examples_rclpy_minimal_action_server/examples_rclpy_minimal_action_server.egg-info/requires.txt
[12.545s] writing top-level names to ../../../../build/examples_rclpy_minimal_action_server/examples_rclpy_minimal_action_server.egg-info/top_level.txt
[12.545s] writing manifest file '../../../../build/examples_rclpy_minimal_action_server/examples_rclpy_minimal_action_server.egg-info/SOURCES.txt'
[12.545s] reading manifest file '../../../../build/examples_rclpy_minimal_action_server/examples_rclpy_minimal_action_server.egg-info/SOURCES.txt'
[12.545s] writing manifest file '../../../../build/examples_rclpy_minimal_action_server/examples_rclpy_minimal_action_server.egg-info/SOURCES.txt'
[12.546s] running build
[12.546s] running build_py
[12.546s] creating /home/vietdh/ros2_final/build/examples_rclpy_minimal_action_server/build
[12.546s] creating /home/vietdh/ros2_final/build/examples_rclpy_minimal_action_server/build/lib
[12.546s] creating /home/vietdh/ros2_final/build/examples_rclpy_minimal_action_server/build/lib/examples_rclpy_minimal_action_server
[12.547s] copying examples_rclpy_minimal_action_server/server_single_goal.py -> /home/vietdh/ros2_final/build/examples_rclpy_minimal_action_server/build/lib/examples_rclpy_minimal_action_server
[12.547s] copying examples_rclpy_minimal_action_server/server.py -> /home/vietdh/ros2_final/build/examples_rclpy_minimal_action_server/build/lib/examples_rclpy_minimal_action_server
[12.547s] copying examples_rclpy_minimal_action_server/server_queue_goals.py -> /home/vietdh/ros2_final/build/examples_rclpy_minimal_action_server/build/lib/examples_rclpy_minimal_action_server
[12.547s] copying examples_rclpy_minimal_action_server/server_not_composable.py -> /home/vietdh/ros2_final/build/examples_rclpy_minimal_action_server/build/lib/examples_rclpy_minimal_action_server
[12.548s] copying examples_rclpy_minimal_action_server/__init__.py -> /home/vietdh/ros2_final/build/examples_rclpy_minimal_action_server/build/lib/examples_rclpy_minimal_action_server
[12.548s] copying examples_rclpy_minimal_action_server/server_defer.py -> /home/vietdh/ros2_final/build/examples_rclpy_minimal_action_server/build/lib/examples_rclpy_minimal_action_server
[12.548s] running install
[12.548s] running install_lib
[12.549s] creating /home/vietdh/ros2_final/install/examples_rclpy_minimal_action_server/lib/python3.8/site-packages/examples_rclpy_minimal_action_server
[12.549s] copying /home/vietdh/ros2_final/build/examples_rclpy_minimal_action_server/build/lib/examples_rclpy_minimal_action_server/server_single_goal.py -> /home/vietdh/ros2_final/install/examples_rclpy_minimal_action_server/lib/python3.8/site-packages/examples_rclpy_minimal_action_server
[12.549s] copying /home/vietdh/ros2_final/build/examples_rclpy_minimal_action_server/build/lib/examples_rclpy_minimal_action_server/server.py -> /home/vietdh/ros2_final/install/examples_rclpy_minimal_action_server/lib/python3.8/site-packages/examples_rclpy_minimal_action_server
[12.549s] copying /home/vietdh/ros2_final/build/examples_rclpy_minimal_action_server/build/lib/examples_rclpy_minimal_action_server/server_queue_goals.py -> /home/vietdh/ros2_final/install/examples_rclpy_minimal_action_server/lib/python3.8/site-packages/examples_rclpy_minimal_action_server
[12.550s] copying /home/vietdh/ros2_final/build/examples_rclpy_minimal_action_server/build/lib/examples_rclpy_minimal_action_server/server_not_composable.py -> /home/vietdh/ros2_final/install/examples_rclpy_minimal_action_server/lib/python3.8/site-packages/examples_rclpy_minimal_action_server
[12.550s] copying /home/vietdh/ros2_final/build/examples_rclpy_minimal_action_server/build/lib/examples_rclpy_minimal_action_server/__init__.py -> /home/vietdh/ros2_final/install/examples_rclpy_minimal_action_server/lib/python3.8/site-packages/examples_rclpy_minimal_action_server
[12.550s] copying /home/vietdh/ros2_final/build/examples_rclpy_minimal_action_server/build/lib/examples_rclpy_minimal_action_server/server_defer.py -> /home/vietdh/ros2_final/install/examples_rclpy_minimal_action_server/lib/python3.8/site-packages/examples_rclpy_minimal_action_server
[12.550s] byte-compiling /home/vietdh/ros2_final/install/examples_rclpy_minimal_action_server/lib/python3.8/site-packages/examples_rclpy_minimal_action_server/server_single_goal.py to server_single_goal.cpython-38.pyc
[12.551s] byte-compiling /home/vietdh/ros2_final/install/examples_rclpy_minimal_action_server/lib/python3.8/site-packages/examples_rclpy_minimal_action_server/server.py to server.cpython-38.pyc
[12.551s] byte-compiling /home/vietdh/ros2_final/install/examples_rclpy_minimal_action_server/lib/python3.8/site-packages/examples_rclpy_minimal_action_server/server_queue_goals.py to server_queue_goals.cpython-38.pyc
[12.551s] byte-compiling /home/vietdh/ros2_final/install/examples_rclpy_minimal_action_server/lib/python3.8/site-packages/examples_rclpy_minimal_action_server/server_not_composable.py to server_not_composable.cpython-38.pyc
[12.551s] byte-compiling /home/vietdh/ros2_final/install/examples_rclpy_minimal_action_server/lib/python3.8/site-packages/examples_rclpy_minimal_action_server/__init__.py to __init__.cpython-38.pyc
[12.552s] byte-compiling /home/vietdh/ros2_final/install/examples_rclpy_minimal_action_server/lib/python3.8/site-packages/examples_rclpy_minimal_action_server/server_defer.py to server_defer.cpython-38.pyc
[12.552s] running install_data
[12.552s] creating /home/vietdh/ros2_final/install/examples_rclpy_minimal_action_server/share/ament_index
[12.552s] creating /home/vietdh/ros2_final/install/examples_rclpy_minimal_action_server/share/ament_index/resource_index
[12.553s] creating /home/vietdh/ros2_final/install/examples_rclpy_minimal_action_server/share/ament_index/resource_index/packages
[12.553s] copying resource/examples_rclpy_minimal_action_server -> /home/vietdh/ros2_final/install/examples_rclpy_minimal_action_server/share/ament_index/resource_index/packages
[12.553s] copying package.xml -> /home/vietdh/ros2_final/install/examples_rclpy_minimal_action_server/share/examples_rclpy_minimal_action_server
[12.553s] running install_egg_info
[12.554s] Copying ../../../../build/examples_rclpy_minimal_action_server/examples_rclpy_minimal_action_server.egg-info to /home/vietdh/ros2_final/install/examples_rclpy_minimal_action_server/lib/python3.8/site-packages/examples_rclpy_minimal_action_server-0.9.4-py3.8.egg-info
[12.579s] running install_scripts
[12.580s] Installing server script to /home/vietdh/ros2_final/install/examples_rclpy_minimal_action_server/lib/examples_rclpy_minimal_action_server
[12.580s] Installing server_defer script to /home/vietdh/ros2_final/install/examples_rclpy_minimal_action_server/lib/examples_rclpy_minimal_action_server
[12.580s] Installing server_not_composable script to /home/vietdh/ros2_final/install/examples_rclpy_minimal_action_server/lib/examples_rclpy_minimal_action_server
[12.580s] Installing server_queue_goals script to /home/vietdh/ros2_final/install/examples_rclpy_minimal_action_server/lib/examples_rclpy_minimal_action_server
[12.581s] Installing server_single_goal script to /home/vietdh/ros2_final/install/examples_rclpy_minimal_action_server/lib/examples_rclpy_minimal_action_server
[12.581s] writing list of installed files to '/home/vietdh/ros2_final/build/examples_rclpy_minimal_action_server/install.log'
[12.699s] Invoked command in '/home/vietdh/ros2_final/examples/rclpy/actions/minimal_action_server' returned '0': PYTHONPATH=/home/vietdh/ros2_final/install/examples_rclpy_minimal_action_server/lib/python3.8/site-packages:${PYTHONPATH} /usr/bin/python3 setup.py egg_info --egg-base ../../../../build/examples_rclpy_minimal_action_server build --build-base /home/vietdh/ros2_final/build/examples_rclpy_minimal_action_server/build install --prefix /home/vietdh/ros2_final/install/examples_rclpy_minimal_action_server --record /home/vietdh/ros2_final/build/examples_rclpy_minimal_action_server/install.log --single-version-externally-managed
