[0.104s] Invoking command in '/home/vietdh/ros2_final/build/dynamixel_sdk': CMAKE_PREFIX_PATH=${CMAKE_PREFIX_PATH}:/home/vietdh/ros2_final/install/examples_rclpy_minimal_subscriber:/home/vietdh/ros2_final/install/examples_rclpy_minimal_service:/home/vietdh/ros2_final/install/examples_rclpy_minimal_publisher:/home/vietdh/ros2_final/install/examples_rclpy_minimal_client:/home/vietdh/ros2_final/install/examples_rclpy_minimal_action_server:/home/vietdh/ros2_final/install/examples_rclpy_minimal_action_client:/home/vietdh/ros2_final/install/examples_rclpy_executors:/opt/ros/foxy /usr/bin/cmake --build /home/vietdh/ros2_final/build/dynamixel_sdk -- -j12 -l12
[0.583s] [100%] Built target dynamixel_sdk
[0.593s] Invoked command in '/home/vietdh/ros2_final/build/dynamixel_sdk' returned '0': CMAKE_PREFIX_PATH=${CMAKE_PREFIX_PATH}:/home/vietdh/ros2_final/install/examples_rclpy_minimal_subscriber:/home/vietdh/ros2_final/install/examples_rclpy_minimal_service:/home/vietdh/ros2_final/install/examples_rclpy_minimal_publisher:/home/vietdh/ros2_final/install/examples_rclpy_minimal_client:/home/vietdh/ros2_final/install/examples_rclpy_minimal_action_server:/home/vietdh/ros2_final/install/examples_rclpy_minimal_action_client:/home/vietdh/ros2_final/install/examples_rclpy_executors:/opt/ros/foxy /usr/bin/cmake --build /home/vietdh/ros2_final/build/dynamixel_sdk -- -j12 -l12
[0.675s] Invoking command in '/home/vietdh/ros2_final/build/dynamixel_sdk': CMAKE_PREFIX_PATH=${CMAKE_PREFIX_PATH}:/home/vietdh/ros2_final/install/examples_rclpy_minimal_subscriber:/home/vietdh/ros2_final/install/examples_rclpy_minimal_service:/home/vietdh/ros2_final/install/examples_rclpy_minimal_publisher:/home/vietdh/ros2_final/install/examples_rclpy_minimal_client:/home/vietdh/ros2_final/install/examples_rclpy_minimal_action_server:/home/vietdh/ros2_final/install/examples_rclpy_minimal_action_client:/home/vietdh/ros2_final/install/examples_rclpy_executors:/opt/ros/foxy /usr/bin/cmake --install /home/vietdh/ros2_final/build/dynamixel_sdk
[0.693s] -- Install configuration: ""
[0.697s] -- Up-to-date: /home/vietdh/ros2_final/install/dynamixel_sdk/include/
[0.697s] -- Up-to-date: /home/vietdh/ros2_final/install/dynamixel_sdk/include//dynamixel_sdk
[0.698s] -- Up-to-date: /home/vietdh/ros2_final/install/dynamixel_sdk/include//dynamixel_sdk/packet_handler.h
[0.700s] -- Up-to-date: /home/vietdh/ros2_final/install/dynamixel_sdk/include//dynamixel_sdk/port_handler_linux.h
[0.702s] -- Up-to-date: /home/vietdh/ros2_final/install/dynamixel_sdk/include//dynamixel_sdk/protocol1_packet_handler.h
[0.704s] -- Up-to-date: /home/vietdh/ros2_final/install/dynamixel_sdk/include//dynamixel_sdk/group_bulk_read.h
[0.705s] -- Up-to-date: /home/vietdh/ros2_final/install/dynamixel_sdk/include//dynamixel_sdk/port_handler_windows.h
[0.708s] -- Up-to-date: /home/vietdh/ros2_final/install/dynamixel_sdk/include//dynamixel_sdk/port_handler.h
[0.709s] -- Up-to-date: /home/vietdh/ros2_final/install/dynamixel_sdk/include//dynamixel_sdk/group_bulk_write.h
[0.713s] -- Up-to-date: /home/vietdh/ros2_final/install/dynamixel_sdk/include//dynamixel_sdk/port_handler_mac.h
[0.714s] -- Up-to-date: /home/vietdh/ros2_final/install/dynamixel_sdk/include//dynamixel_sdk/protocol2_packet_handler.h
[0.717s] -- Up-to-date: /home/vietdh/ros2_final/install/dynamixel_sdk/include//dynamixel_sdk/group_sync_read.h
[0.718s] -- Up-to-date: /home/vietdh/ros2_final/install/dynamixel_sdk/include//dynamixel_sdk/port_handler_arduino.h
[0.718s] -- Up-to-date: /home/vietdh/ros2_final/install/dynamixel_sdk/include//dynamixel_sdk/dynamixel_sdk.h
[0.719s] -- Up-to-date: /home/vietdh/ros2_final/install/dynamixel_sdk/include//dynamixel_sdk/group_sync_write.h
[0.722s] -- Up-to-date: /home/vietdh/ros2_final/install/dynamixel_sdk/lib/libdynamixel_sdk.so
[0.723s] -- Up-to-date: /home/vietdh/ros2_final/install/dynamixel_sdk/share/dynamixel_sdk/environment/library_path.sh
[0.725s] -- Up-to-date: /home/vietdh/ros2_final/install/dynamixel_sdk/share/dynamixel_sdk/environment/library_path.dsv
[0.725s] -- Up-to-date: /home/vietdh/ros2_final/install/dynamixel_sdk/share/ament_index/resource_index/package_run_dependencies/dynamixel_sdk
[0.728s] -- Up-to-date: /home/vietdh/ros2_final/install/dynamixel_sdk/share/ament_index/resource_index/parent_prefix_path/dynamixel_sdk
[0.729s] -- Up-to-date: /home/vietdh/ros2_final/install/dynamixel_sdk/share/dynamixel_sdk/environment/ament_prefix_path.sh
[0.729s] -- Up-to-date: /home/vietdh/ros2_final/install/dynamixel_sdk/share/dynamixel_sdk/environment/ament_prefix_path.dsv
[0.730s] -- Up-to-date: /home/vietdh/ros2_final/install/dynamixel_sdk/share/dynamixel_sdk/environment/path.sh
[0.731s] -- Up-to-date: /home/vietdh/ros2_final/install/dynamixel_sdk/share/dynamixel_sdk/environment/path.dsv
[0.731s] -- Up-to-date: /home/vietdh/ros2_final/install/dynamixel_sdk/share/dynamixel_sdk/local_setup.bash
[0.732s] -- Up-to-date: /home/vietdh/ros2_final/install/dynamixel_sdk/share/dynamixel_sdk/local_setup.sh
[0.732s] -- Up-to-date: /home/vietdh/ros2_final/install/dynamixel_sdk/share/dynamixel_sdk/local_setup.zsh
[0.733s] -- Up-to-date: /home/vietdh/ros2_final/install/dynamixel_sdk/share/dynamixel_sdk/local_setup.dsv
[0.735s] -- Installing: /home/vietdh/ros2_final/install/dynamixel_sdk/share/dynamixel_sdk/package.dsv
[0.735s] -- Up-to-date: /home/vietdh/ros2_final/install/dynamixel_sdk/share/ament_index/resource_index/packages/dynamixel_sdk
[0.736s] -- Up-to-date: /home/vietdh/ros2_final/install/dynamixel_sdk/share/dynamixel_sdk/cmake/ament_cmake_export_include_directories-extras.cmake
[0.737s] -- Up-to-date: /home/vietdh/ros2_final/install/dynamixel_sdk/share/dynamixel_sdk/cmake/ament_cmake_export_libraries-extras.cmake
[0.737s] -- Up-to-date: /home/vietdh/ros2_final/install/dynamixel_sdk/share/dynamixel_sdk/cmake/dynamixel_sdkConfig.cmake
[0.738s] -- Up-to-date: /home/vietdh/ros2_final/install/dynamixel_sdk/share/dynamixel_sdk/cmake/dynamixel_sdkConfig-version.cmake
[0.738s] -- Up-to-date: /home/vietdh/ros2_final/install/dynamixel_sdk/share/dynamixel_sdk/package.xml
[0.777s] Invoked command in '/home/vietdh/ros2_final/build/dynamixel_sdk' returned '0': CMAKE_PREFIX_PATH=${CMAKE_PREFIX_PATH}:/home/vietdh/ros2_final/install/examples_rclpy_minimal_subscriber:/home/vietdh/ros2_final/install/examples_rclpy_minimal_service:/home/vietdh/ros2_final/install/examples_rclpy_minimal_publisher:/home/vietdh/ros2_final/install/examples_rclpy_minimal_client:/home/vietdh/ros2_final/install/examples_rclpy_minimal_action_server:/home/vietdh/ros2_final/install/examples_rclpy_minimal_action_client:/home/vietdh/ros2_final/install/examples_rclpy_executors:/opt/ros/foxy /usr/bin/cmake --install /home/vietdh/ros2_final/build/dynamixel_sdk
