[0.032s] Invoking command in '/home/vietdh/ros2_final/build/dynamixel_sdk_examples': AMENT_PREFIX_PATH=/home/vietdh/ros2_final/install/dynamixel_sdk_custom_interfaces:/home/vietdh/ros2_final/install/dynamixel_sdk:${AMENT_PREFIX_PATH} CMAKE_PREFIX_PATH=/home/vietdh/ros2_final/install/dynamixel_sdk_custom_interfaces:/home/vietdh/ros2_final/install/dynamixel_sdk:/opt/ros/foxy LD_LIBRARY_PATH=/home/vietdh/ros2_final/install/dynamixel_sdk_custom_interfaces/lib:/home/vietdh/ros2_final/install/dynamixel_sdk/lib:${LD_LIBRARY_PATH} PYTHONPATH=/home/vietdh/ros2_final/install/dynamixel_sdk_custom_interfaces/lib/python3.8/site-packages:${PYTHONPATH} /usr/bin/cmake /home/vietdh/ros2_final/DynamixelSDK/dynamixel_sdk_examples -DCMAKE_INSTALL_PREFIX=/home/vietdh/ros2_final/install/dynamixel_sdk_examples
[0.168s] -- The C compiler identification is GNU 9.4.0
[0.312s] -- The CXX compiler identification is GNU 9.4.0
[0.325s] -- Check for working C compiler: /usr/bin/cc
[0.475s] -- Check for working C compiler: /usr/bin/cc -- works
[0.478s] -- Detecting C compiler ABI info
[0.621s] -- Detecting C compiler ABI info - done
[0.656s] -- Detecting C compile features
[0.657s] -- Detecting C compile features - done
[0.667s] -- Check for working CXX compiler: /usr/bin/c++
[0.846s] -- Check for working CXX compiler: /usr/bin/c++ -- works
[0.849s] -- Detecting CXX compiler ABI info
[1.014s] -- Detecting CXX compiler ABI info - done
[1.052s] -- Detecting CXX compile features
[1.055s] -- Detecting CXX compile features - done
[1.059s] -- Found ament_cmake: 0.9.11 (/opt/ros/foxy/share/ament_cmake/cmake)
[1.118s] -- Found PythonInterp: /usr/bin/python3 (found suitable version "3.8.10", minimum required is "3") 
[1.118s] -- Using PYTHON_EXECUTABLE: /usr/bin/python3
[1.572s] -- Found rclcpp: 2.4.2 (/opt/ros/foxy/share/rclcpp/cmake)
[1.632s] -- Using all available rosidl_typesupport_c: rosidl_typesupport_fastrtps_c;rosidl_typesupport_introspection_c
[1.641s] -- Found rosidl_adapter: 1.3.0 (/opt/ros/foxy/share/rosidl_adapter/cmake)
[1.735s] -- Found OpenSSL: /usr/lib/x86_64-linux-gnu/libcrypto.so (found version "1.1.1f")  
[1.778s] -- Found FastRTPS: /opt/ros/foxy/include  
[1.904s] -- Using all available rosidl_typesupport_cpp: rosidl_typesupport_fastrtps_cpp;rosidl_typesupport_introspection_cpp
[1.997s] -- Found rmw_implementation_cmake: 1.0.3 (/opt/ros/foxy/share/rmw_implementation_cmake/cmake)
[1.999s] -- Using RMW implementation 'rmw_fastrtps_cpp' as default
[2.001s] -- Looking for pthread.h
[2.102s] -- Looking for pthread.h - found
[2.102s] -- Performing Test CMAKE_HAVE_LIBC_PTHREAD
[2.208s] -- Performing Test CMAKE_HAVE_LIBC_PTHREAD - Failed
[2.209s] -- Looking for pthread_create in pthreads
[2.293s] -- Looking for pthread_create in pthreads - not found
[2.294s] -- Looking for pthread_create in pthread
[2.395s] -- Looking for pthread_create in pthread - found
[2.398s] -- Found Threads: TRUE  
[2.660s] -- Found dynamixel_sdk: 3.7.40 (/home/vietdh/ros2_final/install/dynamixel_sdk/share/dynamixel_sdk/cmake)
[2.662s] -- Found dynamixel_sdk_custom_interfaces: 3.7.40 (/home/vietdh/ros2_final/install/dynamixel_sdk_custom_interfaces/share/dynamixel_sdk_custom_interfaces/cmake)
[2.694s] -- Found ament_lint_auto: 0.9.7 (/opt/ros/foxy/share/ament_lint_auto/cmake)
[2.807s] -- Added test 'copyright' to check source files copyright and LICENSE
[2.808s] -- Added test 'cppcheck' to perform static code analysis on C / C++ code
[2.808s] -- Configured cppcheck include dirs: /home/vietdh/ros2_final/DynamixelSDK/dynamixel_sdk_examples/include
[2.809s] -- Configured cppcheck exclude dirs and/or files: 
[2.809s] -- Added test 'cpplint' to check C / C++ code against the Google style
[2.810s] -- Configured cpplint exclude dirs and/or files: 
[2.810s] -- Added test 'lint_cmake' to check CMake code style
[2.812s] -- Added test 'uncrustify' to check C / C++ code style
[2.812s] -- Configured uncrustify additional arguments: 
[2.812s] -- Added test 'xmllint' to check XML markup files
[2.816s] -- Configuring done
[2.828s] -- Generating done
[2.830s] -- Build files have been written to: /home/vietdh/ros2_final/build/dynamixel_sdk_examples
[2.841s] Invoked command in '/home/vietdh/ros2_final/build/dynamixel_sdk_examples' returned '0': AMENT_PREFIX_PATH=/home/vietdh/ros2_final/install/dynamixel_sdk_custom_interfaces:/home/vietdh/ros2_final/install/dynamixel_sdk:${AMENT_PREFIX_PATH} CMAKE_PREFIX_PATH=/home/vietdh/ros2_final/install/dynamixel_sdk_custom_interfaces:/home/vietdh/ros2_final/install/dynamixel_sdk:/opt/ros/foxy LD_LIBRARY_PATH=/home/vietdh/ros2_final/install/dynamixel_sdk_custom_interfaces/lib:/home/vietdh/ros2_final/install/dynamixel_sdk/lib:${LD_LIBRARY_PATH} PYTHONPATH=/home/vietdh/ros2_final/install/dynamixel_sdk_custom_interfaces/lib/python3.8/site-packages:${PYTHONPATH} /usr/bin/cmake /home/vietdh/ros2_final/DynamixelSDK/dynamixel_sdk_examples -DCMAKE_INSTALL_PREFIX=/home/vietdh/ros2_final/install/dynamixel_sdk_examples
[2.846s] Invoking command in '/home/vietdh/ros2_final/build/dynamixel_sdk_examples': AMENT_PREFIX_PATH=/home/vietdh/ros2_final/install/dynamixel_sdk_custom_interfaces:/home/vietdh/ros2_final/install/dynamixel_sdk:${AMENT_PREFIX_PATH} CMAKE_PREFIX_PATH=/home/vietdh/ros2_final/install/dynamixel_sdk_custom_interfaces:/home/vietdh/ros2_final/install/dynamixel_sdk:/opt/ros/foxy LD_LIBRARY_PATH=/home/vietdh/ros2_final/install/dynamixel_sdk_custom_interfaces/lib:/home/vietdh/ros2_final/install/dynamixel_sdk/lib:${LD_LIBRARY_PATH} PYTHONPATH=/home/vietdh/ros2_final/install/dynamixel_sdk_custom_interfaces/lib/python3.8/site-packages:${PYTHONPATH} /usr/bin/cmake --build /home/vietdh/ros2_final/build/dynamixel_sdk_examples -- -j12 -l12
[2.902s] [35m[1mScanning dependencies of target read_write_node[0m
[2.957s] [ 50%] [32mBuilding CXX object CMakeFiles/read_write_node.dir/src/read_write_node.cpp.o[0m
[8.298s] [100%] [32m[1mLinking CXX executable read_write_node[0m
[8.467s] [100%] Built target read_write_node
[8.483s] Invoked command in '/home/vietdh/ros2_final/build/dynamixel_sdk_examples' returned '0': AMENT_PREFIX_PATH=/home/vietdh/ros2_final/install/dynamixel_sdk_custom_interfaces:/home/vietdh/ros2_final/install/dynamixel_sdk:${AMENT_PREFIX_PATH} CMAKE_PREFIX_PATH=/home/vietdh/ros2_final/install/dynamixel_sdk_custom_interfaces:/home/vietdh/ros2_final/install/dynamixel_sdk:/opt/ros/foxy LD_LIBRARY_PATH=/home/vietdh/ros2_final/install/dynamixel_sdk_custom_interfaces/lib:/home/vietdh/ros2_final/install/dynamixel_sdk/lib:${LD_LIBRARY_PATH} PYTHONPATH=/home/vietdh/ros2_final/install/dynamixel_sdk_custom_interfaces/lib/python3.8/site-packages:${PYTHONPATH} /usr/bin/cmake --build /home/vietdh/ros2_final/build/dynamixel_sdk_examples -- -j12 -l12
[8.536s] Invoking command in '/home/vietdh/ros2_final/build/dynamixel_sdk_examples': AMENT_PREFIX_PATH=/home/vietdh/ros2_final/install/dynamixel_sdk_custom_interfaces:/home/vietdh/ros2_final/install/dynamixel_sdk:${AMENT_PREFIX_PATH} CMAKE_PREFIX_PATH=/home/vietdh/ros2_final/install/dynamixel_sdk_custom_interfaces:/home/vietdh/ros2_final/install/dynamixel_sdk:/opt/ros/foxy LD_LIBRARY_PATH=/home/vietdh/ros2_final/install/dynamixel_sdk_custom_interfaces/lib:/home/vietdh/ros2_final/install/dynamixel_sdk/lib:${LD_LIBRARY_PATH} PYTHONPATH=/home/vietdh/ros2_final/install/dynamixel_sdk_custom_interfaces/lib/python3.8/site-packages:${PYTHONPATH} /usr/bin/cmake --install /home/vietdh/ros2_final/build/dynamixel_sdk_examples
[8.554s] -- Install configuration: ""
[8.555s] -- Installing: /home/vietdh/ros2_final/install/dynamixel_sdk_examples/lib/dynamixel_sdk_examples/read_write_node
[8.559s] -- Set runtime path of "/home/vietdh/ros2_final/install/dynamixel_sdk_examples/lib/dynamixel_sdk_examples/read_write_node" to ""
[8.559s] -- Installing: /home/vietdh/ros2_final/install/dynamixel_sdk_examples/share/ament_index/resource_index/package_run_dependencies/dynamixel_sdk_examples
[8.559s] -- Installing: /home/vietdh/ros2_final/install/dynamixel_sdk_examples/share/ament_index/resource_index/parent_prefix_path/dynamixel_sdk_examples
[8.560s] -- Installing: /home/vietdh/ros2_final/install/dynamixel_sdk_examples/share/dynamixel_sdk_examples/environment/ament_prefix_path.sh
[8.560s] -- Installing: /home/vietdh/ros2_final/install/dynamixel_sdk_examples/share/dynamixel_sdk_examples/environment/ament_prefix_path.dsv
[8.560s] -- Installing: /home/vietdh/ros2_final/install/dynamixel_sdk_examples/share/dynamixel_sdk_examples/environment/path.sh
[8.561s] -- Installing: /home/vietdh/ros2_final/install/dynamixel_sdk_examples/share/dynamixel_sdk_examples/environment/path.dsv
[8.561s] -- Installing: /home/vietdh/ros2_final/install/dynamixel_sdk_examples/share/dynamixel_sdk_examples/local_setup.bash
[8.561s] -- Installing: /home/vietdh/ros2_final/install/dynamixel_sdk_examples/share/dynamixel_sdk_examples/local_setup.sh
[8.561s] -- Installing: /home/vietdh/ros2_final/install/dynamixel_sdk_examples/share/dynamixel_sdk_examples/local_setup.zsh
[8.561s] -- Installing: /home/vietdh/ros2_final/install/dynamixel_sdk_examples/share/dynamixel_sdk_examples/local_setup.dsv
[8.561s] -- Installing: /home/vietdh/ros2_final/install/dynamixel_sdk_examples/share/dynamixel_sdk_examples/package.dsv
[8.562s] -- Installing: /home/vietdh/ros2_final/install/dynamixel_sdk_examples/share/ament_index/resource_index/packages/dynamixel_sdk_examples
[8.562s] -- Installing: /home/vietdh/ros2_final/install/dynamixel_sdk_examples/share/dynamixel_sdk_examples/cmake/dynamixel_sdk_examplesConfig.cmake
[8.562s] -- Installing: /home/vietdh/ros2_final/install/dynamixel_sdk_examples/share/dynamixel_sdk_examples/cmake/dynamixel_sdk_examplesConfig-version.cmake
[8.562s] -- Installing: /home/vietdh/ros2_final/install/dynamixel_sdk_examples/share/dynamixel_sdk_examples/package.xml
[8.569s] Invoked command in '/home/vietdh/ros2_final/build/dynamixel_sdk_examples' returned '0': AMENT_PREFIX_PATH=/home/vietdh/ros2_final/install/dynamixel_sdk_custom_interfaces:/home/vietdh/ros2_final/install/dynamixel_sdk:${AMENT_PREFIX_PATH} CMAKE_PREFIX_PATH=/home/vietdh/ros2_final/install/dynamixel_sdk_custom_interfaces:/home/vietdh/ros2_final/install/dynamixel_sdk:/opt/ros/foxy LD_LIBRARY_PATH=/home/vietdh/ros2_final/install/dynamixel_sdk_custom_interfaces/lib:/home/vietdh/ros2_final/install/dynamixel_sdk/lib:${LD_LIBRARY_PATH} PYTHONPATH=/home/vietdh/ros2_final/install/dynamixel_sdk_custom_interfaces/lib/python3.8/site-packages:${PYTHONPATH} /usr/bin/cmake --install /home/vietdh/ros2_final/build/dynamixel_sdk_examples
