[2.265s] Invoking command in '/home/vietdh/ros2_final/examples/rclpy/actions/minimal_action_client': PYTHONPATH=/home/vietdh/ros2_final/install/examples_rclpy_minimal_action_client/lib/python3.8/site-packages:${PYTHONPATH} /usr/bin/python3 setup.py egg_info --egg-base ../../../../build/examples_rclpy_minimal_action_client build --build-base /home/vietdh/ros2_final/build/examples_rclpy_minimal_action_client/build install --prefix /home/vietdh/ros2_final/install/examples_rclpy_minimal_action_client --record /home/vietdh/ros2_final/build/examples_rclpy_minimal_action_client/install.log --single-version-externally-managed
[2.689s] running egg_info
[2.689s] writing ../../../../build/examples_rclpy_minimal_action_client/examples_rclpy_minimal_action_client.egg-info/PKG-INFO
[2.690s] writing dependency_links to ../../../../build/examples_rclpy_minimal_action_client/examples_rclpy_minimal_action_client.egg-info/dependency_links.txt
[2.690s] writing entry points to ../../../../build/examples_rclpy_minimal_action_client/examples_rclpy_minimal_action_client.egg-info/entry_points.txt
[2.690s] writing requirements to ../../../../build/examples_rclpy_minimal_action_client/examples_rclpy_minimal_action_client.egg-info/requires.txt
[2.690s] writing top-level names to ../../../../build/examples_rclpy_minimal_action_client/examples_rclpy_minimal_action_client.egg-info/top_level.txt
[2.789s] reading manifest file '../../../../build/examples_rclpy_minimal_action_client/examples_rclpy_minimal_action_client.egg-info/SOURCES.txt'
[2.792s] writing manifest file '../../../../build/examples_rclpy_minimal_action_client/examples_rclpy_minimal_action_client.egg-info/SOURCES.txt'
[2.792s] running build
[2.792s] running build_py
[2.793s] running install
[2.795s] running install_lib
[2.799s] running install_data
[2.800s] running install_egg_info
[2.804s] removing '/home/vietdh/ros2_final/install/examples_rclpy_minimal_action_client/lib/python3.8/site-packages/examples_rclpy_minimal_action_client-0.9.4-py3.8.egg-info' (and everything under it)
[2.805s] Copying ../../../../build/examples_rclpy_minimal_action_client/examples_rclpy_minimal_action_client.egg-info to /home/vietdh/ros2_final/install/examples_rclpy_minimal_action_client/lib/python3.8/site-packages/examples_rclpy_minimal_action_client-0.9.4-py3.8.egg-info
[2.807s] running install_scripts
[2.858s] Installing client script to /home/vietdh/ros2_final/install/examples_rclpy_minimal_action_client/lib/examples_rclpy_minimal_action_client
[2.859s] Installing client_cancel script to /home/vietdh/ros2_final/install/examples_rclpy_minimal_action_client/lib/examples_rclpy_minimal_action_client
[2.859s] Installing client_not_composable script to /home/vietdh/ros2_final/install/examples_rclpy_minimal_action_client/lib/examples_rclpy_minimal_action_client
[2.859s] writing list of installed files to '/home/vietdh/ros2_final/build/examples_rclpy_minimal_action_client/install.log'
[2.918s] Invoked command in '/home/vietdh/ros2_final/examples/rclpy/actions/minimal_action_client' returned '0': PYTHONPATH=/home/vietdh/ros2_final/install/examples_rclpy_minimal_action_client/lib/python3.8/site-packages:${PYTHONPATH} /usr/bin/python3 setup.py egg_info --egg-base ../../../../build/examples_rclpy_minimal_action_client build --build-base /home/vietdh/ros2_final/build/examples_rclpy_minimal_action_client/build install --prefix /home/vietdh/ros2_final/install/examples_rclpy_minimal_action_client --record /home/vietdh/ros2_final/build/examples_rclpy_minimal_action_client/install.log --single-version-externally-managed
